{"/Users/radoszszymon/Desktop/projects/emamy/app/Alert/Alert.tsx": {"path":"/Users/radoszszymon/Desktop/projects/emamy/app/Alert/Alert.tsx","statementMap":{"0":{"start":{"line":1,"column":0},"end":{"line":1,"column":51}},"1":{"start":{"line":2,"column":0},"end":{"line":2,"column":69}},"2":{"start":{"line":3,"column":0},"end":{"line":3,"column":29}},"3":{"start":{"line":4,"column":19},"end":{"line":4,"column":63}},"4":{"start":{"line":6,"column":14},"end":{"line":44,"column":1}},"5":{"start":{"line":7,"column":36},"end":{"line":7,"column":50}},"6":{"start":{"line":8,"column":32},"end":{"line":8,"column":44}},"7":{"start":{"line":10,"column":2},"end":{"line":15,"column":27}},"8":{"start":{"line":12,"column":6},"end":{"line":12,"column":25}},"9":{"start":{"line":13,"column":6},"end":{"line":13,"column":37}},"10":{"start":{"line":18,"column":4},"end":{"line":40,"column":6}},"11":{"start":{"line":42,"column":4},"end":{"line":42,"column":20}},"12":{"start":{"line":45,"column":0},"end":{"line":45,"column":21}}},"fnMap":{"0":{"name":"(anonymous_2)","decl":{"start":{"line":6,"column":14},"end":{"line":6,"column":15}},"loc":{"start":{"line":6,"column":29},"end":{"line":44,"column":1}}},"1":{"name":"(anonymous_3)","decl":{"start":{"line":10,"column":12},"end":{"line":10,"column":15}},"loc":{"start":{"line":10,"column":17},"end":{"line":15,"column":3}}}},"branchMap":{"0":{"loc":{"start":{"line":24,"column":16},"end":{"line":24,"column":39}},"type":"cond-expr","locations":[{"start":{"line":24,"column":16},"end":{"line":24,"column":39}},{"start":{"line":25,"column":16},"end":{"line":27,"column":20}}]},"1":{"loc":{"start":{"line":26,"column":16},"end":{"line":26,"column":38}},"type":"cond-expr","locations":[{"start":{"line":26,"column":16},"end":{"line":26,"column":38}},{"start":{"line":27,"column":16},"end":{"line":27,"column":20}}]}},"s":{"0":1,"1":1,"2":1,"3":1,"4":1,"5":0,"6":0,"7":0,"8":0,"9":0,"10":0,"11":0,"12":1},"f":{"0":0,"1":0},"b":{"0":[0,0],"1":[0,0]}}
,"/Users/radoszszymon/Desktop/projects/emamy/app/Alert/style.tsx": {"path":"/Users/radoszszymon/Desktop/projects/emamy/app/Alert/style.tsx","statementMap":{"0":{"start":{"line":1,"column":0},"end":{"line":1,"column":64}},"1":{"start":{"line":2,"column":0},"end":{"line":2,"column":42}},"2":{"start":{"line":3,"column":0},"end":{"line":3,"column":57}},"3":{"start":{"line":5,"column":18},"end":{"line":5,"column":48}},"4":{"start":{"line":16,"column":0},"end":{"line":62,"column":3}}},"fnMap":{},"branchMap":{},"s":{"0":1,"1":1,"2":1,"3":1,"4":1},"f":{},"b":{}}
,"/Users/radoszszymon/Desktop/projects/emamy/app/assets/global/globalStyles.tsx": {"path":"/Users/radoszszymon/Desktop/projects/emamy/app/assets/global/globalStyles.tsx","statementMap":{"0":{"start":{"line":1,"column":0},"end":{"line":1,"column":42}},"1":{"start":{"line":2,"column":18},"end":{"line":2,"column":48}},"2":{"start":{"line":3,"column":19},"end":{"line":3,"column":50}},"3":{"start":{"line":4,"column":13},"end":{"line":4,"column":36}},"4":{"start":{"line":5,"column":13},"end":{"line":5,"column":39}},"5":{"start":{"line":6,"column":13},"end":{"line":6,"column":35}},"6":{"start":{"line":7,"column":13},"end":{"line":7,"column":30}},"7":{"start":{"line":8,"column":13},"end":{"line":8,"column":33}},"8":{"start":{"line":9,"column":13},"end":{"line":9,"column":32}},"9":{"start":{"line":10,"column":13},"end":{"line":19,"column":2}},"10":{"start":{"line":20,"column":13},"end":{"line":35,"column":2}},"11":{"start":{"line":36,"column":13},"end":{"line":45,"column":2}},"12":{"start":{"line":46,"column":13},"end":{"line":55,"column":2}},"13":{"start":{"line":56,"column":13},"end":{"line":65,"column":2}},"14":{"start":{"line":66,"column":13},"end":{"line":75,"column":2}},"15":{"start":{"line":77,"column":13},"end":{"line":88,"column":2}},"16":{"start":{"line":89,"column":13},"end":{"line":97,"column":2}},"17":{"start":{"line":98,"column":13},"end":{"line":101,"column":2}},"18":{"start":{"line":102,"column":13},"end":{"line":107,"column":2}},"19":{"start":{"line":108,"column":13},"end":{"line":113,"column":2}},"20":{"start":{"line":114,"column":13},"end":{"line":119,"column":2}},"21":{"start":{"line":121,"column":13},"end":{"line":126,"column":2}},"22":{"start":{"line":127,"column":13},"end":{"line":138,"column":2}},"23":{"start":{"line":139,"column":13},"end":{"line":151,"column":2}},"24":{"start":{"line":152,"column":13},"end":{"line":159,"column":2}},"25":{"start":{"line":160,"column":13},"end":{"line":165,"column":2}},"26":{"start":{"line":166,"column":13},"end":{"line":172,"column":2}},"27":{"start":{"line":173,"column":13},"end":{"line":176,"column":2}},"28":{"start":{"line":179,"column":13},"end":{"line":183,"column":2}},"29":{"start":{"line":184,"column":13},"end":{"line":191,"column":2}},"30":{"start":{"line":192,"column":13},"end":{"line":198,"column":2}},"31":{"start":{"line":199,"column":13},"end":{"line":205,"column":2}},"32":{"start":{"line":206,"column":13},"end":{"line":214,"column":2}},"33":{"start":{"line":215,"column":13},"end":{"line":221,"column":2}},"34":{"start":{"line":222,"column":13},"end":{"line":227,"column":2}},"35":{"start":{"line":230,"column":13},"end":{"line":233,"column":2}},"36":{"start":{"line":234,"column":13},"end":{"line":241,"column":2}},"37":{"start":{"line":242,"column":13},"end":{"line":245,"column":2}},"38":{"start":{"line":246,"column":13},"end":{"line":252,"column":2}},"39":{"start":{"line":253,"column":13},"end":{"line":259,"column":2}},"40":{"start":{"line":260,"column":13},"end":{"line":264,"column":2}},"41":{"start":{"line":265,"column":13},"end":{"line":269,"column":2}},"42":{"start":{"line":270,"column":13},"end":{"line":278,"column":2}},"43":{"start":{"line":279,"column":13},"end":{"line":287,"column":2}},"44":{"start":{"line":288,"column":13},"end":{"line":293,"column":2}},"45":{"start":{"line":294,"column":13},"end":{"line":298,"column":2}},"46":{"start":{"line":299,"column":13},"end":{"line":299,"column":47}},"47":{"start":{"line":300,"column":13},"end":{"line":305,"column":2}},"48":{"start":{"line":306,"column":13},"end":{"line":311,"column":2}},"49":{"start":{"line":312,"column":13},"end":{"line":317,"column":2}},"50":{"start":{"line":318,"column":13},"end":{"line":325,"column":2}}},"fnMap":{},"branchMap":{},"s":{"0":6,"1":6,"2":6,"3":6,"4":6,"5":6,"6":6,"7":6,"8":6,"9":6,"10":6,"11":6,"12":6,"13":6,"14":6,"15":6,"16":6,"17":6,"18":6,"19":6,"20":6,"21":6,"22":6,"23":6,"24":6,"25":6,"26":6,"27":6,"28":6,"29":6,"30":6,"31":6,"32":6,"33":6,"34":6,"35":6,"36":6,"37":6,"38":6,"39":6,"40":6,"41":6,"42":6,"43":6,"44":6,"45":6,"46":6,"47":6,"48":6,"49":6,"50":6},"f":{},"b":{}}
,"/Users/radoszszymon/Desktop/projects/emamy/app/assets/images/auctionsBgMin.jpg": {"path":"/Users/radoszszymon/Desktop/projects/emamy/app/assets/images/auctionsBgMin.jpg","statementMap":{"0":{"start":{"line":1,"column":0},"end":{"line":4,"column":6}}},"fnMap":{},"branchMap":{},"s":{"0":1},"f":{},"b":{},"_coverageSchema":"43e27e138ebf9cfc5966b082cf9a028302ed4184","hash":"984b0e0729136e7bde4a3a58c4b91c6c1083606b"}
,"/Users/radoszszymon/Desktop/projects/emamy/app/assets/images/backIcon.png": {"path":"/Users/radoszszymon/Desktop/projects/emamy/app/assets/images/backIcon.png","statementMap":{"0":{"start":{"line":1,"column":0},"end":{"line":4,"column":6}}},"fnMap":{},"branchMap":{},"s":{"0":1},"f":{},"b":{},"_coverageSchema":"43e27e138ebf9cfc5966b082cf9a028302ed4184","hash":"c312b222d6a26c8fb0ed4d5f093f443fcdc05f26"}
,"/Users/radoszszymon/Desktop/projects/emamy/app/assets/images/closeWhite.png": {"path":"/Users/radoszszymon/Desktop/projects/emamy/app/assets/images/closeWhite.png","statementMap":{"0":{"start":{"line":1,"column":0},"end":{"line":4,"column":6}}},"fnMap":{},"branchMap":{},"s":{"0":1},"f":{},"b":{},"_coverageSchema":"43e27e138ebf9cfc5966b082cf9a028302ed4184","hash":"86883b77882c73ad30099bb457a7e7c8cb22018e"}
,"/Users/radoszszymon/Desktop/projects/emamy/app/assets/images/dot.png": {"path":"/Users/radoszszymon/Desktop/projects/emamy/app/assets/images/dot.png","statementMap":{"0":{"start":{"line":1,"column":0},"end":{"line":4,"column":6}}},"fnMap":{},"branchMap":{},"s":{"0":1},"f":{},"b":{},"_coverageSchema":"43e27e138ebf9cfc5966b082cf9a028302ed4184","hash":"fd3a93bd47ece61782cf54b78e49296a92366221"}
,"/Users/radoszszymon/Desktop/projects/emamy/app/assets/images/feedback.png": {"path":"/Users/radoszszymon/Desktop/projects/emamy/app/assets/images/feedback.png","statementMap":{"0":{"start":{"line":1,"column":0},"end":{"line":4,"column":6}}},"fnMap":{},"branchMap":{},"s":{"0":1},"f":{},"b":{},"_coverageSchema":"43e27e138ebf9cfc5966b082cf9a028302ed4184","hash":"039b36811ccbfb5d938763702b0238afa248da73"}
,"/Users/radoszszymon/Desktop/projects/emamy/app/assets/images/findUsersBgMin.jpg": {"path":"/Users/radoszszymon/Desktop/projects/emamy/app/assets/images/findUsersBgMin.jpg","statementMap":{"0":{"start":{"line":1,"column":0},"end":{"line":4,"column":6}}},"fnMap":{},"branchMap":{},"s":{"0":1},"f":{},"b":{},"_coverageSchema":"43e27e138ebf9cfc5966b082cf9a028302ed4184","hash":"fe4a3fbdede2bf631c738426c048996771fbfcdf"}
,"/Users/radoszszymon/Desktop/projects/emamy/app/assets/images/forum.png": {"path":"/Users/radoszszymon/Desktop/projects/emamy/app/assets/images/forum.png","statementMap":{"0":{"start":{"line":1,"column":0},"end":{"line":4,"column":6}}},"fnMap":{},"branchMap":{},"s":{"0":1},"f":{},"b":{},"_coverageSchema":"43e27e138ebf9cfc5966b082cf9a028302ed4184","hash":"594d577204513daf8d19e5287c9bb537713af44d"}
,"/Users/radoszszymon/Desktop/projects/emamy/app/assets/images/forumBgMin.jpg": {"path":"/Users/radoszszymon/Desktop/projects/emamy/app/assets/images/forumBgMin.jpg","statementMap":{"0":{"start":{"line":1,"column":0},"end":{"line":4,"column":6}}},"fnMap":{},"branchMap":{},"s":{"0":1},"f":{},"b":{},"_coverageSchema":"43e27e138ebf9cfc5966b082cf9a028302ed4184","hash":"08c1d103829cf461036a492535dc5a100ab47cb8"}
,"/Users/radoszszymon/Desktop/projects/emamy/app/assets/images/like.png": {"path":"/Users/radoszszymon/Desktop/projects/emamy/app/assets/images/like.png","statementMap":{"0":{"start":{"line":1,"column":0},"end":{"line":4,"column":6}}},"fnMap":{},"branchMap":{},"s":{"0":1},"f":{},"b":{},"_coverageSchema":"43e27e138ebf9cfc5966b082cf9a028302ed4184","hash":"62f731c05328a3ebddbc6cf84680656dd5100d38"}
,"/Users/radoszszymon/Desktop/projects/emamy/app/assets/images/loader.gif": {"path":"/Users/radoszszymon/Desktop/projects/emamy/app/assets/images/loader.gif","statementMap":{"0":{"start":{"line":1,"column":0},"end":{"line":4,"column":6}}},"fnMap":{},"branchMap":{},"s":{"0":2},"f":{},"b":{},"_coverageSchema":"43e27e138ebf9cfc5966b082cf9a028302ed4184","hash":"3502c27e7112efe0218f8fc78cb8ec0181774d18"}
,"/Users/radoszszymon/Desktop/projects/emamy/app/assets/images/message.png": {"path":"/Users/radoszszymon/Desktop/projects/emamy/app/assets/images/message.png","statementMap":{"0":{"start":{"line":1,"column":0},"end":{"line":4,"column":6}}},"fnMap":{},"branchMap":{},"s":{"0":1},"f":{},"b":{},"_coverageSchema":"43e27e138ebf9cfc5966b082cf9a028302ed4184","hash":"7caf232019c2e4e30b5178b26fd019c76a9b9f0e"}
,"/Users/radoszszymon/Desktop/projects/emamy/app/assets/images/messagesBgMin.jpg": {"path":"/Users/radoszszymon/Desktop/projects/emamy/app/assets/images/messagesBgMin.jpg","statementMap":{"0":{"start":{"line":1,"column":0},"end":{"line":4,"column":6}}},"fnMap":{},"branchMap":{},"s":{"0":1},"f":{},"b":{},"_coverageSchema":"43e27e138ebf9cfc5966b082cf9a028302ed4184","hash":"b883c38a39d48fd1b3ceefe166165eccb9e6c7cf"}
,"/Users/radoszszymon/Desktop/projects/emamy/app/assets/images/network.png": {"path":"/Users/radoszszymon/Desktop/projects/emamy/app/assets/images/network.png","statementMap":{"0":{"start":{"line":1,"column":0},"end":{"line":4,"column":6}}},"fnMap":{},"branchMap":{},"s":{"0":1},"f":{},"b":{},"_coverageSchema":"43e27e138ebf9cfc5966b082cf9a028302ed4184","hash":"396a910906ed5c427453026685000dd89ba0ac93"}
,"/Users/radoszszymon/Desktop/projects/emamy/app/assets/images/profile.png": {"path":"/Users/radoszszymon/Desktop/projects/emamy/app/assets/images/profile.png","statementMap":{"0":{"start":{"line":1,"column":0},"end":{"line":4,"column":6}}},"fnMap":{},"branchMap":{},"s":{"0":1},"f":{},"b":{},"_coverageSchema":"43e27e138ebf9cfc5966b082cf9a028302ed4184","hash":"aa1884eeb93b3c748ab16f46e340a13ba5078ed3"}
,"/Users/radoszszymon/Desktop/projects/emamy/app/assets/images/sell.png": {"path":"/Users/radoszszymon/Desktop/projects/emamy/app/assets/images/sell.png","statementMap":{"0":{"start":{"line":1,"column":0},"end":{"line":4,"column":6}}},"fnMap":{},"branchMap":{},"s":{"0":1},"f":{},"b":{},"_coverageSchema":"43e27e138ebf9cfc5966b082cf9a028302ed4184","hash":"1f6d5d62c94a58434691a83cff37cc561d15af83"}
,"/Users/radoszszymon/Desktop/projects/emamy/app/components/Context/GlobalContext.tsx": {"path":"/Users/radoszszymon/Desktop/projects/emamy/app/components/Context/GlobalContext.tsx","statementMap":{"0":{"start":{"line":1,"column":0},"end":{"line":1,"column":26}},"1":{"start":{"line":3,"column":13},"end":{"line":26,"column":3}}},"fnMap":{"0":{"name":"(anonymous_1)","decl":{"start":{"line":9,"column":15},"end":{"line":9,"column":16}},"loc":{"start":{"line":9,"column":34},"end":{"line":9,"column":37}}},"1":{"name":"(anonymous_2)","decl":{"start":{"line":10,"column":12},"end":{"line":10,"column":null}},"loc":{"start":{"line":14,"column":11},"end":{"line":14,"column":14}}},"2":{"name":"(anonymous_3)","decl":{"start":{"line":15,"column":14},"end":{"line":15,"column":22}},"loc":{"start":{"line":15,"column":24},"end":{"line":15,"column":27}}},"3":{"name":"(anonymous_4)","decl":{"start":{"line":16,"column":17},"end":{"line":16,"column":25}},"loc":{"start":{"line":16,"column":27},"end":{"line":16,"column":30}}},"4":{"name":"(anonymous_5)","decl":{"start":{"line":18,"column":17},"end":{"line":18,"column":18}},"loc":{"start":{"line":18,"column":41},"end":{"line":18,"column":44}}},"5":{"name":"(anonymous_6)","decl":{"start":{"line":19,"column":21},"end":{"line":19,"column":29}},"loc":{"start":{"line":19,"column":31},"end":{"line":19,"column":34}}},"6":{"name":"(anonymous_7)","decl":{"start":{"line":21,"column":29},"end":{"line":21,"column":null}},"loc":{"start":{"line":24,"column":11},"end":{"line":24,"column":14}}},"7":{"name":"(anonymous_8)","decl":{"start":{"line":25,"column":32},"end":{"line":25,"column":33}},"loc":{"start":{"line":25,"column":56},"end":{"line":25,"column":59}}}},"branchMap":{},"s":{"0":6,"1":6},"f":{"0":0,"1":0,"2":0,"3":0,"4":0,"5":0,"6":0,"7":0},"b":{}}
,"/Users/radoszszymon/Desktop/projects/emamy/app/components/LoggedInScreens/LoggedInMain.tsx": {"path":"/Users/radoszszymon/Desktop/projects/emamy/app/components/LoggedInScreens/LoggedInMain.tsx","statementMap":{"0":{"start":{"line":1,"column":0},"end":{"line":1,"column":41}},"1":{"start":{"line":2,"column":0},"end":{"line":2,"column":null}},"2":{"start":{"line":9,"column":0},"end":{"line":9,"column":29}},"3":{"start":{"line":10,"column":0},"end":{"line":10,"column":54}},"4":{"start":{"line":11,"column":0},"end":{"line":11,"column":57}},"5":{"start":{"line":12,"column":0},"end":{"line":12,"column":26}},"6":{"start":{"line":13,"column":0},"end":{"line":13,"column":59}},"7":{"start":{"line":14,"column":0},"end":{"line":14,"column":40}},"8":{"start":{"line":15,"column":22},"end":{"line":15,"column":67}},"9":{"start":{"line":41,"column":4},"end":{"line":41,"column":17}},"10":{"start":{"line":77,"column":2},"end":{"line":83,"column":4}},"11":{"start":{"line":78,"column":22},"end":{"line":80,"column":6}},"12":{"start":{"line":79,"column":6},"end":{"line":79,"column":33}},"13":{"start":{"line":82,"column":4},"end":{"line":82,"column":53}},"14":{"start":{"line":85,"column":2},"end":{"line":87,"column":4}},"15":{"start":{"line":86,"column":4},"end":{"line":86,"column":48}},"16":{"start":{"line":89,"column":2},"end":{"line":129,"column":4}},"17":{"start":{"line":90,"column":16},"end":{"line":90,"column":38}},"18":{"start":{"line":91,"column":18},"end":{"line":91,"column":44}},"19":{"start":{"line":92,"column":17},"end":{"line":92,"column":41}},"20":{"start":{"line":93,"column":18},"end":{"line":93,"column":38}},"21":{"start":{"line":95,"column":15},"end":{"line":95,"column":19}},"22":{"start":{"line":98,"column":6},"end":{"line":102,"column":8}},"23":{"start":{"line":105,"column":4},"end":{"line":128,"column":9}},"24":{"start":{"line":113,"column":10},"end":{"line":117,"column":13}},"25":{"start":{"line":119,"column":10},"end":{"line":119,"column":77}},"26":{"start":{"line":123,"column":8},"end":{"line":127,"column":10}},"27":{"start":{"line":131,"column":2},"end":{"line":135,"column":4}},"28":{"start":{"line":132,"column":4},"end":{"line":134,"column":7}},"29":{"start":{"line":137,"column":2},"end":{"line":147,"column":4}},"30":{"start":{"line":138,"column":4},"end":{"line":146,"column":7}},"31":{"start":{"line":149,"column":2},"end":{"line":160,"column":4}},"32":{"start":{"line":150,"column":4},"end":{"line":159,"column":7}},"33":{"start":{"line":162,"column":2},"end":{"line":171,"column":4}},"34":{"start":{"line":163,"column":4},"end":{"line":170,"column":7}},"35":{"start":{"line":173,"column":2},"end":{"line":182,"column":4}},"36":{"start":{"line":174,"column":4},"end":{"line":181,"column":7}},"37":{"start":{"line":184,"column":2},"end":{"line":193,"column":4}},"38":{"start":{"line":185,"column":4},"end":{"line":192,"column":7}},"39":{"start":{"line":42,"column":4},"end":{"line":60,"column":6}},"40":{"start":{"line":62,"column":4},"end":{"line":62,"column":61}},"41":{"start":{"line":63,"column":4},"end":{"line":63,"column":59}},"42":{"start":{"line":64,"column":4},"end":{"line":64,"column":59}},"43":{"start":{"line":65,"column":4},"end":{"line":65,"column":53}},"44":{"start":{"line":66,"column":4},"end":{"line":66,"column":57}},"45":{"start":{"line":67,"column":4},"end":{"line":67,"column":69}},"46":{"start":{"line":68,"column":4},"end":{"line":68,"column":65}},"47":{"start":{"line":69,"column":4},"end":{"line":69,"column":53}},"48":{"start":{"line":70,"column":4},"end":{"line":70,"column":61}},"49":{"start":{"line":74,"column":4},"end":{"line":74,"column":38}},"50":{"start":{"line":196,"column":23},"end":{"line":196,"column":44}},"51":{"start":{"line":210,"column":8},"end":{"line":210,"column":18}},"52":{"start":{"line":211,"column":4},"end":{"line":279,"column":6}},"53":{"start":{"line":283,"column":0},"end":{"line":283,"column":41}},"54":{"start":{"line":284,"column":0},"end":{"line":284,"column":28}}},"fnMap":{"0":{"name":"(anonymous_2)","decl":{"start":{"line":40,"column":2},"end":{"line":40,"column":14}},"loc":{"start":{"line":40,"column":46},"end":{"line":71,"column":3}}},"1":{"name":"(anonymous_3)","decl":{"start":{"line":77,"column":21},"end":{"line":77,"column":22}},"loc":{"start":{"line":77,"column":39},"end":{"line":83,"column":3}}},"2":{"name":"(anonymous_4)","decl":{"start":{"line":78,"column":52},"end":{"line":78,"column":53}},"loc":{"start":{"line":78,"column":65},"end":{"line":80,"column":5}}},"3":{"name":"(anonymous_5)","decl":{"start":{"line":85,"column":23},"end":{"line":85,"column":24}},"loc":{"start":{"line":85,"column":43},"end":{"line":87,"column":3}}},"4":{"name":"(anonymous_6)","decl":{"start":{"line":89,"column":17},"end":{"line":89,"column":26}},"loc":{"start":{"line":89,"column":28},"end":{"line":129,"column":3}}},"5":{"name":"(anonymous_7)","decl":{"start":{"line":111,"column":12},"end":{"line":111,"column":21}},"loc":{"start":{"line":111,"column":29},"end":{"line":121,"column":7}}},"6":{"name":"(anonymous_8)","decl":{"start":{"line":122,"column":13},"end":{"line":122,"column":22}},"loc":{"start":{"line":122,"column":27},"end":{"line":128,"column":7}}},"7":{"name":"(anonymous_9)","decl":{"start":{"line":131,"column":25},"end":{"line":131,"column":34}},"loc":{"start":{"line":131,"column":36},"end":{"line":135,"column":3}}},"8":{"name":"(anonymous_10)","decl":{"start":{"line":137,"column":21},"end":{"line":137,"column":22}},"loc":{"start":{"line":137,"column":42},"end":{"line":147,"column":3}}},"9":{"name":"(anonymous_11)","decl":{"start":{"line":149,"column":20},"end":{"line":149,"column":21}},"loc":{"start":{"line":149,"column":71},"end":{"line":160,"column":3}}},"10":{"name":"(anonymous_12)","decl":{"start":{"line":162,"column":20},"end":{"line":162,"column":29}},"loc":{"start":{"line":162,"column":31},"end":{"line":171,"column":3}}},"11":{"name":"(anonymous_13)","decl":{"start":{"line":173,"column":17},"end":{"line":173,"column":26}},"loc":{"start":{"line":173,"column":28},"end":{"line":182,"column":3}}},"12":{"name":"(anonymous_14)","decl":{"start":{"line":184,"column":19},"end":{"line":184,"column":28}},"loc":{"start":{"line":184,"column":30},"end":{"line":193,"column":3}}},"13":{"name":"(anonymous_15)","decl":{"start":{"line":73,"column":2},"end":{"line":73,"column":19}},"loc":{"start":{"line":73,"column":19},"end":{"line":75,"column":3}}},"14":{"name":"(anonymous_16)","decl":{"start":{"line":195,"column":2},"end":{"line":195,"column":8}},"loc":{"start":{"line":195,"column":8},"end":{"line":280,"column":3}}}},"branchMap":{"0":{"loc":{"start":{"line":97,"column":8},"end":{"line":97,"column":14}},"type":"binary-expr","locations":[{"start":{"line":97,"column":8},"end":{"line":97,"column":14}},{"start":{"line":97,"column":18},"end":{"line":97,"column":26}}]},"1":{"loc":{"start":{"line":219,"column":11},"end":{"line":219,"column":33}},"type":"binary-expr","locations":[{"start":{"line":219,"column":11},"end":{"line":219,"column":33}},{"start":{"line":220,"column":12},"end":{"line":223,"column":null}}]},"2":{"loc":{"start":{"line":253,"column":13},"end":{"line":253,"column":31}},"type":"binary-expr","locations":[{"start":{"line":253,"column":13},"end":{"line":253,"column":31}},{"start":{"line":254,"column":14},"end":{"line":260,"column":null}}]}},"s":{"0":1,"1":1,"2":1,"3":1,"4":1,"5":1,"6":1,"7":1,"8":1,"9":12,"10":12,"11":1,"12":2,"13":1,"14":12,"15":1,"16":12,"17":0,"18":0,"19":0,"20":0,"21":0,"22":0,"23":0,"24":0,"25":0,"26":0,"27":12,"28":1,"29":12,"30":1,"31":12,"32":1,"33":12,"34":1,"35":12,"36":1,"37":12,"38":1,"39":12,"40":12,"41":12,"42":12,"43":12,"44":12,"45":12,"46":12,"47":12,"48":12,"49":12,"50":28,"51":28,"52":28,"53":1,"54":1},"f":{"0":12,"1":1,"2":2,"3":1,"4":0,"5":0,"6":0,"7":1,"8":1,"9":1,"10":1,"11":1,"12":1,"13":12,"14":28},"b":{"0":[0,0],"1":[28,0],"2":[28,27]}}
,"/Users/radoszszymon/Desktop/projects/emamy/app/components/LoggedInScreens/style.tsx": {"path":"/Users/radoszszymon/Desktop/projects/emamy/app/components/LoggedInScreens/style.tsx","statementMap":{"0":{"start":{"line":1,"column":0},"end":{"line":1,"column":64}},"1":{"start":{"line":2,"column":0},"end":{"line":2,"column":null}},"2":{"start":{"line":24,"column":0},"end":{"line":102,"column":3}}},"fnMap":{},"branchMap":{},"s":{"0":1,"1":1,"2":1},"f":{},"b":{}}
,"/Users/radoszszymon/Desktop/projects/emamy/app/components/LoggedInScreens/Auctions/Auctions.tsx": {"path":"/Users/radoszszymon/Desktop/projects/emamy/app/components/LoggedInScreens/Auctions/Auctions.tsx","statementMap":{"0":{"start":{"line":1,"column":0},"end":{"line":1,"column":51}},"1":{"start":{"line":2,"column":0},"end":{"line":2,"column":null}},"2":{"start":{"line":10,"column":0},"end":{"line":10,"column":50}},"3":{"start":{"line":11,"column":0},"end":{"line":11,"column":84}},"4":{"start":{"line":12,"column":0},"end":{"line":12,"column":26}},"5":{"start":{"line":13,"column":0},"end":{"line":13,"column":29}},"6":{"start":{"line":14,"column":0},"end":{"line":14,"column":46}},"7":{"start":{"line":15,"column":0},"end":{"line":15,"column":62}},"8":{"start":{"line":16,"column":0},"end":{"line":16,"column":60}},"9":{"start":{"line":17,"column":25},"end":{"line":17,"column":71}},"10":{"start":{"line":19,"column":24},"end":{"line":19,"column":77}},"11":{"start":{"line":21,"column":23},"end":{"line":21,"column":73}},"12":{"start":{"line":21,"column":39},"end":{"line":21,"column":72}},"13":{"start":{"line":22,"column":25},"end":{"line":22,"column":77}},"14":{"start":{"line":22,"column":41},"end":{"line":22,"column":76}},"15":{"start":{"line":23,"column":20},"end":{"line":24,"column":null}},"16":{"start":{"line":23,"column":36},"end":{"line":24,"column":45}},"17":{"start":{"line":26,"column":22},"end":{"line":27,"column":null}},"18":{"start":{"line":26,"column":38},"end":{"line":27,"column":47}},"19":{"start":{"line":54,"column":4},"end":{"line":54,"column":17}},"20":{"start":{"line":114,"column":2},"end":{"line":116,"column":4}},"21":{"start":{"line":115,"column":4},"end":{"line":115,"column":37}},"22":{"start":{"line":118,"column":2},"end":{"line":236,"column":4}},"23":{"start":{"line":129,"column":6},"end":{"line":236,"column":4}},"24":{"start":{"line":130,"column":4},"end":{"line":141,"column":7}},"25":{"start":{"line":144,"column":18},"end":{"line":144,"column":38}},"26":{"start":{"line":146,"column":22},"end":{"line":146,"column":64}},"27":{"start":{"line":149,"column":6},"end":{"line":149,"column":26}},"28":{"start":{"line":151,"column":6},"end":{"line":151,"column":27}},"29":{"start":{"line":155,"column":6},"end":{"line":155,"column":23}},"30":{"start":{"line":157,"column":6},"end":{"line":157,"column":23}},"31":{"start":{"line":172,"column":6},"end":{"line":176,"column":8}},"32":{"start":{"line":189,"column":17},"end":{"line":189,"column":21}},"33":{"start":{"line":191,"column":6},"end":{"line":191,"column":48}},"34":{"start":{"line":193,"column":6},"end":{"line":193,"column":27}},"35":{"start":{"line":195,"column":17},"end":{"line":232,"column":10}},"36":{"start":{"line":211,"column":12},"end":{"line":211,"column":46}},"37":{"start":{"line":213,"column":12},"end":{"line":217,"column":14}},"38":{"start":{"line":219,"column":12},"end":{"line":219,"column":34}},"39":{"start":{"line":223,"column":10},"end":{"line":223,"column":29}},"40":{"start":{"line":225,"column":10},"end":{"line":229,"column":12}},"41":{"start":{"line":231,"column":10},"end":{"line":231,"column":32}},"42":{"start":{"line":234,"column":6},"end":{"line":234,"column":18}},"43":{"start":{"line":238,"column":2},"end":{"line":248,"column":4}},"44":{"start":{"line":239,"column":58},"end":{"line":239,"column":68}},"45":{"start":{"line":242,"column":6},"end":{"line":242,"column":73}},"46":{"start":{"line":244,"column":6},"end":{"line":244,"column":76}},"47":{"start":{"line":246,"column":6},"end":{"line":246,"column":75}},"48":{"start":{"line":250,"column":2},"end":{"line":274,"column":4}},"49":{"start":{"line":251,"column":58},"end":{"line":251,"column":68}},"50":{"start":{"line":253,"column":6},"end":{"line":258,"column":8}},"51":{"start":{"line":260,"column":6},"end":{"line":265,"column":8}},"52":{"start":{"line":267,"column":6},"end":{"line":272,"column":8}},"53":{"start":{"line":276,"column":2},"end":{"line":285,"column":4}},"54":{"start":{"line":278,"column":6},"end":{"line":281,"column":9}},"55":{"start":{"line":283,"column":6},"end":{"line":283,"column":70}},"56":{"start":{"line":308,"column":2},"end":{"line":381,"column":4}},"57":{"start":{"line":314,"column":18},"end":{"line":314,"column":38}},"58":{"start":{"line":315,"column":18},"end":{"line":315,"column":49}},"59":{"start":{"line":316,"column":18},"end":{"line":316,"column":49}},"60":{"start":{"line":318,"column":15},"end":{"line":318,"column":19}},"61":{"start":{"line":321,"column":6},"end":{"line":377,"column":11}},"62":{"start":{"line":331,"column":30},"end":{"line":331,"column":32}},"63":{"start":{"line":332,"column":27},"end":{"line":332,"column":29}},"64":{"start":{"line":333,"column":28},"end":{"line":333,"column":30}},"65":{"start":{"line":335,"column":12},"end":{"line":355,"column":14}},"66":{"start":{"line":342,"column":18},"end":{"line":342,"column":54}},"67":{"start":{"line":347,"column":18},"end":{"line":347,"column":51}},"68":{"start":{"line":352,"column":18},"end":{"line":352,"column":52}},"69":{"start":{"line":358,"column":14},"end":{"line":364,"column":17}},"70":{"start":{"line":366,"column":14},"end":{"line":371,"column":17}},"71":{"start":{"line":376,"column":10},"end":{"line":376,"column":29}},"72":{"start":{"line":379,"column":6},"end":{"line":379,"column":25}},"73":{"start":{"line":383,"column":2},"end":{"line":386,"column":4}},"74":{"start":{"line":384,"column":4},"end":{"line":384,"column":78}},"75":{"start":{"line":385,"column":4},"end":{"line":385,"column":23}},"76":{"start":{"line":388,"column":2},"end":{"line":413,"column":4}},"77":{"start":{"line":389,"column":18},"end":{"line":389,"column":38}},"78":{"start":{"line":390,"column":18},"end":{"line":390,"column":49}},"79":{"start":{"line":391,"column":18},"end":{"line":391,"column":49}},"80":{"start":{"line":393,"column":15},"end":{"line":393,"column":19}},"81":{"start":{"line":395,"column":4},"end":{"line":412,"column":9}},"82":{"start":{"line":402,"column":10},"end":{"line":407,"column":13}},"83":{"start":{"line":411,"column":8},"end":{"line":411,"column":27}},"84":{"start":{"line":415,"column":2},"end":{"line":419,"column":4}},"85":{"start":{"line":416,"column":4},"end":{"line":418,"column":8}},"86":{"start":{"line":421,"column":2},"end":{"line":427,"column":4}},"87":{"start":{"line":422,"column":4},"end":{"line":426,"column":7}},"88":{"start":{"line":429,"column":2},"end":{"line":446,"column":4}},"89":{"start":{"line":432,"column":6},"end":{"line":432,"column":25}},"90":{"start":{"line":440,"column":8},"end":{"line":443,"column":10}},"91":{"start":{"line":55,"column":4},"end":{"line":99,"column":6}},"92":{"start":{"line":101,"column":4},"end":{"line":101,"column":51}},"93":{"start":{"line":102,"column":4},"end":{"line":102,"column":65}},"94":{"start":{"line":103,"column":4},"end":{"line":105,"column":6}},"95":{"start":{"line":106,"column":4},"end":{"line":106,"column":77}},"96":{"start":{"line":107,"column":4},"end":{"line":107,"column":49}},"97":{"start":{"line":108,"column":4},"end":{"line":108,"column":55}},"98":{"start":{"line":109,"column":4},"end":{"line":109,"column":53}},"99":{"start":{"line":110,"column":4},"end":{"line":110,"column":55}},"100":{"start":{"line":111,"column":4},"end":{"line":111,"column":47}},"101":{"start":{"line":288,"column":4},"end":{"line":305,"column":6}},"102":{"start":{"line":291,"column":23},"end":{"line":291,"column":63}},"103":{"start":{"line":463,"column":8},"end":{"line":463,"column":18}},"104":{"start":{"line":464,"column":4},"end":{"line":581,"column":6}},"105":{"start":{"line":584,"column":0},"end":{"line":584,"column":37}},"106":{"start":{"line":585,"column":0},"end":{"line":585,"column":24}}},"fnMap":{"0":{"name":"(anonymous_8)","decl":{"start":{"line":21,"column":34},"end":{"line":21,"column":37}},"loc":{"start":{"line":21,"column":39},"end":{"line":21,"column":72}}},"1":{"name":"(anonymous_9)","decl":{"start":{"line":21,"column":39},"end":{"line":21,"column":47}},"loc":{"start":{"line":21,"column":39},"end":{"line":21,"column":72}}},"2":{"name":"(anonymous_10)","decl":{"start":{"line":22,"column":36},"end":{"line":22,"column":39}},"loc":{"start":{"line":22,"column":41},"end":{"line":22,"column":76}}},"3":{"name":"(anonymous_11)","decl":{"start":{"line":22,"column":41},"end":{"line":22,"column":49}},"loc":{"start":{"line":22,"column":41},"end":{"line":22,"column":76}}},"4":{"name":"(anonymous_12)","decl":{"start":{"line":23,"column":31},"end":{"line":23,"column":34}},"loc":{"start":{"line":23,"column":36},"end":{"line":24,"column":45}}},"5":{"name":"(anonymous_13)","decl":{"start":{"line":23,"column":36},"end":{"line":23,"column":null}},"loc":{"start":{"line":23,"column":36},"end":{"line":24,"column":45}}},"6":{"name":"(anonymous_14)","decl":{"start":{"line":26,"column":33},"end":{"line":26,"column":36}},"loc":{"start":{"line":26,"column":38},"end":{"line":27,"column":47}}},"7":{"name":"(anonymous_15)","decl":{"start":{"line":26,"column":38},"end":{"line":26,"column":null}},"loc":{"start":{"line":26,"column":38},"end":{"line":27,"column":47}}},"8":{"name":"(anonymous_16)","decl":{"start":{"line":53,"column":2},"end":{"line":53,"column":14}},"loc":{"start":{"line":53,"column":34},"end":{"line":112,"column":3}}},"9":{"name":"(anonymous_17)","decl":{"start":{"line":114,"column":14},"end":{"line":114,"column":15}},"loc":{"start":{"line":114,"column":33},"end":{"line":116,"column":3}}},"10":{"name":"(anonymous_18)","decl":{"start":{"line":118,"column":18},"end":{"line":118,"column":null}},"loc":{"start":{"line":129,"column":6},"end":{"line":236,"column":4}}},"11":{"name":"(anonymous_19)","decl":{"start":{"line":129,"column":6},"end":{"line":129,"column":null}},"loc":{"start":{"line":129,"column":6},"end":{"line":236,"column":3}}},"12":{"name":"(anonymous_20)","decl":{"start":{"line":209,"column":14},"end":{"line":209,"column":23}},"loc":{"start":{"line":209,"column":31},"end":{"line":221,"column":9}}},"13":{"name":"(anonymous_21)","decl":{"start":{"line":222,"column":15},"end":{"line":222,"column":24}},"loc":{"start":{"line":222,"column":29},"end":{"line":232,"column":9}}},"14":{"name":"(anonymous_22)","decl":{"start":{"line":238,"column":17},"end":{"line":238,"column":18}},"loc":{"start":{"line":238,"column":46},"end":{"line":248,"column":3}}},"15":{"name":"(anonymous_23)","decl":{"start":{"line":250,"column":18},"end":{"line":250,"column":19}},"loc":{"start":{"line":250,"column":68},"end":{"line":274,"column":3}}},"16":{"name":"(anonymous_24)","decl":{"start":{"line":276,"column":23},"end":{"line":276,"column":24}},"loc":{"start":{"line":276,"column":51},"end":{"line":285,"column":3}}},"17":{"name":"(anonymous_25)","decl":{"start":{"line":308,"column":28},"end":{"line":308,"column":null}},"loc":{"start":{"line":313,"column":12},"end":{"line":381,"column":3}}},"18":{"name":"(anonymous_26)","decl":{"start":{"line":329,"column":14},"end":{"line":329,"column":23}},"loc":{"start":{"line":329,"column":31},"end":{"line":374,"column":9}}},"19":{"name":"(anonymous_27)","decl":{"start":{"line":336,"column":14},"end":{"line":336,"column":15}},"loc":{"start":{"line":336,"column":50},"end":{"line":354,"column":15}}},"20":{"name":"(anonymous_28)","decl":{"start":{"line":375,"column":15},"end":{"line":375,"column":24}},"loc":{"start":{"line":375,"column":29},"end":{"line":377,"column":9}}},"21":{"name":"(anonymous_29)","decl":{"start":{"line":383,"column":31},"end":{"line":383,"column":40}},"loc":{"start":{"line":383,"column":42},"end":{"line":386,"column":3}}},"22":{"name":"(anonymous_30)","decl":{"start":{"line":388,"column":16},"end":{"line":388,"column":25}},"loc":{"start":{"line":388,"column":27},"end":{"line":413,"column":3}}},"23":{"name":"(anonymous_31)","decl":{"start":{"line":400,"column":12},"end":{"line":400,"column":21}},"loc":{"start":{"line":400,"column":29},"end":{"line":409,"column":7}}},"24":{"name":"(anonymous_32)","decl":{"start":{"line":410,"column":13},"end":{"line":410,"column":22}},"loc":{"start":{"line":410,"column":27},"end":{"line":412,"column":7}}},"25":{"name":"(anonymous_33)","decl":{"start":{"line":415,"column":29},"end":{"line":415,"column":38}},"loc":{"start":{"line":415,"column":40},"end":{"line":419,"column":3}}},"26":{"name":"(anonymous_35)","decl":{"start":{"line":421,"column":23},"end":{"line":421,"column":24}},"loc":{"start":{"line":421,"column":61},"end":{"line":427,"column":3}}},"27":{"name":"(anonymous_36)","decl":{"start":{"line":429,"column":22},"end":{"line":429,"column":31}},"loc":{"start":{"line":429,"column":33},"end":{"line":446,"column":3}}},"28":{"name":"(anonymous_37)","decl":{"start":{"line":287,"column":2},"end":{"line":287,"column":12}},"loc":{"start":{"line":287,"column":34},"end":{"line":306,"column":3}}},"29":{"name":"(anonymous_38)","decl":{"start":{"line":291,"column":17},"end":{"line":291,"column":20}},"loc":{"start":{"line":291,"column":23},"end":{"line":291,"column":63}}},"30":{"name":"(anonymous_39)","decl":{"start":{"line":448,"column":2},"end":{"line":448,"column":8}},"loc":{"start":{"line":448,"column":8},"end":{"line":582,"column":3}}}},"branchMap":{"0":{"loc":{"start":{"line":161,"column":6},"end":{"line":161,"column":13}},"type":"binary-expr","locations":[{"start":{"line":161,"column":6},"end":{"line":161,"column":13}},{"start":{"line":162,"column":6},"end":{"line":162,"column":17}},{"start":{"line":163,"column":6},"end":{"line":163,"column":19}},{"start":{"line":164,"column":6},"end":{"line":164,"column":17}},{"start":{"line":165,"column":6},"end":{"line":165,"column":24}},{"start":{"line":166,"column":6},"end":{"line":166,"column":18}},{"start":{"line":167,"column":6},"end":{"line":167,"column":11}},{"start":{"line":168,"column":6},"end":{"line":168,"column":18}},{"start":{"line":169,"column":6},"end":{"line":169,"column":25}},{"start":{"line":170,"column":6},"end":{"line":170,"column":12}}]},"1":{"loc":{"start":{"line":180,"column":6},"end":{"line":180,"column":20}},"type":"binary-expr","locations":[{"start":{"line":180,"column":6},"end":{"line":180,"column":20}},{"start":{"line":181,"column":6},"end":{"line":181,"column":10}},{"start":{"line":182,"column":6},"end":{"line":182,"column":17}},{"start":{"line":183,"column":6},"end":{"line":183,"column":24}},{"start":{"line":184,"column":6},"end":{"line":184,"column":11}},{"start":{"line":185,"column":6},"end":{"line":185,"column":27}},{"start":{"line":186,"column":6},"end":{"line":186,"column":27}},{"start":{"line":187,"column":6},"end":{"line":187,"column":17}}]},"2":{"loc":{"start":{"line":276,"column":39},"end":{"line":276,"column":41}},"type":"default-arg","locations":[{"start":{"line":276,"column":39},"end":{"line":276,"column":41}}]},"3":{"loc":{"start":{"line":320,"column":8},"end":{"line":320,"column":16}},"type":"binary-expr","locations":[{"start":{"line":320,"column":8},"end":{"line":320,"column":16}},{"start":{"line":320,"column":20},"end":{"line":320,"column":25}},{"start":{"line":320,"column":29},"end":{"line":320,"column":35}}]},"4":{"loc":{"start":{"line":339,"column":18},"end":{"line":339,"column":53}},"type":"binary-expr","locations":[{"start":{"line":339,"column":18},"end":{"line":339,"column":53}},{"start":{"line":340,"column":18},"end":{"line":340,"column":51}}]},"5":{"loc":{"start":{"line":344,"column":18},"end":{"line":344,"column":50}},"type":"binary-expr","locations":[{"start":{"line":344,"column":18},"end":{"line":344,"column":50}},{"start":{"line":345,"column":18},"end":{"line":345,"column":51}}]},"6":{"loc":{"start":{"line":349,"column":18},"end":{"line":349,"column":51}},"type":"binary-expr","locations":[{"start":{"line":349,"column":18},"end":{"line":349,"column":51}},{"start":{"line":350,"column":18},"end":{"line":350,"column":51}}]},"7":{"loc":{"start":{"line":435,"column":8},"end":{"line":435,"column":32}},"type":"binary-expr","locations":[{"start":{"line":435,"column":8},"end":{"line":435,"column":32}},{"start":{"line":436,"column":8},"end":{"line":436,"column":38}},{"start":{"line":437,"column":8},"end":{"line":437,"column":36}},{"start":{"line":438,"column":8},"end":{"line":438,"column":42}}]},"8":{"loc":{"start":{"line":467,"column":10},"end":{"line":468,"column":null}},"type":"cond-expr","locations":[{"start":{"line":467,"column":10},"end":{"line":468,"column":null}},{"start":{"line":471,"column":10},"end":{"line":577,"column":null}}]},"9":{"loc":{"start":{"line":472,"column":13},"end":{"line":472,"column":35}},"type":"binary-expr","locations":[{"start":{"line":472,"column":13},"end":{"line":472,"column":35}},{"start":{"line":473,"column":14},"end":{"line":473,"column":35}},{"start":{"line":474,"column":14},"end":{"line":474,"column":30}},{"start":{"line":475,"column":16},"end":{"line":476,"column":null}}]},"10":{"loc":{"start":{"line":480,"column":13},"end":{"line":480,"column":35}},"type":"binary-expr","locations":[{"start":{"line":480,"column":13},"end":{"line":480,"column":35}},{"start":{"line":481,"column":14},"end":{"line":481,"column":35}},{"start":{"line":482,"column":14},"end":{"line":482,"column":25}},{"start":{"line":483,"column":14},"end":{"line":483,"column":29}},{"start":{"line":484,"column":16},"end":{"line":491,"column":null}}]},"11":{"loc":{"start":{"line":495,"column":13},"end":{"line":495,"column":35}},"type":"binary-expr","locations":[{"start":{"line":495,"column":13},"end":{"line":495,"column":35}},{"start":{"line":496,"column":14},"end":{"line":496,"column":35}},{"start":{"line":497,"column":14},"end":{"line":497,"column":25}},{"start":{"line":498,"column":14},"end":{"line":498,"column":30}},{"start":{"line":499,"column":16},"end":{"line":513,"column":null}}]},"12":{"loc":{"start":{"line":517,"column":13},"end":{"line":517,"column":35}},"type":"binary-expr","locations":[{"start":{"line":517,"column":13},"end":{"line":517,"column":35}},{"start":{"line":517,"column":39},"end":{"line":517,"column":60}},{"start":{"line":518,"column":14},"end":{"line":526,"column":null}}]},"13":{"loc":{"start":{"line":530,"column":13},"end":{"line":530,"column":35}},"type":"binary-expr","locations":[{"start":{"line":530,"column":13},"end":{"line":530,"column":35}},{"start":{"line":531,"column":14},"end":{"line":531,"column":35}},{"start":{"line":532,"column":14},"end":{"line":532,"column":30}},{"start":{"line":533,"column":16},"end":{"line":549,"column":null}}]},"14":{"loc":{"start":{"line":553,"column":13},"end":{"line":553,"column":34}},"type":"binary-expr","locations":[{"start":{"line":553,"column":13},"end":{"line":553,"column":34}},{"start":{"line":553,"column":38},"end":{"line":553,"column":54}},{"start":{"line":554,"column":14},"end":{"line":563,"column":null}}]},"15":{"loc":{"start":{"line":567,"column":13},"end":{"line":567,"column":33}},"type":"binary-expr","locations":[{"start":{"line":567,"column":13},"end":{"line":567,"column":33}},{"start":{"line":567,"column":37},"end":{"line":567,"column":53}},{"start":{"line":568,"column":14},"end":{"line":575,"column":null}}]}},"s":{"0":1,"1":1,"2":1,"3":1,"4":1,"5":1,"6":1,"7":1,"8":1,"9":1,"10":1,"11":1,"12":0,"13":1,"14":0,"15":1,"16":0,"17":1,"18":0,"19":9,"20":9,"21":0,"22":9,"23":0,"24":0,"25":0,"26":0,"27":0,"28":0,"29":0,"30":0,"31":0,"32":0,"33":0,"34":0,"35":0,"36":0,"37":0,"38":0,"39":0,"40":0,"41":0,"42":0,"43":9,"44":0,"45":0,"46":0,"47":0,"48":9,"49":0,"50":0,"51":0,"52":0,"53":9,"54":0,"55":0,"56":9,"57":0,"58":0,"59":0,"60":0,"61":0,"62":0,"63":0,"64":0,"65":0,"66":0,"67":0,"68":0,"69":0,"70":0,"71":0,"72":0,"73":9,"74":0,"75":0,"76":9,"77":0,"78":0,"79":0,"80":0,"81":0,"82":0,"83":0,"84":9,"85":0,"86":9,"87":0,"88":9,"89":0,"90":0,"91":9,"92":9,"93":9,"94":9,"95":9,"96":9,"97":9,"98":9,"99":9,"100":9,"101":0,"102":0,"103":17,"104":17,"105":1,"106":1},"f":{"0":0,"1":0,"2":0,"3":0,"4":0,"5":0,"6":0,"7":0,"8":9,"9":0,"10":0,"11":0,"12":0,"13":0,"14":0,"15":0,"16":0,"17":0,"18":0,"19":0,"20":0,"21":0,"22":0,"23":0,"24":0,"25":0,"26":0,"27":9,"28":0,"29":0,"30":17},"b":{"0":[0,0,0,0,0,0,0,0,0,0],"1":[0,0,0,0,0,0,0,0],"2":[0],"3":[0,0,0],"4":[0,0],"5":[0,0],"6":[0,0],"7":[0,0,0,0],"8":[1,16],"9":[16,15,14,13],"10":[16,15,14,14,1],"11":[16,15,14,14,13],"12":[16,15,14],"13":[16,15,14,13],"14":[16,1,1],"15":[16,1,1]}}
,"/Users/radoszszymon/Desktop/projects/emamy/app/components/LoggedInScreens/Auctions/style.tsx": {"path":"/Users/radoszszymon/Desktop/projects/emamy/app/components/LoggedInScreens/Auctions/style.tsx","statementMap":{"0":{"start":{"line":1,"column":0},"end":{"line":1,"column":null}},"1":{"start":{"line":8,"column":0},"end":{"line":8,"column":null}},"2":{"start":{"line":25,"column":18},"end":{"line":25,"column":48}},"3":{"start":{"line":26,"column":19},"end":{"line":26,"column":50}},"4":{"start":{"line":102,"column":0},"end":{"line":479,"column":3}}},"fnMap":{},"branchMap":{},"s":{"0":1,"1":1,"2":1,"3":1,"4":1},"f":{},"b":{}}
,"/Users/radoszszymon/Desktop/projects/emamy/app/components/LoggedInScreens/Auctions/utils/AuctionList.tsx": {"path":"/Users/radoszszymon/Desktop/projects/emamy/app/components/LoggedInScreens/Auctions/utils/AuctionList.tsx","statementMap":{"0":{"start":{"line":1,"column":0},"end":{"line":1,"column":42}},"1":{"start":{"line":2,"column":0},"end":{"line":2,"column":36}},"2":{"start":{"line":3,"column":0},"end":{"line":3,"column":49}},"3":{"start":{"line":4,"column":0},"end":{"line":4,"column":65}},"4":{"start":{"line":6,"column":20},"end":{"line":35,"column":1}},"5":{"start":{"line":11,"column":18},"end":{"line":11,"column":43}},"6":{"start":{"line":14,"column":4},"end":{"line":33,"column":6}},"7":{"start":{"line":16,"column":8},"end":{"line":29,"column":10}},"8":{"start":{"line":25,"column":14},"end":{"line":25,"column":68}},"9":{"start":{"line":37,"column":0},"end":{"line":37,"column":39}}},"fnMap":{"0":{"name":"(anonymous_2)","decl":{"start":{"line":6,"column":20},"end":{"line":6,"column":21}},"loc":{"start":{"line":10,"column":10},"end":{"line":35,"column":1}}},"1":{"name":"(anonymous_3)","decl":{"start":{"line":15,"column":28},"end":{"line":15,"column":29}},"loc":{"start":{"line":15,"column":56},"end":{"line":30,"column":7}}},"2":{"name":"(anonymous_4)","decl":{"start":{"line":24,"column":21},"end":{"line":24,"column":24}},"loc":{"start":{"line":24,"column":26},"end":{"line":26,"column":13}}}},"branchMap":{"0":{"loc":{"start":{"line":15,"column":6},"end":{"line":30,"column":8}},"type":"cond-expr","locations":[{"start":{"line":15,"column":6},"end":{"line":30,"column":8}},{"start":{"line":32,"column":6},"end":{"line":32,"column":59}}]}},"s":{"0":1,"1":1,"2":1,"3":1,"4":1,"5":0,"6":0,"7":0,"8":0,"9":1},"f":{"0":0,"1":0,"2":0},"b":{"0":[0,0]}}
,"/Users/radoszszymon/Desktop/projects/emamy/app/components/LoggedInScreens/FindUsers/FindUsers.tsx": {"path":"/Users/radoszszymon/Desktop/projects/emamy/app/components/LoggedInScreens/FindUsers/FindUsers.tsx","statementMap":{"0":{"start":{"line":1,"column":0},"end":{"line":1,"column":51}},"1":{"start":{"line":2,"column":0},"end":{"line":2,"column":79}},"2":{"start":{"line":3,"column":0},"end":{"line":3,"column":26}},"3":{"start":{"line":5,"column":0},"end":{"line":5,"column":50}},"4":{"start":{"line":6,"column":0},"end":{"line":6,"column":84}},"5":{"start":{"line":7,"column":0},"end":{"line":7,"column":29}},"6":{"start":{"line":8,"column":25},"end":{"line":8,"column":79}},"7":{"start":{"line":9,"column":0},"end":{"line":9,"column":62}},"8":{"start":{"line":10,"column":0},"end":{"line":10,"column":40}},"9":{"start":{"line":12,"column":20},"end":{"line":12,"column":67}},"10":{"start":{"line":12,"column":36},"end":{"line":12,"column":66}},"11":{"start":{"line":13,"column":23},"end":{"line":13,"column":73}},"12":{"start":{"line":13,"column":39},"end":{"line":13,"column":72}},"13":{"start":{"line":14,"column":20},"end":{"line":15,"column":null}},"14":{"start":{"line":14,"column":36},"end":{"line":15,"column":45}},"15":{"start":{"line":17,"column":22},"end":{"line":18,"column":null}},"16":{"start":{"line":17,"column":38},"end":{"line":18,"column":47}},"17":{"start":{"line":55,"column":4},"end":{"line":55,"column":17}},"18":{"start":{"line":132,"column":2},"end":{"line":172,"column":4}},"19":{"start":{"line":138,"column":8},"end":{"line":138,"column":18}},"20":{"start":{"line":140,"column":6},"end":{"line":146,"column":8}},"21":{"start":{"line":148,"column":6},"end":{"line":154,"column":8}},"22":{"start":{"line":156,"column":6},"end":{"line":162,"column":8}},"23":{"start":{"line":164,"column":6},"end":{"line":170,"column":8}},"24":{"start":{"line":174,"column":2},"end":{"line":215,"column":4}},"25":{"start":{"line":180,"column":8},"end":{"line":180,"column":18}},"26":{"start":{"line":183,"column":6},"end":{"line":189,"column":8}},"27":{"start":{"line":191,"column":6},"end":{"line":197,"column":8}},"28":{"start":{"line":199,"column":6},"end":{"line":205,"column":8}},"29":{"start":{"line":207,"column":6},"end":{"line":213,"column":8}},"30":{"start":{"line":217,"column":2},"end":{"line":230,"column":4}},"31":{"start":{"line":220,"column":8},"end":{"line":220,"column":30}},"32":{"start":{"line":222,"column":8},"end":{"line":225,"column":11}},"33":{"start":{"line":228,"column":6},"end":{"line":228,"column":70}},"34":{"start":{"line":232,"column":2},"end":{"line":320,"column":4}},"35":{"start":{"line":239,"column":18},"end":{"line":239,"column":38}},"36":{"start":{"line":240,"column":18},"end":{"line":240,"column":49}},"37":{"start":{"line":241,"column":18},"end":{"line":241,"column":49}},"38":{"start":{"line":243,"column":15},"end":{"line":243,"column":19}},"39":{"start":{"line":246,"column":6},"end":{"line":316,"column":11}},"40":{"start":{"line":258,"column":30},"end":{"line":258,"column":32}},"41":{"start":{"line":259,"column":30},"end":{"line":259,"column":32}},"42":{"start":{"line":260,"column":33},"end":{"line":260,"column":35}},"43":{"start":{"line":261,"column":27},"end":{"line":261,"column":29}},"44":{"start":{"line":263,"column":12},"end":{"line":288,"column":14}},"45":{"start":{"line":270,"column":18},"end":{"line":270,"column":54}},"46":{"start":{"line":275,"column":18},"end":{"line":275,"column":54}},"47":{"start":{"line":280,"column":18},"end":{"line":280,"column":57}},"48":{"start":{"line":285,"column":18},"end":{"line":285,"column":51}},"49":{"start":{"line":291,"column":14},"end":{"line":298,"column":17}},"50":{"start":{"line":300,"column":14},"end":{"line":306,"column":17}},"51":{"start":{"line":311,"column":10},"end":{"line":315,"column":12}},"52":{"start":{"line":318,"column":6},"end":{"line":318,"column":33}},"53":{"start":{"line":322,"column":2},"end":{"line":355,"column":4}},"54":{"start":{"line":323,"column":18},"end":{"line":323,"column":38}},"55":{"start":{"line":325,"column":15},"end":{"line":325,"column":19}},"56":{"start":{"line":327,"column":4},"end":{"line":354,"column":9}},"57":{"start":{"line":331,"column":27},"end":{"line":331,"column":29}},"58":{"start":{"line":333,"column":10},"end":{"line":337,"column":13}},"59":{"start":{"line":333,"column":69},"end":{"line":337,"column":12}},"60":{"start":{"line":334,"column":27},"end":{"line":334,"column":49}},"61":{"start":{"line":336,"column":12},"end":{"line":336,"column":39}},"62":{"start":{"line":339,"column":27},"end":{"line":339,"column":48}},"63":{"start":{"line":340,"column":10},"end":{"line":340,"column":35}},"64":{"start":{"line":341,"column":10},"end":{"line":345,"column":13}},"65":{"start":{"line":349,"column":8},"end":{"line":353,"column":10}},"66":{"start":{"line":378,"column":2},"end":{"line":380,"column":4}},"67":{"start":{"line":379,"column":4},"end":{"line":379,"column":41}},"68":{"start":{"line":382,"column":2},"end":{"line":427,"column":4}},"69":{"start":{"line":383,"column":18},"end":{"line":383,"column":38}},"70":{"start":{"line":384,"column":19},"end":{"line":384,"column":43}},"71":{"start":{"line":385,"column":21},"end":{"line":385,"column":45}},"72":{"start":{"line":387,"column":15},"end":{"line":387,"column":19}},"73":{"start":{"line":389,"column":4},"end":{"line":395,"column":7}},"74":{"start":{"line":397,"column":4},"end":{"line":426,"column":9}},"75":{"start":{"line":405,"column":10},"end":{"line":409,"column":12}},"76":{"start":{"line":411,"column":10},"end":{"line":411,"column":60}},"77":{"start":{"line":413,"column":10},"end":{"line":417,"column":12}},"78":{"start":{"line":421,"column":8},"end":{"line":425,"column":10}},"79":{"start":{"line":429,"column":2},"end":{"line":481,"column":4}},"80":{"start":{"line":429,"column":48},"end":{"line":481,"column":4}},"81":{"start":{"line":431,"column":18},"end":{"line":431,"column":38}},"82":{"start":{"line":433,"column":23},"end":{"line":433,"column":47}},"83":{"start":{"line":435,"column":15},"end":{"line":435,"column":19}},"84":{"start":{"line":437,"column":4},"end":{"line":437,"column":67}},"85":{"start":{"line":439,"column":4},"end":{"line":461,"column":9}},"86":{"start":{"line":446,"column":10},"end":{"line":446,"column":73}},"87":{"start":{"line":447,"column":10},"end":{"line":452,"column":13}},"88":{"start":{"line":456,"column":8},"end":{"line":460,"column":10}},"89":{"start":{"line":464,"column":4},"end":{"line":478,"column":9}},"90":{"start":{"line":471,"column":10},"end":{"line":473,"column":13}},"91":{"start":{"line":477,"column":8},"end":{"line":477,"column":27}},"92":{"start":{"line":480,"column":4},"end":{"line":480,"column":72}},"93":{"start":{"line":483,"column":2},"end":{"line":485,"column":4}},"94":{"start":{"line":484,"column":4},"end":{"line":484,"column":73}},"95":{"start":{"line":487,"column":2},"end":{"line":489,"column":4}},"96":{"start":{"line":488,"column":4},"end":{"line":488,"column":72}},"97":{"start":{"line":491,"column":2},"end":{"line":493,"column":4}},"98":{"start":{"line":492,"column":4},"end":{"line":492,"column":72}},"99":{"start":{"line":495,"column":2},"end":{"line":528,"column":4}},"100":{"start":{"line":496,"column":18},"end":{"line":496,"column":38}},"101":{"start":{"line":497,"column":15},"end":{"line":497,"column":19}},"102":{"start":{"line":499,"column":4},"end":{"line":505,"column":7}},"103":{"start":{"line":507,"column":4},"end":{"line":527,"column":9}},"104":{"start":{"line":514,"column":10},"end":{"line":518,"column":12}},"105":{"start":{"line":522,"column":8},"end":{"line":526,"column":10}},"106":{"start":{"line":530,"column":2},"end":{"line":564,"column":4}},"107":{"start":{"line":531,"column":18},"end":{"line":531,"column":38}},"108":{"start":{"line":533,"column":15},"end":{"line":533,"column":19}},"109":{"start":{"line":535,"column":4},"end":{"line":541,"column":7}},"110":{"start":{"line":543,"column":4},"end":{"line":563,"column":9}},"111":{"start":{"line":550,"column":10},"end":{"line":554,"column":12}},"112":{"start":{"line":558,"column":8},"end":{"line":562,"column":10}},"113":{"start":{"line":566,"column":2},"end":{"line":601,"column":4}},"114":{"start":{"line":568,"column":20},"end":{"line":568,"column":40}},"115":{"start":{"line":569,"column":16},"end":{"line":569,"column":47}},"116":{"start":{"line":570,"column":16},"end":{"line":570,"column":47}},"117":{"start":{"line":572,"column":17},"end":{"line":572,"column":21}},"118":{"start":{"line":574,"column":6},"end":{"line":597,"column":11}},"119":{"start":{"line":580,"column":10},"end":{"line":580,"column":69}},"120":{"start":{"line":582,"column":12},"end":{"line":588,"column":15}},"121":{"start":{"line":592,"column":10},"end":{"line":596,"column":12}},"122":{"start":{"line":599,"column":6},"end":{"line":599,"column":21}},"123":{"start":{"line":603,"column":2},"end":{"line":605,"column":4}},"124":{"start":{"line":604,"column":4},"end":{"line":604,"column":44}},"125":{"start":{"line":607,"column":2},"end":{"line":616,"column":4}},"126":{"start":{"line":608,"column":15},"end":{"line":608,"column":36}},"127":{"start":{"line":610,"column":6},"end":{"line":610,"column":33}},"128":{"start":{"line":614,"column":6},"end":{"line":614,"column":57}},"129":{"start":{"line":56,"column":4},"end":{"line":112,"column":6}},"130":{"start":{"line":114,"column":4},"end":{"line":114,"column":67}},"131":{"start":{"line":115,"column":4},"end":{"line":115,"column":65}},"132":{"start":{"line":116,"column":4},"end":{"line":116,"column":67}},"133":{"start":{"line":117,"column":4},"end":{"line":117,"column":71}},"134":{"start":{"line":118,"column":4},"end":{"line":118,"column":73}},"135":{"start":{"line":119,"column":4},"end":{"line":119,"column":51}},"136":{"start":{"line":120,"column":4},"end":{"line":120,"column":61}},"137":{"start":{"line":121,"column":4},"end":{"line":121,"column":65}},"138":{"start":{"line":122,"column":4},"end":{"line":122,"column":49}},"139":{"start":{"line":123,"column":4},"end":{"line":123,"column":57}},"140":{"start":{"line":124,"column":4},"end":{"line":124,"column":67}},"141":{"start":{"line":125,"column":4},"end":{"line":125,"column":55}},"142":{"start":{"line":126,"column":4},"end":{"line":126,"column":53}},"143":{"start":{"line":127,"column":4},"end":{"line":127,"column":53}},"144":{"start":{"line":128,"column":4},"end":{"line":128,"column":55}},"145":{"start":{"line":129,"column":4},"end":{"line":129,"column":57}},"146":{"start":{"line":358,"column":4},"end":{"line":375,"column":6}},"147":{"start":{"line":361,"column":23},"end":{"line":361,"column":63}},"148":{"start":{"line":637,"column":8},"end":{"line":637,"column":18}},"149":{"start":{"line":638,"column":4},"end":{"line":766,"column":6}},"150":{"start":{"line":769,"column":0},"end":{"line":769,"column":38}},"151":{"start":{"line":770,"column":0},"end":{"line":770,"column":25}}},"fnMap":{"0":{"name":"(anonymous_8)","decl":{"start":{"line":12,"column":31},"end":{"line":12,"column":34}},"loc":{"start":{"line":12,"column":36},"end":{"line":12,"column":66}}},"1":{"name":"(anonymous_9)","decl":{"start":{"line":12,"column":36},"end":{"line":12,"column":44}},"loc":{"start":{"line":12,"column":36},"end":{"line":12,"column":66}}},"2":{"name":"(anonymous_10)","decl":{"start":{"line":13,"column":34},"end":{"line":13,"column":37}},"loc":{"start":{"line":13,"column":39},"end":{"line":13,"column":72}}},"3":{"name":"(anonymous_11)","decl":{"start":{"line":13,"column":39},"end":{"line":13,"column":47}},"loc":{"start":{"line":13,"column":39},"end":{"line":13,"column":72}}},"4":{"name":"(anonymous_12)","decl":{"start":{"line":14,"column":31},"end":{"line":14,"column":34}},"loc":{"start":{"line":14,"column":36},"end":{"line":15,"column":45}}},"5":{"name":"(anonymous_13)","decl":{"start":{"line":14,"column":36},"end":{"line":14,"column":null}},"loc":{"start":{"line":14,"column":36},"end":{"line":15,"column":45}}},"6":{"name":"(anonymous_14)","decl":{"start":{"line":17,"column":33},"end":{"line":17,"column":36}},"loc":{"start":{"line":17,"column":38},"end":{"line":18,"column":47}}},"7":{"name":"(anonymous_15)","decl":{"start":{"line":17,"column":38},"end":{"line":17,"column":null}},"loc":{"start":{"line":17,"column":38},"end":{"line":18,"column":47}}},"8":{"name":"(anonymous_16)","decl":{"start":{"line":54,"column":2},"end":{"line":54,"column":14}},"loc":{"start":{"line":54,"column":35},"end":{"line":130,"column":3}}},"9":{"name":"(anonymous_17)","decl":{"start":{"line":132,"column":18},"end":{"line":132,"column":19}},"loc":{"start":{"line":132,"column":68},"end":{"line":172,"column":3}}},"10":{"name":"(anonymous_18)","decl":{"start":{"line":174,"column":17},"end":{"line":174,"column":18}},"loc":{"start":{"line":174,"column":46},"end":{"line":215,"column":3}}},"11":{"name":"(anonymous_19)","decl":{"start":{"line":217,"column":23},"end":{"line":217,"column":24}},"loc":{"start":{"line":217,"column":51},"end":{"line":230,"column":3}}},"12":{"name":"(anonymous_20)","decl":{"start":{"line":232,"column":24},"end":{"line":232,"column":null}},"loc":{"start":{"line":238,"column":12},"end":{"line":320,"column":3}}},"13":{"name":"(anonymous_21)","decl":{"start":{"line":255,"column":14},"end":{"line":255,"column":23}},"loc":{"start":{"line":255,"column":31},"end":{"line":309,"column":9}}},"14":{"name":"(anonymous_22)","decl":{"start":{"line":264,"column":14},"end":{"line":264,"column":15}},"loc":{"start":{"line":264,"column":50},"end":{"line":287,"column":15}}},"15":{"name":"(anonymous_23)","decl":{"start":{"line":310,"column":15},"end":{"line":310,"column":24}},"loc":{"start":{"line":310,"column":29},"end":{"line":316,"column":9}}},"16":{"name":"(anonymous_24)","decl":{"start":{"line":322,"column":19},"end":{"line":322,"column":28}},"loc":{"start":{"line":322,"column":30},"end":{"line":355,"column":3}}},"17":{"name":"(anonymous_25)","decl":{"start":{"line":329,"column":12},"end":{"line":329,"column":21}},"loc":{"start":{"line":329,"column":29},"end":{"line":347,"column":7}}},"18":{"name":"(anonymous_26)","decl":{"start":{"line":333,"column":35},"end":{"line":333,"column":42}},"loc":{"start":{"line":333,"column":69},"end":{"line":337,"column":12}}},"19":{"name":"(anonymous_27)","decl":{"start":{"line":333,"column":69},"end":{"line":333,"column":null}},"loc":{"start":{"line":333,"column":69},"end":{"line":337,"column":11}}},"20":{"name":"(anonymous_28)","decl":{"start":{"line":348,"column":13},"end":{"line":348,"column":22}},"loc":{"start":{"line":348,"column":27},"end":{"line":354,"column":7}}},"21":{"name":"(anonymous_29)","decl":{"start":{"line":378,"column":21},"end":{"line":378,"column":22}},"loc":{"start":{"line":378,"column":36},"end":{"line":380,"column":3}}},"22":{"name":"(anonymous_30)","decl":{"start":{"line":382,"column":16},"end":{"line":382,"column":17}},"loc":{"start":{"line":382,"column":42},"end":{"line":427,"column":3}}},"23":{"name":"(anonymous_31)","decl":{"start":{"line":403,"column":12},"end":{"line":403,"column":21}},"loc":{"start":{"line":403,"column":30},"end":{"line":419,"column":7}}},"24":{"name":"(anonymous_32)","decl":{"start":{"line":420,"column":13},"end":{"line":420,"column":22}},"loc":{"start":{"line":420,"column":27},"end":{"line":426,"column":7}}},"25":{"name":"(anonymous_33)","decl":{"start":{"line":429,"column":23},"end":{"line":429,"column":30}},"loc":{"start":{"line":429,"column":48},"end":{"line":481,"column":4}}},"26":{"name":"(anonymous_34)","decl":{"start":{"line":429,"column":48},"end":{"line":429,"column":null}},"loc":{"start":{"line":429,"column":48},"end":{"line":481,"column":3}}},"27":{"name":"(anonymous_35)","decl":{"start":{"line":444,"column":12},"end":{"line":444,"column":21}},"loc":{"start":{"line":444,"column":29},"end":{"line":454,"column":7}}},"28":{"name":"(anonymous_36)","decl":{"start":{"line":455,"column":13},"end":{"line":455,"column":22}},"loc":{"start":{"line":455,"column":27},"end":{"line":461,"column":7}}},"29":{"name":"(anonymous_37)","decl":{"start":{"line":469,"column":12},"end":{"line":469,"column":21}},"loc":{"start":{"line":469,"column":29},"end":{"line":475,"column":7}}},"30":{"name":"(anonymous_38)","decl":{"start":{"line":476,"column":13},"end":{"line":476,"column":22}},"loc":{"start":{"line":476,"column":27},"end":{"line":478,"column":7}}},"31":{"name":"(anonymous_39)","decl":{"start":{"line":483,"column":24},"end":{"line":483,"column":33}},"loc":{"start":{"line":483,"column":35},"end":{"line":485,"column":3}}},"32":{"name":"(anonymous_40)","decl":{"start":{"line":487,"column":26},"end":{"line":487,"column":35}},"loc":{"start":{"line":487,"column":37},"end":{"line":489,"column":3}}},"33":{"name":"(anonymous_41)","decl":{"start":{"line":491,"column":27},"end":{"line":491,"column":36}},"loc":{"start":{"line":491,"column":38},"end":{"line":493,"column":3}}},"34":{"name":"(anonymous_42)","decl":{"start":{"line":495,"column":18},"end":{"line":495,"column":19}},"loc":{"start":{"line":495,"column":65},"end":{"line":528,"column":3}}},"35":{"name":"(anonymous_43)","decl":{"start":{"line":512,"column":12},"end":{"line":512,"column":21}},"loc":{"start":{"line":512,"column":29},"end":{"line":520,"column":7}}},"36":{"name":"(anonymous_44)","decl":{"start":{"line":521,"column":13},"end":{"line":521,"column":22}},"loc":{"start":{"line":521,"column":27},"end":{"line":527,"column":7}}},"37":{"name":"(anonymous_45)","decl":{"start":{"line":530,"column":17},"end":{"line":530,"column":18}},"loc":{"start":{"line":530,"column":64},"end":{"line":564,"column":3}}},"38":{"name":"(anonymous_46)","decl":{"start":{"line":548,"column":12},"end":{"line":548,"column":21}},"loc":{"start":{"line":548,"column":29},"end":{"line":556,"column":7}}},"39":{"name":"(anonymous_47)","decl":{"start":{"line":557,"column":13},"end":{"line":557,"column":22}},"loc":{"start":{"line":557,"column":27},"end":{"line":563,"column":7}}},"40":{"name":"(anonymous_48)","decl":{"start":{"line":566,"column":24},"end":{"line":566,"column":33}},"loc":{"start":{"line":566,"column":35},"end":{"line":601,"column":3}}},"41":{"name":"(anonymous_49)","decl":{"start":{"line":579,"column":14},"end":{"line":579,"column":23}},"loc":{"start":{"line":579,"column":31},"end":{"line":590,"column":9}}},"42":{"name":"(anonymous_50)","decl":{"start":{"line":591,"column":15},"end":{"line":591,"column":24}},"loc":{"start":{"line":591,"column":29},"end":{"line":597,"column":9}}},"43":{"name":"(anonymous_51)","decl":{"start":{"line":603,"column":19},"end":{"line":603,"column":20}},"loc":{"start":{"line":603,"column":45},"end":{"line":605,"column":3}}},"44":{"name":"(anonymous_52)","decl":{"start":{"line":607,"column":22},"end":{"line":607,"column":31}},"loc":{"start":{"line":607,"column":33},"end":{"line":616,"column":3}}},"45":{"name":"(anonymous_53)","decl":{"start":{"line":357,"column":2},"end":{"line":357,"column":12}},"loc":{"start":{"line":357,"column":34},"end":{"line":376,"column":3}}},"46":{"name":"(anonymous_54)","decl":{"start":{"line":361,"column":17},"end":{"line":361,"column":20}},"loc":{"start":{"line":361,"column":23},"end":{"line":361,"column":63}}},"47":{"name":"(anonymous_55)","decl":{"start":{"line":618,"column":2},"end":{"line":618,"column":8}},"loc":{"start":{"line":618,"column":8},"end":{"line":767,"column":3}}}},"branchMap":{"0":{"loc":{"start":{"line":217,"column":39},"end":{"line":217,"column":41}},"type":"default-arg","locations":[{"start":{"line":217,"column":39},"end":{"line":217,"column":41}}]},"1":{"loc":{"start":{"line":245,"column":8},"end":{"line":245,"column":16}},"type":"binary-expr","locations":[{"start":{"line":245,"column":8},"end":{"line":245,"column":16}},{"start":{"line":245,"column":20},"end":{"line":245,"column":28}},{"start":{"line":245,"column":32},"end":{"line":245,"column":43}},{"start":{"line":245,"column":47},"end":{"line":245,"column":56}}]},"2":{"loc":{"start":{"line":267,"column":18},"end":{"line":267,"column":53}},"type":"binary-expr","locations":[{"start":{"line":267,"column":18},"end":{"line":267,"column":53}},{"start":{"line":268,"column":18},"end":{"line":268,"column":51}}]},"3":{"loc":{"start":{"line":272,"column":18},"end":{"line":272,"column":53}},"type":"binary-expr","locations":[{"start":{"line":272,"column":18},"end":{"line":272,"column":53}},{"start":{"line":273,"column":18},"end":{"line":273,"column":51}}]},"4":{"loc":{"start":{"line":277,"column":18},"end":{"line":277,"column":56}},"type":"binary-expr","locations":[{"start":{"line":277,"column":18},"end":{"line":277,"column":56}},{"start":{"line":278,"column":18},"end":{"line":278,"column":51}}]},"5":{"loc":{"start":{"line":282,"column":18},"end":{"line":282,"column":50}},"type":"binary-expr","locations":[{"start":{"line":282,"column":18},"end":{"line":282,"column":50}},{"start":{"line":283,"column":18},"end":{"line":283,"column":51}}]},"6":{"loc":{"start":{"line":609,"column":8},"end":{"line":609,"column":12}},"type":"binary-expr","locations":[{"start":{"line":609,"column":8},"end":{"line":609,"column":12}},{"start":{"line":609,"column":16},"end":{"line":609,"column":30}},{"start":{"line":609,"column":34},"end":{"line":609,"column":48}}]},"7":{"loc":{"start":{"line":613,"column":8},"end":{"line":613,"column":33}},"type":"binary-expr","locations":[{"start":{"line":613,"column":8},"end":{"line":613,"column":33}},{"start":{"line":613,"column":37},"end":{"line":613,"column":66}}]},"8":{"loc":{"start":{"line":641,"column":11},"end":{"line":641,"column":27}},"type":"binary-expr","locations":[{"start":{"line":641,"column":11},"end":{"line":641,"column":27}},{"start":{"line":641,"column":31},"end":{"line":641,"column":47}},{"start":{"line":641,"column":51},"end":{"line":641,"column":70}},{"start":{"line":642,"column":12},"end":{"line":650,"column":null}}]},"9":{"loc":{"start":{"line":654,"column":11},"end":{"line":654,"column":30}},"type":"binary-expr","locations":[{"start":{"line":654,"column":11},"end":{"line":654,"column":30}},{"start":{"line":655,"column":12},"end":{"line":655,"column":28}},{"start":{"line":656,"column":12},"end":{"line":656,"column":20}},{"start":{"line":657,"column":12},"end":{"line":657,"column":27}},{"start":{"line":658,"column":14},"end":{"line":665,"column":null}}]},"10":{"loc":{"start":{"line":669,"column":11},"end":{"line":669,"column":26}},"type":"binary-expr","locations":[{"start":{"line":669,"column":11},"end":{"line":669,"column":26}},{"start":{"line":669,"column":30},"end":{"line":669,"column":49}},{"start":{"line":669,"column":53},"end":{"line":669,"column":68}},{"start":{"line":670,"column":12},"end":{"line":685,"column":null}}]},"11":{"loc":{"start":{"line":690,"column":13},"end":{"line":690,"column":31}},"type":"binary-expr","locations":[{"start":{"line":690,"column":13},"end":{"line":690,"column":31}},{"start":{"line":690,"column":35},"end":{"line":690,"column":51}},{"start":{"line":690,"column":55},"end":{"line":690,"column":70}},{"start":{"line":691,"column":14},"end":{"line":698,"column":null}}]},"12":{"loc":{"start":{"line":702,"column":13},"end":{"line":702,"column":32}},"type":"binary-expr","locations":[{"start":{"line":702,"column":13},"end":{"line":702,"column":32}},{"start":{"line":703,"column":14},"end":{"line":703,"column":30}},{"start":{"line":704,"column":14},"end":{"line":704,"column":22}},{"start":{"line":705,"column":14},"end":{"line":705,"column":30}},{"start":{"line":706,"column":16},"end":{"line":720,"column":null}}]},"13":{"loc":{"start":{"line":724,"column":13},"end":{"line":724,"column":29}},"type":"binary-expr","locations":[{"start":{"line":724,"column":13},"end":{"line":724,"column":29}},{"start":{"line":725,"column":14},"end":{"line":734,"column":null}}]},"14":{"loc":{"start":{"line":738,"column":13},"end":{"line":738,"column":32}},"type":"binary-expr","locations":[{"start":{"line":738,"column":13},"end":{"line":738,"column":32}},{"start":{"line":739,"column":14},"end":{"line":739,"column":30}},{"start":{"line":740,"column":14},"end":{"line":740,"column":22}},{"start":{"line":741,"column":14},"end":{"line":741,"column":30}},{"start":{"line":742,"column":14},"end":{"line":742,"column":33}},{"start":{"line":743,"column":16},"end":{"line":749,"column":null}}]},"15":{"loc":{"start":{"line":758,"column":14},"end":{"line":758,"column":null}},"type":"cond-expr","locations":[{"start":{"line":758,"column":14},"end":{"line":758,"column":null}},{"start":{"line":762,"column":16},"end":{"line":762,"column":20}}]},"16":{"loc":{"start":{"line":753,"column":13},"end":{"line":753,"column":32}},"type":"binary-expr","locations":[{"start":{"line":753,"column":13},"end":{"line":753,"column":32}},{"start":{"line":754,"column":12},"end":{"line":754,"column":28}},{"start":{"line":755,"column":12},"end":{"line":755,"column":20}},{"start":{"line":756,"column":12},"end":{"line":756,"column":28}},{"start":{"line":757,"column":12},"end":{"line":757,"column":31}}]}},"s":{"0":1,"1":1,"2":1,"3":1,"4":1,"5":1,"6":1,"7":1,"8":1,"9":1,"10":0,"11":1,"12":0,"13":1,"14":0,"15":1,"16":0,"17":6,"18":6,"19":0,"20":0,"21":0,"22":0,"23":0,"24":6,"25":0,"26":0,"27":0,"28":0,"29":0,"30":6,"31":0,"32":0,"33":0,"34":6,"35":0,"36":0,"37":0,"38":0,"39":0,"40":0,"41":0,"42":0,"43":0,"44":0,"45":0,"46":0,"47":0,"48":0,"49":0,"50":0,"51":0,"52":0,"53":6,"54":0,"55":0,"56":0,"57":0,"58":0,"59":0,"60":0,"61":0,"62":0,"63":0,"64":0,"65":0,"66":6,"67":0,"68":6,"69":0,"70":0,"71":0,"72":0,"73":0,"74":0,"75":0,"76":0,"77":0,"78":0,"79":6,"80":0,"81":0,"82":0,"83":0,"84":0,"85":0,"86":0,"87":0,"88":0,"89":0,"90":0,"91":0,"92":0,"93":6,"94":0,"95":6,"96":0,"97":6,"98":0,"99":6,"100":0,"101":0,"102":0,"103":0,"104":0,"105":0,"106":6,"107":0,"108":0,"109":0,"110":0,"111":0,"112":0,"113":6,"114":0,"115":0,"116":0,"117":0,"118":0,"119":0,"120":0,"121":0,"122":0,"123":6,"124":0,"125":6,"126":6,"127":0,"128":0,"129":6,"130":6,"131":6,"132":6,"133":6,"134":6,"135":6,"136":6,"137":6,"138":6,"139":6,"140":6,"141":6,"142":6,"143":6,"144":6,"145":6,"146":0,"147":0,"148":11,"149":11,"150":1,"151":1},"f":{"0":0,"1":0,"2":0,"3":0,"4":0,"5":0,"6":0,"7":0,"8":6,"9":0,"10":0,"11":0,"12":0,"13":0,"14":0,"15":0,"16":0,"17":0,"18":0,"19":0,"20":0,"21":0,"22":0,"23":0,"24":0,"25":0,"26":0,"27":0,"28":0,"29":0,"30":0,"31":0,"32":0,"33":0,"34":0,"35":0,"36":0,"37":0,"38":0,"39":0,"40":0,"41":0,"42":0,"43":0,"44":6,"45":0,"46":0,"47":11},"b":{"0":[0],"1":[0,0,0,0],"2":[0,0],"3":[0,0],"4":[0,0],"5":[0,0],"6":[6,0,0],"7":[6,0],"8":[11,9,9,9],"9":[11,10,10,10,1],"10":[11,0,0,0],"11":[11,1,1,1],"12":[11,10,10,10,9],"13":[11,11],"14":[11,10,10,10,9,0],"15":[9,2],"16":[11,10,10,10,9]}}
,"/Users/radoszszymon/Desktop/projects/emamy/app/components/LoggedInScreens/FindUsers/style.tsx": {"path":"/Users/radoszszymon/Desktop/projects/emamy/app/components/LoggedInScreens/FindUsers/style.tsx","statementMap":{"0":{"start":{"line":1,"column":0},"end":{"line":1,"column":null}},"1":{"start":{"line":8,"column":0},"end":{"line":8,"column":null}},"2":{"start":{"line":18,"column":18},"end":{"line":18,"column":48}},"3":{"start":{"line":19,"column":19},"end":{"line":19,"column":50}},"4":{"start":{"line":53,"column":0},"end":{"line":222,"column":3}}},"fnMap":{},"branchMap":{},"s":{"0":1,"1":1,"2":1,"3":1,"4":1},"f":{},"b":{}}
,"/Users/radoszszymon/Desktop/projects/emamy/app/components/LoggedInScreens/FindUsers/utils/UserList.tsx": {"path":"/Users/radoszszymon/Desktop/projects/emamy/app/components/LoggedInScreens/FindUsers/utils/UserList.tsx","statementMap":{"0":{"start":{"line":1,"column":0},"end":{"line":1,"column":42}},"1":{"start":{"line":2,"column":0},"end":{"line":2,"column":36}},"2":{"start":{"line":3,"column":0},"end":{"line":3,"column":49}},"3":{"start":{"line":4,"column":0},"end":{"line":4,"column":65}},"4":{"start":{"line":6,"column":17},"end":{"line":45,"column":1}},"5":{"start":{"line":13,"column":18},"end":{"line":13,"column":43}},"6":{"start":{"line":15,"column":4},"end":{"line":43,"column":6}},"7":{"start":{"line":18,"column":10},"end":{"line":38,"column":12}},"8":{"start":{"line":33,"column":16},"end":{"line":33,"column":50}},"9":{"start":{"line":34,"column":16},"end":{"line":34,"column":48}},"10":{"start":{"line":47,"column":0},"end":{"line":47,"column":36}}},"fnMap":{"0":{"name":"(anonymous_2)","decl":{"start":{"line":6,"column":17},"end":{"line":6,"column":18}},"loc":{"start":{"line":12,"column":10},"end":{"line":45,"column":1}}},"1":{"name":"(anonymous_3)","decl":{"start":{"line":16,"column":25},"end":{"line":16,"column":26}},"loc":{"start":{"line":16,"column":50},"end":{"line":40,"column":7}}},"2":{"name":"(anonymous_4)","decl":{"start":{"line":32,"column":23},"end":{"line":32,"column":26}},"loc":{"start":{"line":32,"column":28},"end":{"line":35,"column":15}}}},"branchMap":{"0":{"loc":{"start":{"line":16,"column":6},"end":{"line":40,"column":8}},"type":"cond-expr","locations":[{"start":{"line":16,"column":6},"end":{"line":40,"column":8}},{"start":{"line":42,"column":6},"end":{"line":42,"column":59}}]},"1":{"loc":{"start":{"line":15,"column":11},"end":{"line":15,"column":25}},"type":"binary-expr","locations":[{"start":{"line":15,"column":11},"end":{"line":15,"column":25}},{"start":{"line":15,"column":29},"end":{"line":15,"column":54}}]},"2":{"loc":{"start":{"line":24,"column":49},"end":{"line":24,"column":69}},"type":"cond-expr","locations":[{"start":{"line":24,"column":49},"end":{"line":24,"column":69}},{"start":{"line":24,"column":72},"end":{"line":24,"column":74}}]},"3":{"loc":{"start":{"line":27,"column":20},"end":{"line":29,"column":50}},"type":"cond-expr","locations":[{"start":{"line":27,"column":20},"end":{"line":29,"column":50}},{"start":{"line":30,"column":20},"end":{"line":30,"column":null}}]},"4":{"loc":{"start":{"line":28,"column":22},"end":{"line":28,"column":33}},"type":"cond-expr","locations":[{"start":{"line":28,"column":22},"end":{"line":28,"column":33}},{"start":{"line":29,"column":22},"end":{"line":29,"column":50}}]}},"s":{"0":1,"1":1,"2":1,"3":1,"4":1,"5":0,"6":0,"7":0,"8":0,"9":0,"10":1},"f":{"0":0,"1":0,"2":0},"b":{"0":[0,0],"1":[0,0],"2":[0,0],"3":[0,0],"4":[0,0]}}
,"/Users/radoszszymon/Desktop/projects/emamy/app/components/LoggedInScreens/Forum/Forum.tsx": {"path":"/Users/radoszszymon/Desktop/projects/emamy/app/components/LoggedInScreens/Forum/Forum.tsx","statementMap":{"0":{"start":{"line":1,"column":0},"end":{"line":1,"column":51}},"1":{"start":{"line":2,"column":0},"end":{"line":2,"column":59}},"2":{"start":{"line":3,"column":0},"end":{"line":3,"column":26}},"3":{"start":{"line":4,"column":0},"end":{"line":4,"column":86}},"4":{"start":{"line":5,"column":0},"end":{"line":5,"column":29}},"5":{"start":{"line":6,"column":0},"end":{"line":6,"column":58}},"6":{"start":{"line":7,"column":0},"end":{"line":7,"column":62}},"7":{"start":{"line":8,"column":0},"end":{"line":8,"column":60}},"8":{"start":{"line":10,"column":21},"end":{"line":10,"column":71}},"9":{"start":{"line":12,"column":20},"end":{"line":12,"column":67}},"10":{"start":{"line":12,"column":36},"end":{"line":12,"column":66}},"11":{"start":{"line":13,"column":17},"end":{"line":13,"column":61}},"12":{"start":{"line":13,"column":33},"end":{"line":13,"column":60}},"13":{"start":{"line":14,"column":23},"end":{"line":14,"column":73}},"14":{"start":{"line":14,"column":39},"end":{"line":14,"column":72}},"15":{"start":{"line":32,"column":4},"end":{"line":32,"column":17}},"16":{"start":{"line":52,"column":2},"end":{"line":65,"column":4}},"17":{"start":{"line":53,"column":4},"end":{"line":55,"column":8}},"18":{"start":{"line":57,"column":6},"end":{"line":57,"column":22}},"19":{"start":{"line":59,"column":6},"end":{"line":63,"column":8}},"20":{"start":{"line":67,"column":2},"end":{"line":71,"column":4}},"21":{"start":{"line":68,"column":4},"end":{"line":70,"column":8}},"22":{"start":{"line":73,"column":2},"end":{"line":85,"column":4}},"23":{"start":{"line":75,"column":6},"end":{"line":78,"column":10}},"24":{"start":{"line":80,"column":6},"end":{"line":83,"column":10}},"25":{"start":{"line":87,"column":2},"end":{"line":122,"column":4}},"26":{"start":{"line":92,"column":18},"end":{"line":92,"column":38}},"27":{"start":{"line":94,"column":15},"end":{"line":94,"column":19}},"28":{"start":{"line":96,"column":4},"end":{"line":121,"column":9}},"29":{"start":{"line":102,"column":10},"end":{"line":102,"column":42}},"30":{"start":{"line":103,"column":10},"end":{"line":108,"column":13}},"31":{"start":{"line":111,"column":12},"end":{"line":111,"column":46}},"32":{"start":{"line":116,"column":8},"end":{"line":120,"column":10}},"33":{"start":{"line":124,"column":2},"end":{"line":146,"column":4}},"34":{"start":{"line":125,"column":18},"end":{"line":125,"column":38}},"35":{"start":{"line":127,"column":15},"end":{"line":127,"column":19}},"36":{"start":{"line":129,"column":4},"end":{"line":145,"column":9}},"37":{"start":{"line":133,"column":10},"end":{"line":133,"column":55}},"38":{"start":{"line":134,"column":10},"end":{"line":136,"column":13}},"39":{"start":{"line":140,"column":8},"end":{"line":144,"column":10}},"40":{"start":{"line":148,"column":2},"end":{"line":151,"column":4}},"41":{"start":{"line":149,"column":4},"end":{"line":149,"column":49}},"42":{"start":{"line":150,"column":4},"end":{"line":150,"column":30}},"43":{"start":{"line":153,"column":2},"end":{"line":219,"column":4}},"44":{"start":{"line":159,"column":18},"end":{"line":159,"column":38}},"45":{"start":{"line":162,"column":6},"end":{"line":166,"column":8}},"46":{"start":{"line":175,"column":17},"end":{"line":175,"column":21}},"47":{"start":{"line":177,"column":6},"end":{"line":211,"column":11}},"48":{"start":{"line":186,"column":12},"end":{"line":189,"column":15}},"49":{"start":{"line":190,"column":12},"end":{"line":190,"column":28}},"50":{"start":{"line":192,"column":12},"end":{"line":196,"column":14}},"51":{"start":{"line":198,"column":12},"end":{"line":202,"column":14}},"52":{"start":{"line":206,"column":10},"end":{"line":210,"column":12}},"53":{"start":{"line":213,"column":6},"end":{"line":217,"column":8}},"54":{"start":{"line":221,"column":2},"end":{"line":223,"column":4}},"55":{"start":{"line":222,"column":4},"end":{"line":222,"column":48}},"56":{"start":{"line":33,"column":4},"end":{"line":42,"column":6}},"57":{"start":{"line":44,"column":4},"end":{"line":44,"column":45}},"58":{"start":{"line":45,"column":4},"end":{"line":45,"column":65}},"59":{"start":{"line":46,"column":4},"end":{"line":46,"column":45}},"60":{"start":{"line":47,"column":4},"end":{"line":47,"column":59}},"61":{"start":{"line":48,"column":4},"end":{"line":48,"column":71}},"62":{"start":{"line":49,"column":4},"end":{"line":49,"column":67}},"63":{"start":{"line":234,"column":8},
[...]
"end":{"line":12,"column":44}},"loc":{"start":{"line":12,"column":36},"end":{"line":12,"column":66}}},"4":{"name":"(anonymous_12)","decl":{"start":{"line":13,"column":32},"end":{"line":13,"column":35}},"loc":{"start":{"line":13,"column":37},"end":{"line":13,"column":68}}},"5":{"name":"(anonymous_13)","decl":{"start":{"line":13,"column":37},"end":{"line":13,"column":45}},"loc":{"start":{"line":13,"column":37},"end":{"line":13,"column":68}}},"6":{"name":"(anonymous_14)","decl":{"start":{"line":14,"column":36},"end":{"line":14,"column":39}},"loc":{"start":{"line":14,"column":41},"end":{"line":14,"column":76}}},"7":{"name":"(anonymous_15)","decl":{"start":{"line":14,"column":41},"end":{"line":14,"column":49}},"loc":{"start":{"line":14,"column":41},"end":{"line":14,"column":76}}},"8":{"name":"(anonymous_16)","decl":{"start":{"line":15,"column":39},"end":{"line":15,"column":42}},"loc":{"start":{"line":15,"column":44},"end":{"line":16,"column":39}}},"9":{"name":"(anonymous_17)","decl":{"start":{"line":15,"column":44},"end":{"line":15,"column":null}},"loc":{"start":{"line":15,"column":44},"end":{"line":16,"column":39}}},"10":{"name":"(anonymous_18)","decl":{"start":{"line":50,"column":2},"end":{"line":50,"column":14}},"loc":{"start":{"line":50,"column":46},"end":{"line":93,"column":3}}},"11":{"name":"(anonymous_19)","decl":{"start":{"line":95,"column":22},"end":{"line":95,"column":31}},"loc":{"start":{"line":95,"column":33},"end":{"line":137,"column":4}}},"12":{"name":"(anonymous_20)","decl":{"start":{"line":95,"column":33},"end":{"line":95,"column":null}},"loc":{"start":{"line":95,"column":33},"end":{"line":137,"column":3}}},"13":{"name":"(anonymous_21)","decl":{"start":{"line":124,"column":39},"end":{"line":124,"column":46}},"loc":{"start":{"line":124,"column":69},"end":{"line":134,"column":10}}},"14":{"name":"(anonymous_22)","decl":{"start":{"line":124,"column":69},"end":{"line":124,"column":null}},"loc":{"start":{"line":124,"column":69},"end":{"line":134,"column":9}}},"15":{"name":"(anonymous_24)","decl":{"start":{"line":139,"column":23},"end":{"line":139,"column":24}},"loc":{"start":{"line":139,"column":49},"end":{"line":143,"column":3}}},"16":{"name":"(anonymous_26)","decl":{"start":{"line":141,"column":34},"end":{"line":141,"column":35}},"loc":{"start":{"line":141,"column":48},"end":{"line":141,"column":68}}},"17":{"name":"(anonymous_27)","decl":{"start":{"line":145,"column":21},"end":{"line":145,"column":30}},"loc":{"start":{"line":145,"column":32},"end":{"line":162,"column":4}}},"18":{"name":"(anonymous_28)","decl":{"start":{"line":145,"column":32},"end":{"line":145,"column":null}},"loc":{"start":{"line":145,"column":32},"end":{"line":162,"column":3}}},"19":{"name":"(anonymous_29)","decl":{"start":{"line":154,"column":15},"end":{"line":154,"column":24}},"loc":{"start":{"line":154,"column":29},"end":{"line":156,"column":9}}},"20":{"name":"(anonymous_30)","decl":{"start":{"line":164,"column":18},"end":{"line":164,"column":27}},"loc":{"start":{"line":164,"column":29},"end":{"line":180,"column":4}}},"21":{"name":"(anonymous_31)","decl":{"start":{"line":164,"column":29},"end":{"line":164,"column":null}},"loc":{"start":{"line":164,"column":29},"end":{"line":180,"column":3}}},"22":{"name":"(anonymous_32)","decl":{"start":{"line":173,"column":15},"end":{"line":173,"column":24}},"loc":{"start":{"line":173,"column":29},"end":{"line":175,"column":9}}},"23":{"name":"(anonymous_33)","decl":{"start":{"line":182,"column":14},"end":{"line":182,"column":15}},"loc":{"start":{"line":182,"column":39},"end":{"line":188,"column":3}}},"24":{"name":"(anonymous_34)","decl":{"start":{"line":190,"column":16},"end":{"line":190,"column":25}},"loc":{"start":{"line":190,"column":27},"end":{"line":212,"column":3}}},"25":{"name":"(anonymous_35)","decl":{"start":{"line":195,"column":29},"end":{"line":195,"column":36}},"loc":{"start":{"line":195,"column":78},"end":{"line":208,"column":8}}},"26":{"name":"(anonymous_36)","decl":{"start":{"line":195,"column":78},"end":{"line":195,"column":null}},"loc":{"start":{"line":195,"column":78},"end":{"line":208,"column":7}}},"27":{"name":"(anonymous_37)","decl":{"start":{"line":202,"column":19},"end":{"line":202,"column":28}},"loc":{"start":{"line":202,"column":33},"end":{"line":204,"column":13}}},"28":{"name":"(anonymous_38)","decl":{"start":{"line":214,"column":22},"end":{"line":214,"column":23}},"loc":{"start":{"line":214,"column":51},"end":{"line":227,"column":3}}},"29":{"name":"(anonymous_39)","decl":{"start":{"line":219,"column":6},"end":{"line":219,"column":7}},"loc":{"start":{"line":219,"column":34},"end":{"line":219,"column":57}}},"30":{"name":"(anonymous_40)","decl":{"start":{"line":229,"column":19},"end":{"line":229,"column":26}},"loc":{"start":{"line":229,"column":41},"end":{"line":231,"column":4}}},"31":{"name":"(anonymous_41)","decl":{"start":{"line":229,"column":41},"end":{"line":229,"column":null}},"loc":{"start":{"line":229,"column":41},"end":{"line":231,"column":3}}},"32":{"name":"(anonymous_42)","decl":{"start":{"line":233,"column":18},"end":{"line":233,"column":27}},"loc":{"start":{"line":233,"column":29},"end":{"line":288,"column":3}}},"33":{"name":"(anonymous_43)","decl":{"start":{"line":241,"column":40},"end":{"line":241,"column":47}},"loc":{"start":{"line":241,"column":72},"end":{"line":246,"column":8}}},"34":{"name":"(anonymous_44)","decl":{"start":{"line":241,"column":72},"end":{"line":241,"column":null}},"loc":{"start":{"line":241,"column":72},"end":{"line":246,"column":7}}},"35":{"name":"(anonymous_45)","decl":{"start":{"line":251,"column":12},"end":{"line":251,"column":20}},"loc":{"start":{"line":251,"column":23},"end":{"line":284,"column":7}}},"36":{"name":"(anonymous_46)","decl":{"start":{"line":255,"column":12},"end":{"line":255,"column":13}},"loc":{"start":{"line":255,"column":63},"end":{"line":281,"column":13}}},"37":{"name":"(anonymous_47)","decl":{"start":{"line":260,"column":18},"end":{"line":260,"column":29}},"loc":{"start":{"line":260,"column":33},"end":{"line":260,"column":64}}},"38":{"name":"(anonymous_49)","decl":{"start":{"line":285,"column":13},"end":{"line":285,"column":22}},"loc":{"start":{"line":285,"column":27},"end":{"line":287,"column":7}}},"39":{"name":"(anonymous_50)","decl":{"start":{"line":290,"column":21},"end":{"line":290,"column":22}},"loc":{"start":{"line":290,"column":44},"end":{"line":292,"column":3}}},"40":{"name":"(anonymous_51)","decl":{"start":{"line":294,"column":21},"end":{"line":294,"column":22}},"loc":{"start":{"line":294,"column":44},"end":{"line":296,"column":3}}},"41":{"name":"(anonymous_52)","decl":{"start":{"line":298,"column":11},"end":{"line":298,"column":20}},"loc":{"start":{"line":298,"column":22},"end":{"line":315,"column":4}}},"42":{"name":"(anonymous_53)","decl":{"start":{"line":298,"column":22},"end":{"line":298,"column":null}},"loc":{"start":{"line":298,"column":22},"end":{"line":315,"column":3}}},"43":{"name":"(anonymous_55)","decl":{"start":{"line":317,"column":17},"end":{"line":317,"column":18}},"loc":{"start":{"line":317,"column":49},"end":{"line":320,"column":3}}},"44":{"name":"(anonymous_56)","decl":{"start":{"line":319,"column":18},"end":{"line":319,"column":27}},"loc":{"start":{"line":319,"column":31},"end":{"line":319,"column":48}}},"45":{"name":"(anonymous_57)","decl":{"start":{"line":322,"column":22},"end":{"line":322,"column":25}},"loc":{"start":{"line":322,"column":27},"end":{"line":343,"column":3}}},"46":{"name":"(anonymous_58)","decl":{"start":{"line":336,"column":12},"end":{"line":336,"column":13}},"loc":{"start":{"line":336,"column":27},"end":{"line":339,"column":7}}},"47":{"name":"(anonymous_59)","decl":{"start":{"line":340,"column":13},"end":{"line":340,"column":14}},"loc":{"start":{"line":340,"column":24},"end":{"line":342,"column":7}}},"48":{"name":"(anonymous_60)","decl":{"start":{"line":345,"column":15},"end":{"line":345,"column":24}},"loc":{"start":{"line":345,"column":26},"end":{"line":367,"column":4}}},"49":{"name":"(anonymous_61)","decl":{"start":{"line":345,"column":26},"end":{"line":345,"column":null}},"loc":{"start":{"line":345,"column":26},"end":{"line":367,"column":3}}},"50":{"name":"(anonymous_62)","decl":{"start":{"line":358,"column":17},"end":{"line":358,"column":26}},"loc":{"start":{"line":358,"column":31},"end":{"line":360,"column":11}}},"51":{"name":"(anonymous_63)","decl":{"start":{"line":369,"column":23},"end":{"line":369,"column":32}},"loc":{"start":{"line":369,"column":34},"end":{"line":396,"column":4}}},"52":{"name":"(anonymous_64)","decl":{"start":{"line":369,"column":34},"end":{"line":369,"column":null}},"loc":{"start":{"line":369,"column":34},"end":{"line":396,"column":3}}},"53":{"name":"(anonymous_65)","decl":{"start":{"line":374,"column":6},"end":{"line":374,"column":7}},"loc":{"start":{"line":374,"column":19},"end":{"line":391,"column":7}}},"54":{"name":"(anonymous_66)","decl":{"start":{"line":392,"column":6},"end":{"line":392,"column":7}},"loc":{"start":{"line":392,"column":21},"end":{"line":394,"column":7}}},"55":{"name":"(anonymous_67)","decl":{"start":{"line":398,"column":17},"end":{"line":398,"column":26}},"loc":{"start":{"line":398,"column":28},"end":{"line":422,"column":4}}},"56":{"name":"(anonymous_68)","decl":{"start":{"line":398,"column":28},"end":{"line":398,"column":null}},"loc":{"start":{"line":398,"column":28},"end":{"line":422,"column":3}}},"57":{"name":"(anonymous_69)","decl":{"start":{"line":414,"column":15},"end":{"line":414,"column":24}},"loc":{"start":{"line":414,"column":29},"end":{"line":416,"column":9}}},"58":{"name":"(anonymous_70)","decl":{"start":{"line":424,"column":17},"end":{"line":424,"column":26}},"loc":{"start":{"line":424,"column":28},"end":{"line":446,"column":3}}},"59":{"name":"(anonymous_71)","decl":{"start":{"line":429,"column":26},"end":{"line":429,"column":33}},"loc":{"start":{"line":429,"column":45},"end":{"line":442,"column":8}}},"60":{"name":"(anonymous_72)","decl":{"start":{"line":429,"column":45},"end":{"line":429,"column":null}},"loc":{"start":{"line":429,"column":45},"end":{"line":442,"column":7}}},"61":{"name":"(anonymous_73)","decl":{"start":{"line":437,"column":17},"end":{"line":437,"column":26}},"loc":{"start":{"line":437,"column":31},"end":{"line":439,"column":11}}},"62":{"name":"(anonymous_74)","decl":{"start":{"line":448,"column":13},"end":{"line":448,"column":22}},"loc":{"start":{"line":448,"column":24},"end":{"line":450,"column":3}}},"63":{"name":"(anonymous_75)","decl":{"start":{"line":452,"column":13},"end":{"line":452,"column":22}},"loc":{"start":{"line":452,"column":24},"end":{"line":454,"column":3}}},"64":{"name":"(anonymous_76)","decl":{"start":{"line":456,"column":15},"end":{"line":456,"column":24}},"loc":{"start":{"line":456,"column":26},"end":{"line":469,"column":4}}},"65":{"name":"(anonymous_77)","decl":{"start":{"line":456,"column":26},"end":{"line":456,"column":null}},"loc":{"start":{"line":456,"column":26},"end":{"line":469,"column":3}}},"66":{"name":"(anonymous_78)","decl":{"start":{"line":471,"column":2},"end":{"line":471,"column":8}},"loc":{"start":{"line":471,"column":8},"end":{"line":562,"column":3}}}},"branchMap":{"0":{"loc":{"start":{"line":101,"column":12},"end":{"line":101,"column":45}},"type":"cond-expr","locations":[{"start":{"line":101,"column":12},"end":{"line":101,"column":45}},{"start":{"line":102,"column":12},"end":{"line":102,"column":14}}]},"1":{"loc":{"start":{"line":107,"column":8},"end":{"line":107,"column":45}},"type":"binary-expr","locations":[{"start":{"line":107,"column":8},"end":{"line":107,"column":45}},{"start":{"line":108,"column":8},"end":{"line":108,"column":45}}]},"2":{"loc":{"start":{"line":123,"column":10},"end":{"line":123,"column":36}},"type":"binary-expr","locations":[{"start":{"line":123,"column":10},"end":{"line":123,"column":36}},{"start":{"line":123,"column":40},"end":{"line":123,"column":77}}]},"3":{"loc":{"start":{"line":238,"column":6},"end":{"line":238,"column":35}},"type":"binary-expr","locations":[{"start":{"line":238,"column":6},"end":{"line":238,"column":35}},{"start":{"line":239,"column":6},"end":{"line":239,"column":46}}]},"4":{"loc":{"start":{"line":376,"column":10},"end":{"line":376,"column":46}},"type":"binary-expr","locations":[{"start":{"line":376,"column":10},"end":{"line":376,"column":46}},{"start":{"line":377,"column":10},"end":{"line":377,"column":56}},{"start":{"line":378,"column":10},"end":{"line":378,"column":46}},{"start":{"line":379,"column":10},"end":{"line":379,"column":56}}]},"5":{"loc":{"start":{"line":489,"column":10},"end":{"line":490,"column":null}},"type":"cond-expr","locations":[{"start":{"line":489,"column":10},"end":{"line":490,"column":null}},{"start":{"line":493,"column":10},"end":{"line":557,"column":null}}]},"6":{"loc":{"start":{"line":494,"column":13},"end":{"line":494,"column":29}},"type":"binary-expr","locations":[{"start":{"line":494,"column":13},"end":{"line":494,"column":29}},{"start":{"line":495,"column":14},"end":{"line":502,"column":null}}]},"7":{"loc":{"start":{"line":505,"column":13},"end":{"line":505,"column":29}},"type":"binary-expr","locations":[{"start":{"line":505,"column":13},"end":{"line":505,"column":29}},{"start":{"line":506,"column":14},"end":{"line":515,"column":null}}]},"8":{"loc":{"start":{"line":518,"column":13},"end":{"line":518,"column":29}},"type":"binary-expr","locations":[{"start":{"line":518,"column":13},"end":{"line":518,"column":29}},{"start":{"line":519,"column":14},"end":{"line":526,"column":null}}]},"9":{"loc":{"start":{"line":529,"column":13},"end":{"line":529,"column":29}},"type":"binary-expr","locations":[{"start":{"line":529,"column":13},"end":{"line":529,"column":29}},{"start":{"line":530,"column":14},"end":{"line":544,"column":null}}]},"10":{"loc":{"start":{"line":547,"column":13},"end":{"line":547,"column":29}},"type":"binary-expr","locations":[{"start":{"line":547,"column":13},"end":{"line":547,"column":29}},{"start":{"line":548,"column":14},"end":{"line":555,"column":null}}]}},"s":{"0":1,"1":1,"2":1,"3":1,"4":1,"5":1,"6":1,"7":1,"8":1,"9":0,"10":1,"11":0,"12":1,"13":0,"14":1,"15":0,"16":1,"17":0,"18":1,"19":10,"20":10,"21":10,"22":0,"23":0,"24":0,"25":0,"26":0,"27":0,"28":10,"29":0,"30":0,"31":10,"32":0,"33":0,"34":0,"35":0,"36":0,"37":0,"38":0,"39":10,"40":0,"41":0,"42":0,"43":0,"44":0,"45":0,"46":0,"47":10,"48":0,"49":0,"50":10,"51":0,"52":0,"53":0,"54":0,"55":0,"56":0,"57":0,"58":0,"59":10,"60":0,"61":0,"62":0,"63":0,"64":0,"65":10,"66":0,"67":0,"68":10,"69":0,"70":0,"71":0,"72":0,"73":0,"74":0,"75":0,"76":0,"77":0,"78":0,"79":0,"80":0,"81":0,"82":10,"83":0,"84":10,"85":0,"86":10,"87":0,"88":0,"89":0,"90":10,"91":0,"92":0,"93":10,"94":0,"95":0,"96":0,"97":0,"98":10,"99":0,"100":0,"101":0,"102":0,"103":0,"104":0,"105":0,"106":0,"107":0,"108":0,"109":0,"110":10,"111":0,"112":0,"113":0,"114":0,"115":0,"116":0,"117":0,"118":0,"119":0,"120":0,"121":10,"122":0,"123":0,"124":0,"125":0,"126":0,"127":0,"128":0,"129":0,"130":10,"131":0,"132":0,"133":0,"134":0,"135":0,"136":0,"137":0,"138":0,"139":10,"140":1,"141":10,"142":1,"143":10,"144":0,"145":0,"146":0,"147":0,"148":0,"149":0,"150":0,"151":0,"152":0,"153":0,"154":0,"155":10,"156":10,"157":10,"158":10,"159":10,"160":10,"161":10,"162":10,"163":10,"164":10,"165":10,"166":10,"167":10,"168":10,"169":10,"170":10,"171":10,"172":10,"173":10,"174":10,"175":10,"176":21,"177":21,"178":1,"179":1},"f":{"0":0,"1":0,"2":0,"3":0,"4":0,"5":0,"6":0,"7":0,"8":0,"9":0,"10":10,"11":10,"12":10,"13":0,"14":0,"15":0,"16":0,"17":0,"18":0,"19":0,"20":0,"21":0,"22":0,"23":0,"24":0,"25":0,"26":0,"27":0,"28":0,"29":0,"30":0,"31":0,"32":0,"33":0,"34":0,"35":0,"36":0,"37":0,"38":0,"39":0,"40":0,"41":0,"42":0,"43":0,"44":0,"45":0,"46":0,"47":0,"48":0,"49":0,"50":0,"51":0,"52":0,"53":0,"54":0,"55":0,"56":0,"57":0,"58":0,"59":0,"60":0,"61":0,"62":1,"63":1,"64":0,"65":0,"66":21},"b":{"0":[0,0],"1":[0,0],"2":[0,0],"3":[0,0],"4":[0,0,0,0],"5":[2,19],"6":[19,13],"7":[19,3],"8":[19,1],"9":[19,1],"10":[19,1]}}
,"/Users/radoszszymon/Desktop/projects/emamy/app/components/NotLoggedInScreens/EditProfileInfo/style.tsx": {"path":"/Users/radoszszymon/Desktop/projects/emamy/app/components/NotLoggedInScreens/EditProfileInfo/style.tsx","statementMap":{"0":{"start":{"line":1,"column":0},"end":{"line":1,"column":76}},"1":{"start":{"line":2,"column":0},"end":{"line":2,"column":null}},"2":{"start":{"line":44,"column":0},"end":{"line":198,"column":3}}},"fnMap":{},"branchMap":{},"s":{"0":1,"1":1,"2":1},"f":{},"b":{}}
,"/Users/radoszszymon/Desktop/projects/emamy/app/components/Utils/ButtonComponent.tsx": {"path":"/Users/radoszszymon/Desktop/projects/emamy/app/components/Utils/ButtonComponent.tsx","statementMap":{"0":{"start":{"line":1,"column":0},"end":{"line":1,"column":26}},"1":{"start":{"line":2,"column":0},"end":{"line":2,"column":56}},"2":{"start":{"line":3,"column":0},"end":{"line":3,"column":29}},"3":{"start":{"line":5,"column":24},"end":{"line":24,"column":1}},"4":{"start":{"line":11,"column":2},"end":{"line":23,"column":4}},"5":{"start":{"line":25,"column":0},"end":{"line":25,"column":31}}},"fnMap":{"0":{"name":"(anonymous_1)","decl":{"start":{"line":5,"column":24},"end":{"line":5,"column":25}},"loc":{"start":{"line":10,"column":5},"end":{"line":24,"column":1}}}},"branchMap":{"0":{"loc":{"start":{"line":15,"column":12},"end":{"line":15,"column":43}},"type":"cond-expr","locations":[{"start":{"line":15,"column":12},"end":{"line":15,"column":43}},{"start":{"line":16,"column":12},"end":{"line":16,"column":34}}]}},"s":{"0":2,"1":2,"2":2,"3":2,"4":0,"5":2},"f":{"0":0},"b":{"0":[0,0]}}
,"/Users/radoszszymon/Desktop/projects/emamy/app/components/Utils/ListItem.tsx": {"path":"/Users/radoszszymon/Desktop/projects/emamy/app/components/Utils/ListItem.tsx","statementMap":{"0":{"start":{"line":1,"column":0},"end":{"line":1,"column":26}},"1":{"start":{"line":2,"column":0},"end":{"line":2,"column":69}},"2":{"start":{"line":3,"column":0},"end":{"line":3,"column":29}},"3":{"start":{"line":5,"column":17},"end":{"line":46,"column":1}},"4":{"start":{"line":15,"column":2},"end":{"line":45,"column":4}},"5":{"start":{"line":47,"column":0},"end":{"line":47,"column":24}}},"fnMap":{"0":{"name":"(anonymous_1)","decl":{"start":{"line":5,"column":17},"end":{"line":5,"column":18}},"loc":{"start":{"line":14,"column":5},"end":{"line":46,"column":1}}}},"branchMap":{"0":{"loc":{"start":{"line":21,"column":16},"end":{"line":21,"column":52}},"type":"cond-expr","locations":[{"start":{"line":21,"column":16},"end":{"line":21,"column":52}},{"start":{"line":22,"column":16},"end":{"line":22,"column":46}}]}},"s":{"0":3,"1":3,"2":3,"3":3,"4":0,"5":3},"f":{"0":0},"b":{"0":[0,0]}}
,"/Users/radoszszymon/Desktop/projects/emamy/app/components/Utils/style.tsx": {"path":"/Users/radoszszymon/Desktop/projects/emamy/app/components/Utils/style.tsx","statementMap":{"0":{"start":{"line":1,"column":0},"end":{"line":1,"column":64}},"1":{"start":{"line":2,"column":0},"end":{"line":2,"column":null}},"2":{"start":{"line":34,"column":0},"end":{"line":107,"column":3}}},"fnMap":{},"branchMap":{},"s":{"0":4,"1":4,"2":4},"f":{},"b":{}}
,"/Users/radoszszymon/Desktop/projects/emamy/testUtils/testUtils.js": {"path":"/Users/radoszszymon/Desktop/projects/emamy/testUtils/testUtils.js","statementMap":{"0":{"start":{"line":1,"column":13},"end":{"line":1,"column":75}},"1":{"start":{"line":1,"column":75},"end":{"line":1,"column":107}},"2":{"start":{"line":1,"column":128},"end":{"line":4,"column":1}},"3":{"start":{"line":2,"column":16},"end":{"line":2,"column":60}},"4":{"start":{"line":3,"column":2},"end":{"line":3,"column":17}},"5":{"start":{"line":4,"column":2},"end":{"line":4,"column":42}}},"fnMap":{"0":{"name":"findByTestAttr","decl":{"start":{"line":1,"column":137},"end":{"line":1,"column":151}},"loc":{"start":{"line":1,"column":169},"end":{"line":4,"column":1}},"line":1}},"branchMap":{},"s":{"0":7,"1":7,"2":7,"3":46,"4":46,"5":7},"f":{"0":46},"b":{},"_coverageSchema":"43e27e138ebf9cfc5966b082cf9a028302ed4184","hash":"16a1b3df8fdbe794a2985d2084af59a8ac2957a9"}
}
