{"/Users/radoszszymon/Desktop/projects/emamy/app/assets/global/globalStyles.tsx": {"path":"/Users/radoszszymon/Desktop/projects/emamy/app/assets/global/globalStyles.tsx","statementMap":{"0":{"start":{"line":1,"column":0},"end":{"line":1,"column":42}},"1":{"start":{"line":2,"column":18},"end":{"line":2,"column":48}},"2":{"start":{"line":3,"column":19},"end":{"line":3,"column":50}},"3":{"start":{"line":4,"column":13},"end":{"line":4,"column":36}},"4":{"start":{"line":5,"column":13},"end":{"line":5,"column":39}},"5":{"start":{"line":6,"column":13},"end":{"line":6,"column":35}},"6":{"start":{"line":7,"column":13},"end":{"line":7,"column":30}},"7":{"start":{"line":8,"column":13},"end":{"line":8,"column":33}},"8":{"start":{"line":9,"column":13},"end":{"line":9,"column":32}},"9":{"start":{"line":10,"column":13},"end":{"line":19,"column":2}},"10":{"start":{"line":20,"column":13},"end":{"line":35,"column":2}},"11":{"start":{"line":36,"column":13},"end":{"line":45,"column":2}},"12":{"start":{"line":46,"column":13},"end":{"line":55,"column":2}},"13":{"start":{"line":56,"column":13},"end":{"line":65,"column":2}},"14":{"start":{"line":66,"column":13},"end":{"line":75,"column":2}},"15":{"start":{"line":77,"column":13},"end":{"line":88,"column":2}},"16":{"start":{"line":89,"column":13},"end":{"line":97,"column":2}},"17":{"start":{"line":98,"column":13},"end":{"line":101,"column":2}},"18":{"start":{"line":102,"column":13},"end":{"line":107,"column":2}},"19":{"start":{"line":108,"column":13},"end":{"line":113,"column":2}},"20":{"start":{"line":114,"column":13},"end":{"line":119,"column":2}},"21":{"start":{"line":121,"column":13},"end":{"line":126,"column":2}},"22":{"start":{"line":127,"column":13},"end":{"line":139,"column":2}},"23":{"start":{"line":140,"column":13},"end":{"line":147,"column":2}},"24":{"start":{"line":148,"column":13},"end":{"line":155,"column":2}},"25":{"start":{"line":156,"column":13},"end":{"line":162,"column":2}},"26":{"start":{"line":163,"column":13},"end":{"line":166,"column":2}},"27":{"start":{"line":169,"column":13},"end":{"line":173,"column":2}},"28":{"start":{"line":174,"column":13},"end":{"line":181,"column":2}},"29":{"start":{"line":182,"column":13},"end":{"line":188,"column":2}},"30":{"start":{"line":189,"column":13},"end":{"line":195,"column":2}},"31":{"start":{"line":196,"column":13},"end":{"line":204,"column":2}},"32":{"start":{"line":205,"column":13},"end":{"line":211,"column":2}},"33":{"start":{"line":212,"column":13},"end":{"line":217,"column":2}},"34":{"start":{"line":220,"column":13},"end":{"line":223,"column":2}},"35":{"start":{"line":224,"column":13},"end":{"line":231,"column":2}},"36":{"start":{"line":232,"column":13},"end":{"line":235,"column":2}},"37":{"start":{"line":236,"column":13},"end":{"line":242,"column":2}},"38":{"start":{"line":243,"column":13},"end":{"line":249,"column":2}},"39":{"start":{"line":250,"column":13},"end":{"line":254,"column":2}},"40":{"start":{"line":255,"column":13},"end":{"line":259,"column":2}},"41":{"start":{"line":260,"column":13},"end":{"line":268,"column":2}},"42":{"start":{"line":269,"column":13},"end":{"line":277,"column":2}},"43":{"start":{"line":278,"column":13},"end":{"line":283,"column":2}},"44":{"start":{"line":284,"column":13},"end":{"line":288,"column":2}},"45":{"start":{"line":289,"column":13},"end":{"line":289,"column":47}},"46":{"start":{"line":290,"column":13},"end":{"line":295,"column":2}},"47":{"start":{"line":296,"column":13},"end":{"line":301,"column":2}},"48":{"start":{"line":302,"column":13},"end":{"line":307,"column":2}},"49":{"start":{"line":308,"column":13},"end":{"line":315,"column":2}}},"fnMap":{},"branchMap":{},"s":{"0":1,"1":1,"2":1,"3":1,"4":1,"5":1,"6":1,"7":1,"8":1,"9":1,"10":1,"11":1,"12":1,"13":1,"14":1,"15":1,"16":1,"17":1,"18":1,"19":1,"20":1,"21":1,"22":1,"23":1,"24":1,"25":1,"26":1,"27":1,"28":1,"29":1,"30":1,"31":1,"32":1,"33":1,"34":1,"35":1,"36":1,"37":1,"38":1,"39":1,"40":1,"41":1,"42":1,"43":1,"44":1,"45":1,"46":1,"47":1,"48":1,"49":1},"f":{},"b":{}}
,"/Users/radoszszymon/Desktop/projects/emamy/app/assets/images/loader.gif": {"path":"/Users/radoszszymon/Desktop/projects/emamy/app/assets/images/loader.gif","statementMap":{"0":{"start":{"line":1,"column":0},"end":{"line":4,"column":6}}},"fnMap":{},"branchMap":{},"s":{"0":1},"f":{},"b":{},"_coverageSchema":"43e27e138ebf9cfc5966b082cf9a028302ed4184","hash":"3502c27e7112efe0218f8fc78cb8ec0181774d18"}
,"/Users/radoszszymon/Desktop/projects/emamy/app/components/Context/GlobalContext.tsx": {"path":"/Users/radoszszymon/Desktop/projects/emamy/app/components/Context/GlobalContext.tsx","statementMap":{"0":{"start":{"line":1,"column":0},"end":{"line":1,"column":26}},"1":{"start":{"line":3,"column":13},"end":{"line":25,"column":3}}},"fnMap":{"0":{"name":"(anonymous_1)","decl":{"start":{"line":9,"column":15},"end":{"line":9,"column":16}},"loc":{"start":{"line":9,"column":34},"end":{"line":9,"column":37}}},"1":{"name":"(anonymous_2)","decl":{"start":{"line":10,"column":12},"end":{"line":10,"column":null}},"loc":{"start":{"line":14,"column":11},"end":{"line":14,"column":14}}},"2":{"name":"(anonymous_3)","decl":{"start":{"line":15,"column":17},"end":{"line":15,"column":25}},"loc":{"start":{"line":15,"column":27},"end":{"line":15,"column":30}}},"3":{"name":"(anonymous_4)","decl":{"start":{"line":17,"column":17},"end":{"line":17,"column":18}},"loc":{"start":{"line":17,"column":41},"end":{"line":17,"column":44}}},"4":{"name":"(anonymous_5)","decl":{"start":{"line":18,"column":21},"end":{"line":18,"column":29}},"loc":{"start":{"line":18,"column":31},"end":{"line":18,"column":34}}},"5":{"name":"(anonymous_6)","decl":{"start":{"line":20,"column":29},"end":{"line":20,"column":null}},"loc":{"start":{"line":23,"column":11},"end":{"line":23,"column":14}}},"6":{"name":"(anonymous_7)","decl":{"start":{"line":24,"column":32},"end":{"line":24,"column":33}},"loc":{"start":{"line":24,"column":56},"end":{"line":24,"column":59}}}},"branchMap":{},"s":{"0":1,"1":1},"f":{"0":0,"1":0,"2":0,"3":0,"4":0,"5":0,"6":0},"b":{}}
,"/Users/radoszszymon/Desktop/projects/emamy/app/components/NotLoggedInScreens/EditProfileInfo/EditProfileInfo.tsx": {"path":"/Users/radoszszymon/Desktop/projects/emamy/app/components/NotLoggedInScreens/EditProfileInfo/EditProfileInfo.tsx","statementMap":{"0":{"start":{"line":1,"column":0},"end":{"line":1,"column":51}},"1":{"start":{"line":2,"column":0},"end":{"line":2,"column":64}},"2":{"start":{"line":3,"column":0},"end":{"line":3,"column":26}},"3":{"start":{"line":5,"column":0},"end":{"line":5,"column":36}},"4":{"start":{"line":6,"column":0},"end":{"line":6,"column":29}},"5":{"start":{"line":7,"column":25},"end":{"line":7,"column":71}},"6":{"start":{"line":8,"column":18},"end":{"line":8,"column":47}},"7":{"start":{"line":9,"column":0},"end":{"line":9,"column":62}},"8":{"start":{"line":11,"column":22},"end":{"line":11,"column":71}},"9":{"start":{"line":11,"column":38},"end":{"line":11,"column":70}},"10":{"start":{"line":12,"column":20},"end":{"line":12,"column":67}},"11":{"start":{"line":12,"column":36},"end":{"line":12,"column":66}},"12":{"start":{"line":13,"column":21},"end":{"line":13,"column":69}},"13":{"start":{"line":13,"column":37},"end":{"line":13,"column":68}},"14":{"start":{"line":14,"column":25},"end":{"line":14,"column":77}},"15":{"start":{"line":14,"column":41},"end":{"line":14,"column":76}},"16":{"start":{"line":15,"column":28},"end":{"line":16,"column":null}},"17":{"start":{"line":15,"column":44},"end":{"line":16,"column":39}},"18":{"start":{"line":20,"column":0},"end":{"line":20,"column":61}},"19":{"start":{"line":51,"column":4},"end":{"line":51,"column":17}},"20":{"start":{"line":95,"column":2},"end":{"line":137,"column":4}},"21":{"start":{"line":95,"column":33},"end":{"line":137,"column":4}},"22":{"start":{"line":98,"column":6},"end":{"line":104,"column":9}},"23":{"start":{"line":110,"column":8},"end":{"line":117,"column":11}},"24":{"start":{"line":120,"column":6},"end":{"line":120,"column":33}},"25":{"start":{"line":124,"column":8},"end":{"line":134,"column":11}},"26":{"start":{"line":124,"column":69},"end":{"line":134,"column":10}},"27":{"start":{"line":131,"column":10},"end":{"line":133,"column":14}},"28":{"start":{"line":139,"column":2},"end":{"line":143,"column":4}},"29":{"start":{"line":140,"column":4},"end":{"line":142,"column":8}},"30":{"start":{"line":141,"column":48},"end":{"line":141,"column":68}},"31":{"start":{"line":145,"column":2},"end":{"line":162,"column":4}},"32":{"start":{"line":145,"column":32},"end":{"line":162,"column":4}},"33":{"start":{"line":147,"column":20},"end":{"line":147,"column":40}},"34":{"start":{"line":148,"column":19},"end":{"line":148,"column":43}},"35":{"start":{"line":150,"column":17},"end":{"line":156,"column":10}},"36":{"start":{"line":155,"column":10},"end":{"line":155,"column":37}},"37":{"start":{"line":158,"column":6},"end":{"line":158,"column":18}},"38":{"start":{"line":160,"column":6},"end":{"line":160,"column":25}},"39":{"start":{"line":164,"column":2},"end":{"line":180,"column":4}},"40":{"start":{"line":164,"column":29},"end":{"line":180,"column":4}},"41":{"start":{"line":166,"column":20},"end":{"line":166,"column":40}},"42":{"start":{"line":167,"column":19},"end":{"line":167,"column":43}},"43":{"start":{"line":169,"column":17},"end":{"line":175,"column":10}},"44":{"start":{"line":174,"column":10},"end":{"line":174,"column":37}},"45":{"start":{"line":176,"column":6},"end":{"line":176,"column":18}},"46":{"start":{"line":178,"column":6},"end":{"line":178,"column":25}},"47":{"start":{"line":182,"column":2},"end":{"line":188,"column":4}},"48":{"start":{"line":184,"column":6},"end":{"line":184,"column":51}},"49":{"start":{"line":186,"column":6},"end":{"line":186,"column":49}},"50":{"start":{"line":190,"column":2},"end":{"line":212,"column":4}},"51":{"start":{"line":192,"column":20},"end":{"line":192,"column":40}},"52":{"start":{"line":193,"column":26},"end":{"line":193,"column":53}},"53":{"start":{"line":195,"column":6},"end":{"line":208,"column":9}},"54":{"start":{"line":195,"column":78},"end":{"line":208,"column":8}},"55":{"start":{"line":197,"column":21},"end":{"line":204,"column":14}},"56":{"start":{"line":203,"column":14},"end":{"line":203,"column":41}},"57":{"start":{"line":206,"column":10},"end":{"line":206,"column":22}},"58":{"start":{"line":210,"column":6},"end":{"line":210,"column":25}},"59":{"start":{"line":214,"column":2},"end":{"line":227,"column":4}},"60":{"start":{"line":215,"column":21},"end":{"line":215,"column":39}},"61":{"start":{"line":218,"column":34},"end":{"line":219,"column":null}},"62":{"start":{"line":219,"column":34},"end":{"line":219,"column":57}},"63":{"start":{"line":222,"column":4},"end":{"line":224,"column":13}},"64":{"start":{"line":226,"column":4},"end":{"line":226,"column":43}},"65":{"start":{"line":229,"column":2},"end":{"line":231,"column":4}},"66":{"start":{"line":229,"column":41},"end":{"line":231,"column":4}},"67":{"start":{"line":230,"column":4},"end":{"line":230,"column":36}},"68":{"start":{"line":233,"column":2},"end":{"line":288,"column":4}},"69":{"start":{"line":234,"column":18},"end":{"line":234,"column":38}},"70":{"start":{"line":235,"column":44},"end":{"line":235,"column":46}},"71":{"start":{"line":241,"column":6},"end":{"line":246,"column":9}},"72":{"start":{"line":241,"column":72},"end":{"line":246,"column":8}},"73":{"start":{"line":245,"column":8},"end":{"line":245,"column":43}},"74":{"start":{"line":249,"column":4},"end":{"line":287,"column":9}},"75":{"start":{"line":254,"column":10},"end":{"line":282,"column":12}},"76":{"start":{"line":256,"column":29},"end":{"line":256,"column":31}},"77":{"start":{"line":260,"column":33},"end":{"line":260,"column":64}},"78":{"start":{"line":263,"column":16},"end":{"line":268,"column":18}},"79":{"start":{"line":270,"column":16},"end":{"line":275,"column":18}},"80":{"start":{"line":278,"column":14},"end":{"line":280,"column":18}},"81":{"start":{"line":286,"column":8},"end":{"line":286,"column":35}},"82":{"start":{"line":290,"column":2},"end":{"line":292,"column":4}},"83":{"start":{"line":291,"column":4},"end":{"line":291,"column":43}},"84":{"start":{"line":294,"column":2},"end":{"line":296,"column":4}},"85":{"start":{"line":295,"column":4},"end":{"line":295,"column":43}},"86":{"start":{"line":298,"column":2},"end":{"line":315,"column":4}},"87":{"start":{"line":298,"column":22},"end":{"line":315,"column":4}},"88":{"start":{"line":306,"column":6},"end":{"line":308,"column":10}},"89":{"start":{"line":309,"column":6},"end":{"line":313,"column":9}},"90":{"start":{"line":317,"column":2},"end":{"line":320,"column":4}},"91":{"start":{"line":319,"column":4},"end":{"line":319,"column":51}},"92":{"start":{"line":319,"column":31},"end":{"line":319,"column":48}},"93":{"start":{"line":322,"column":2},"end":{"line":343,"column":4}},"94":{"start":{"line":323,"column":4},"end":{"line":342,"column":9}},"95":{"start":{"line":337,"column":8},"end":{"line":337,"column":27}},"96":{"start":{"line":338,"column":8},"end":{"line":338,"column":40}},"97":{"start":{"line":341,"column":8},"end":{"line":341,"column":23}},"98":{"start":{"line":345,"column":2},"end":{"line":367,"column":4}},"99":{"start":{"line":345,"column":26},"end":{"line":367,"column":4}},"100":{"start":{"line":348,"column":22},"end":{"line":348,"column":42}},"101":{"start":{"line":349,"column":28},"end":{"line":349,"column":55}},"102":{"start":{"line":351,"column":25},"end":{"line":351,"column":39}},"103":{"start":{"line":352,"column":8},"end":{"line":352,"column":55}},"104":{"start":{"line":353,"column":8},"end":{"line":353,"column":65}},"105":{"start":{"line":354,"column":8},"end":{"line":354,"column":52}},"106":{"start":{"line":356,"column":19},"end":{"line":360,"column":12}},"107":{"start":{"line":359,"column":12},"end":{"line":359,"column":31}},"108":{"start":{"line":362,"column":8},"end":{"line":362,"column":20}},"109":{"start":{"line":364,"column":8},"end":{"line":364,"column":27}},"110":{"start":{"line":369,"column":2},"end":{"line":396,"column":4}},"111":{"start":{"line":369,"column":34},"end":{"line":396,"column":4}},"112":{"start":{"line":370,"column":23},"end":{"line":370,"column":33}},"113":{"start":{"line":373,"column":4},"end":{"line":395,"column":6}},"114":{"start":{"line":381,"column":29},"end":{"line":381,"column":75}},"115":{"start":{"line":382,"column":21},"end":{"line":382,"column":67}},"116":{"start":{"line":384,"column":10},"end":{"line":384,"column":54}},"117":{"start":{"line":385,"column":10},"end":{"line":385,"column":60}},"118":{"start":{"line":387,"column":10},"end":{"line":387,"column":65}},"119":{"start":{"line":389,"column":10},"end":{"line":389,"column":60}},"120":{"start":{"line":393,"column":8},"end":{"line":393,"column":29}},"121":{"start":{"line":398,"column":2},"end":{"line":422,"column":4}},"122":{"start":{"line":398,"column":28},"end":{"line":422,"column":4}},"123":{"start":{"line":399,"column":50},"end":{"line":399,"column":60}},"124":{"start":{"line":402,"column":20},"end":{"line":402,"column":40}},"125":{"start":{"line":403,"column":26},"end":{"line":403,"column":53}},"126":{"start":{"line":405,"column":17},"end":{"line":416,"column":10}},"127":{"start":{"line":415,"column":10},"end":{"line":415,"column":29}},"128":{"start":{"line":418,"column":6},"end":{"line":418,"column":18}},"129":{"start":{"line":420,"column":6},"end":{"line":420,"column":25}},"130":{"start":{"line":424,"column":2},"end":{"line":446,"column":4}},"131":{"start":{"line":426,"column":20},"end":{"line":426,"column":40}},"132":{"start":{"line":427,"column":26},"end":{"line":427,"column":53}},"133":{"start":{"line":429,"column":6},"end":{"line":442,"column":9}},"134":{"start":{"line":429,"column":45},"end":{"line":442,"column":8}},"135":{"start":{"line":430,"column":19},"end":{"line":439,"column":12}},"136":{"start":{"line":438,"column":12},"end":{"line":438,"column":39}},"137":{"start":{"line":441,"column":8},"end":{"line":441,"column":20}},"138":{"start":{"line":444,"column":6},"end":{"line":444,"column":25}},"139":{"start":{"line":448,"column":2},"end":{"line":450,"column":4}},"140":{"start":{"line":449,"column":4},"end":{"line":449,"column":61}},"141":{"start":{"line":452,"column":2},"end":{"line":454,"column":4}},"142":{"start":{"line":453,"column":4},"end":{"line":453,"column":61}},"143":{"start":{"line":456,"column":2},"end":{"line":469,"column":4}},"144":{"start":{"line":456,"column":26},"end":{"line":469,"column":4}},"145":{"start":{"line":457,"column":4},"end":{"line":457,"column":36}},"146":{"start":{"line":459,"column":4},"end":{"line":459,"column":36}},"147":{"start":{"line":460,"column":4},"end":{"line":460,"column":31}},"148":{"start":{"line":461,"column":4},"end":{"line":461,"column":34}},"149":{"start":{"line":462,"column":4},"end":{"line":462,"column":30}},"150":{"start":{"line":463,"column":4},"end":{"line":463,"column":29}},"151":{"start":{"line":464,"column":4},"end":{"line":464,"column":30}},"152":{"start":{"line":465,"column":4},"end":{"line":465,"column":28}},"153":{"start":{"line":467,"column":4},"end":{"line":467,"column":43}},"154":{"start":{"line":468,"column":4},"end":{"line":468,"column":37}},"155":{"start":{"line":52,"column":4},"end":{"line":71,"column":6}},"156":{"start":{"line":73,"column":4},"end":{"line":73,"column":53}},"157":{"start":{"line":74,"column":4},"end":{"line":74,"column":45}},"158":{"start":{"line":75,"column":4},"end":{"line":75,"column":45}},"159":{"start":{"line":76,"column":4},"end":{"line":76,"column":63}},"160":{"start":{"line":77,"column":4},"end":{"line":77,"column":49}},"161":{"start":{"line":78,"column":4},"end":{"line":78,"column":49}},"162":{"start":{"line":79,"column":4},"end":{"line":79,"column":61}},"163":{"start":{"line":80,"column":4},"end":{"line":80,"column":41}},"164":{"start":{"line":81,"column":4},"end":{"line":81,"column":57}},"165":{"start":{"line":82,"column":4},"end":{"line":82,"column":61}},"166":{"start":{"line":83,"column":4},"end":{"line":83,"column":53}},"167":{"start":{"line":84,"column":4},"end":{"line":84,"column":53}},"168":{"start":{"line":85,"column":4},"end":{"line":85,"column":55}},"169":{"start":{"line":86,"column":4},"end":{"line":86,"column":63}},"170":{"start":{"line":87,"column":4},"end":{"line":87,"column":51}},"171":{"start":{"line":88,"column":4},"end":{"line":88,"column":47}},"172":{"start":{"line":89,"column":4},"end":{"line":89,"column":55}},"173":{"start":{"line":90,"column":4},"end":{"line":90,"column":61}},"174":{"start":{"line":91,"column":4},"end":{"line":91,"column":65}},"175":{"start":{"line":92,"column":4},"end":{"line":92,"column":65}},"176":{"start":{"line":485,"column":8},"end":{"line":485,"column":18}},"177":{"start":{"line":486,"column":4},"end":{"line":561,"column":6}},"178":{"start":{"line":564,"column":0},"end":{"line":564,"column":44}},"179":{"start":{"line":565,"column":0},"end":{"line":565,"column":31}}},"fnMap":{"0":{"name":"(anonymous_8)","decl":{"start":{"line":11,"column":33},"end":{"line":11,"column":36}},"loc":{"start":{"line":11,"column":38},"end":{"line":11,"column":70}}},"1":{"name":"(anonymous_9)","decl":{"start":{"line":11,"column":38},"end":{"line":11,"column":46}},"loc":{"start":{"line":11,"column":38},"end":{"line":11,"column":70}}},"2":{"name":"(anonymous_10)","decl":{"start":{"line":12,"column":31},"end":{"line":12,"column":34}},"loc":{"start":{"line":12,"column":36},"end":{"line":12,"column":66}}},"3":{"name":"(anonymous_11)","decl":{"start":{"line":12,"column":36},"end":{"line":12,"column":44}},"loc":{"start":{"line":12,"column":36},"end":{"line":12,"column":66}}},"4":{"name":"(anonymous_12)","decl":{"start":{"line":13,"column":32},"end":{"line":13,"column":35}},"loc":{"start":{"line":13,"column":37},"end":{"line":13,"column":68}}},"5":{"name":"(anonymous_13)","decl":{"start":{"line":13,"column":37},"end":{"line":13,"column":45}},"loc":{"start":{"line":13,"column":37},"end":{"line":13,"column":68}}},"6":{"name":"(anonymous_14)","decl":{"start":{"line":14,"column":36},"end":{"line":14,"column":39}},"loc":{"start":{"line":14,"column":41},"end":{"line":14,"column":76}}},"7":{"name":"(anonymous_15)","decl":{"start":{"line":14,"column":41},"end":{"line":14,"column":49}},"loc":{"start":{"line":14,"column":41},"end":{"line":14,"column":76}}},"8":{"name":"(anonymous_16)","decl":{"start":{"line":15,"column":39},"end":{"line":15,"column":42}},"loc":{"start":{"line":15,"column":44},"end":{"line":16,"column":39}}},"9":{"name":"(anonymous_17)","decl":{"start":{"line":15,"column":44},"end":{"line":15,"column":null}},"loc":{"start":{"line":15,"column":44},"end":{"line":16,"column":39}}},"10":{"name":"(anonymous_18)","decl":{"start":{"line":50,"column":2},"end":{"line":50,"column":14}},"loc":{"start":{"line":50,"column":46},"end":{"line":93,"column":3}}},"11":{"name":"(anonymous_19)","decl":{"start":{"line":95,"column":22},"end":{"line":95,"column":31}},"loc":{"start":{"line":95,"column":33},"end":{"line":137,"column":4}}},"12":{"name":"(anonymous_20)","decl":{"start":{"line":95,"column":33},"end":{"line":95,"column":null}},"loc":{"start":{"line":95,"column":33},"end":{"line":137,"column":3}}},"13":{"name":"(anonymous_21)","decl":{"start":{"line":124,"column":39},"end":{"line":124,"column":46}},"loc":{"start":{"line":124,"column":69},"end":{"line":134,"column":10}}},"14":{"name":"(anonymous_22)","decl":{"start":{"line":124,"column":69},"end":{"line":124,"column":null}},"loc":{"start":{"line":124,"column":69},"end":{"line":134,"column":9}}},"15":{"name":"(anonymous_24)","decl":{"start":{"line":139,"column":23},"end":{"line":139,"column":24}},"loc":{"start":{"line":139,"column":49},"end":{"line":143,"column":3}}},"16":{"name":"(anonymous_26)","decl":{"start":{"line":141,"column":34},"end":{"line":141,"column":35}},"loc":{"start":{"line":141,"column":48},"end":{"line":141,"column":68}}},"17":{"name":"(anonymous_27)","decl":{"start":{"line":145,"column":21},"end":{"line":145,"column":30}},"loc":{"start":{"line":145,"column":32},"end":{"line":162,"column":4}}},"18":{"name":"(anonymous_28)","decl":{"start":{"line":145,"column":32},"end":{"line":145,"column":null}},"loc":{"start":{"line":145,"column":32},"end":{"line":162,"column":3}}},"19":{"name":"(anonymous_29)","decl":{"start":{"line":154,"column":15},"end":{"line":154,"column":24}},"loc":{"start":{"line":154,"column":29},"end":{"line":156,"column":9}}},"20":{"name":"(anonymous_30)","decl":{"start":{"line":164,"column":18},"end":{"line":164,"column":27}},"loc":{"start":{"line":164,"column":29},"end":{"line":180,"column":4}}},"21":{"name":"(anonymous_31)","decl":{"start":{"line":164,"column":29},"end":{"line":164,"column":null}},"loc":{"start":{"line":164,"column":29},"end":{"line":180,"column":3}}},"22":{"name":"(anonymous_32)","decl":{"start":{"line":173,"column":15},"end":{"line":173,"column":24}},"loc":{"start":{"line":173,"column":29},"end":{"line":175,"column":9}}},"23":{"name":"(anonymous_33)","decl":{"start":{"line":182,"column":14},"end":{"line":182,"column":15}},"loc":{"start":{"line":182,"column":39},"end":{"line":188,"column":3}}},"24":{"name":"(anonymous_34)","decl":{"start":{"line":190,"column":16},"end":{"line":190,"column":25}},"loc":{"start":{"line":190,"column":27},"end":{"line":212,"column":3}}},"25":{"name":"(anonymous_35)","decl":{"start":{"line":195,"column":29},"end":{"line":195,"column":36}},"loc":{"start":{"line":195,"column":78},"end":{"line":208,"column":8}}},"26":{"name":"(anonymous_36)","decl":{"start":{"line":195,"column":78},"end":{"line":195,"column":null}},"loc":{"start":{"line":195,"column":78},"end":{"line":208,"column":7}}},"27":{"name":"(anonymous_37)","decl":{"start":{"line":202,"column":19},"end":{"line":202,"column":28}},"loc":{"start":{"line":202,"column":33},"end":{"line":204,"column":13}}},"28":{"name":"(anonymous_38)","decl":{"start":{"line":214,"column":22},"end":{"line":214,"column":23}},"loc":{"start":{"line":214,"column":51},"end":{"line":227,"column":3}}},"29":{"name":"(anonymous_39)","decl":{"start":{"line":219,"column":6},"end":{"line":219,"column":7}},"loc":{"start":{"line":219,"column":34},"end":{"line":219,"column":57}}},"30":{"name":"(anonymous_40)","decl":{"start":{"line":229,"column":19},"end":{"line":229,"column":26}},"loc":{"start":{"line":229,"column":41},"end":{"line":231,"column":4}}},"31":{"name":"(anonymous_41)","decl":{"start":{"line":229,"column":41},"end":{"line":229,"column":null}},"loc":{"start":{"line":229,"column":41},"end":{"line":231,"column":3}}},"32":{"name":"(anonymous_42)","decl":{"start":{"line":233,"column":18},"end":{"line":233,"column":27}},"loc":{"start":{"line":233,"column":29},"end":{"line":288,"column":3}}},"33":{"name":"(anonymous_43)","decl":{"start":{"line":241,"column":40},"end":{"line":241,"column":47}},"loc":{"start":{"line":241,"column":72},"end":{"line":246,"column":8}}},"34":{"name":"(anonymous_44)","decl":{"start":{"line":241,"column":72},"end":{"line":241,"column":null}},"loc":{"start":{"line":241,"column":72},"end":{"line":246,"column":7}}},"35":{"name":"(anonymous_45)","decl":{"start":{"line":251,"column":12},"end":{"line":251,"column":20}},"loc":{"start":{"line":251,"column":23},"end":{"line":284,"column":7}}},"36":{"name":"(anonymous_46)","decl":{"start":{"line":255,"column":12},"end":{"line":255,"column":13}},"loc":{"start":{"line":255,"column":63},"end":{"line":281,"column":13}}},"37":{"name":"(anonymous_47)","decl":{"start":{"line":260,"column":18},"end":{"line":260,"column":29}},"loc":{"start":{"line":260,"column":33},"end":{"line":260,"column":64}}},"38":{"name":"(anonymous_49)","decl":{"start":{"line":285,"column":13},"end":{"line":285,"column":22}},"loc":{"start":{"line":285,"column":27},"end":{"line":287,"column":7}}},"39":{"name":"(anonymous_50)","decl":{"start":{"line":290,"column":21},"end":{"line":290,"column":22}},"loc":{"start":{"line":290,"column":44},"end":{"line":292,"column":3}}},"40":{"name":"(anonymous_51)","decl":{"start":{"line":294,"column":21},"end":{"line":294,"column":22}},"loc":{"start":{"line":294,"column":44},"end":{"line":296,"column":3}}},"41":{"name":"(anonymous_52)","decl":{"start":{"line":298,"column":11},"end":{"line":298,"column":20}},"loc":{"start":{"line":298,"column":22},"end":{"line":315,"column":4}}},"42":{"name":"(anonymous_53)","decl":{"start":{"line":298,"column":22},"end":{"line":298,"column":null}},"loc":{"start":{"line":298,"column":22},"end":{"line":315,"column":3}}},"43":{"name":"(anonymous_55)","decl":{"start":{"line":317,"column":17},"end":{"line":317,"column":18}},"loc":{"start":{"line":317,"column":49},"end":{"line":320,"column":3}}},"44":{"name":"(anonymous_56)","decl":{"start":{"line":319,"column":18},"end":{"line":319,"column":27}},"loc":{"start":{"line":319,"column":31},"end":{"line":319,"column":48}}},"45":{"name":"(anonymous_57)","decl":{"start":{"line":322,"column":22},"end":{"line":322,"column":25}},"loc":{"start":{"line":322,"column":27},"end":{"line":343,"column":3}}},"46":{"name":"(anonymous_58)","decl":{"start":{"line":336,"column":12},"end":{"line":336,"column":13}},"loc":{"start":{"line":336,"column":27},"end":{"line":339,"column":7}}},"47":{"name":"(anonymous_59)","decl":{"start":{"line":340,"column":13},"end":{"line":340,"column":14}},"loc":{"start":{"line":340,"column":24},"end":{"line":342,"column":7}}},"48":{"name":"(anonymous_60)","decl":{"start":{"line":345,"column":15},"end":{"line":345,"column":24}},"loc":{"start":{"line":345,"column":26},"end":{"line":367,"column":4}}},"49":{"name":"(anonymous_61)","decl":{"start":{"line":345,"column":26},"end":{"line":345,"column":null}},"loc":{"start":{"line":345,"column":26},"end":{"line":367,"column":3}}},"50":{"name":"(anonymous_62)","decl":{"start":{"line":358,"column":17},"end":{"line":358,"column":26}},"loc":{"start":{"line":358,"column":31},"end":{"line":360,"column":11}}},"51":{"name":"(anonymous_63)","decl":{"start":{"line":369,"column":23},"end":{"line":369,"column":32}},"loc":{"start":{"line":369,"column":34},"end":{"line":396,"column":4}}},"52":{"name":"(anonymous_64)","decl":{"start":{"line":369,"column":34},"end":{"line":369,"column":null}},"loc":{"start":{"line":369,"column":34},"end":{"line":396,"column":3}}},"53":{"name":"(anonymous_65)","decl":{"start":{"line":374,"column":6},"end":{"line":374,"column":7}},"loc":{"start":{"line":374,"column":19},"end":{"line":391,"column":7}}},"54":{"name":"(anonymous_66)","decl":{"start":{"line":392,"column":6},"end":{"line":392,"column":7}},"loc":{"start":{"line":392,"column":21},"end":{"line":394,"column":7}}},"55":{"name":"(anonymous_67)","decl":{"start":{"line":398,"column":17},"end":{"line":398,"column":26}},"loc":{"start":{"line":398,"column":28},"end":{"line":422,"column":4}}},"56":{"name":"(anonymous_68)","decl":{"start":{"line":398,"column":28},"end":{"line":398,"column":null}},"loc":{"start":{"line":398,"column":28},"end":{"line":422,"column":3}}},"57":{"name":"(anonymous_69)","decl":{"start":{"line":414,"column":15},"end":{"line":414,"column":24}},"loc":{"start":{"line":414,"column":29},"end":{"line":416,"column":9}}},"58":{"name":"(anonymous_70)","decl":{"start":{"line":424,"column":17},"end":{"line":424,"column":26}},"loc":{"start":{"line":424,"column":28},"end":{"line":446,"column":3}}},"59":{"name":"(anonymous_71)","decl":{"start":{"line":429,"column":26},"end":{"line":429,"column":33}},"loc":{"start":{"line":429,"column":45},"end":{"line":442,"column":8}}},"60":{"name":"(anonymous_72)","decl":{"start":{"line":429,"column":45},"end":{"line":429,"column":null}},"loc":{"start":{"line":429,"column":45},"end":{"line":442,"column":7}}},"61":{"name":"(anonymous_73)","decl":{"start":{"line":437,"column":17},"end":{"line":437,"column":26}},"loc":{"start":{"line":437,"column":31},"end":{"line":439,"column":11}}},"62":{"name":"(anonymous_74)","decl":{"start":{"line":448,"column":13},"end":{"line":448,"column":22}},"loc":{"start":{"line":448,"column":24},"end":{"line":450,"column":3}}},"63":{"name":"(anonymous_75)","decl":{"start":{"line":452,"column":13},"end":{"line":452,"column":22}},"loc":{"start":{"line":452,"column":24},"end":{"line":454,"column":3}}},"64":{"name":"(anonymous_76)","decl":{"start":{"line":456,"column":15},"end":{"line":456,"column":24}},"loc":{"start":{"line":456,"column":26},"end":{"line":469,"column":4}}},"65":{"name":"(anonymous_77)","decl":{"start":{"line":456,"column":26},"end":{"line":456,"column":null}},"loc":{"start":{"line":456,"column":26},"end":{"line":469,"column":3}}},"66":{"name":"(anonymous_78)","decl":{"start":{"line":471,"column":2},"end":{"line":471,"column":8}},"loc":{"start":{"line":471,"column":8},"end":{"line":562,"column":3}}}},"branchMap":{"0":{"loc":{"start":{"line":101,"column":12},"end":{"line":101,"column":45}},"type":"cond-expr","locations":[{"start":{"line":101,"column":12},"end":{"line":101,"column":45}},{"start":{"line":102,"column":12},"end":{"line":102,"column":14}}]},"1":{"loc":{"start":{"line":107,"column":8},"end":{"line":107,"column":45}},"type":"binary-expr","locations":[{"start":{"line":107,"column":8},"end":{"line":107,"column":45}},{"start":{"line":108,"column":8},"end":{"line":108,"column":45}}]},"2":{"loc":{"start":{"line":123,"column":10},"end":{"line":123,"column":36}},"type":"binary-expr","locations":[{"start":{"line":123,"column":10},"end":{"line":123,"column":36}},{"start":{"line":123,"column":40},"end":{"line":123,"column":77}}]},"3":{"loc":{"start":{"line":238,"column":6},"end":{"line":238,"column":35}},"type":"binary-expr","locations":[{"start":{"line":238,"column":6},"end":{"line":238,"column":35}},{"start":{"line":239,"column":6},"end":{"line":239,"column":46}}]},"4":{"loc":{"start":{"line":376,"column":10},"end":{"line":376,"column":46}},"type":"binary-expr","locations":[{"start":{"line":376,"column":10},"end":{"line":376,"column":46}},{"start":{"line":377,"column":10},"end":{"line":377,"column":56}},{"start":{"line":378,"column":10},"end":{"line":378,"column":46}},{"start":{"line":379,"column":10},"end":{"line":379,"column":56}}]},"5":{"loc":{"start":{"line":489,"column":10},"end":{"line":490,"column":null}},"type":"cond-expr","locations":[{"start":{"line":489,"column":10},"end":{"line":490,"column":null}},{"start":{"line":493,"column":10},"end":{"line":557,"column":null}}]},"6":{"loc":{"start":{"line":494,"column":13},"end":{"line":494,"column":29}},"type":"binary-expr","locations":[{"start":{"line":494,"column":13},"end":{"line":494,"column":29}},{"start":{"line":495,"column":14},"end":{"line":502,"column":null}}]},"7":{"loc":{"start":{"line":505,"column":13},"end":{"line":505,"column":29}},"type":"binary-expr","locations":[{"start":{"line":505,"column":13},"end":{"line":505,"column":29}},{"start":{"line":506,"column":14},"end":{"line":515,"column":null}}]},"8":{"loc":{"start":{"line":518,"column":13},"end":{"line":518,"column":29}},"type":"binary-expr","locations":[{"start":{"line":518,"column":13},"end":{"line":518,"column":29}},{"start":{"line":519,"column":14},"end":{"line":526,"column":null}}]},"9":{"loc":{"start":{"line":529,"column":13},"end":{"line":529,"column":29}},"type":"binary-expr","locations":[{"start":{"line":529,"column":13},"end":{"line":529,"column":29}},{"start":{"line":530,"column":14},"end":{"line":544,"column":null}}]},"10":{"loc":{"start":{"line":547,"column":13},"end":{"line":547,"column":29}},"type":"binary-expr","locations":[{"start":{"line":547,"column":13},"end":{"line":547,"column":29}},{"start":{"line":548,"column":14},"end":{"line":555,"column":null}}]}},"s":{"0":1,"1":1,"2":1,"3":1,"4":1,"5":1,"6":1,"7":1,"8":1,"9":0,"10":1,"11":0,"12":1,"13":0,"14":1,"15":0,"16":1,"17":0,"18":1,"19":10,"20":10,"21":10,"22":0,"23":0,"24":0,"25":0,"26":0,"27":0,"28":10,"29":0,"30":0,"31":10,"32":0,"33":0,"34":0,"35":0,"36":0,"37":0,"38":0,"39":10,"40":0,"41":0,"42":0,"43":0,"44":0,"45":0,"46":0,"47":10,"48":0,"49":0,"50":10,"51":0,"52":0,"53":0,"54":0,"55":0,"56":0,"57":0,"58":0,"59":10,"60":0,"61":0,"62":0,"63":0,"64":0,"65":10,"66":0,"67":0,"68":10,"69":0,"70":0,"71":0,"72":0,"73":0,"74":0,"75":0,"76":0,"77":0,"78":0,"79":0,"80":0,"81":0,"82":10,"83":0,"84":10,"85":0,"86":10,"87":0,"88":0,"89":0,"90":10,"91":0,"92":0,"93":10,"94":0,"95":0,"96":0,"97":0,"98":10,"99":0,"100":0,"101":0,"102":0,"103":0,"104":0,"105":0,"106":0,"107":0,"108":0,"109":0,"110":10,"111":0,"112":0,"113":0,"114":0,"115":0,"116":0,"117":0,"118":0,"119":0,"120":0,"121":10,"122":0,"123":0,"124":0,"125":0,"126":0,"127":0,"128":0,"129":0,"130":10,"131":0,"132":0,"133":0,"134":0,"135":0,"136":0,"137":0,"138":0,"139":10,"140":1,"141":10,"142":1,"143":10,"144":0,"145":0,"146":0,"147":0,"148":0,"149":0,"150":0,"151":0,"152":0,"153":0,"154":0,"155":10,"156":10,"157":10,"158":10,"159":10,"160":10,"161":10,"162":10,"163":10,"164":10,"165":10,"166":10,"167":10,"168":10,"169":10,"170":10,"171":10,"172":10,"173":10,"174":10,"175":10,"176":21,"177":21,"178":1,"179":1},"f":{"0":0,"1":0,"2":0,"3":0,"4":0,"5":0,"6":0,"7":0,"8":0,"9":0,"10":10,"11":10,"12":10,"13":0,"14":0,"15":0,"16":0,"17":0,"18":0,"19":0,"20":0,"21":0,"22":0,"23":0,"24":0,"25":0,"26":0,"27":0,"28":0,"29":0,"30":0,"31":0,"32":0,"33":0,"34":0,"35":0,"36":0,"37":0,"38":0,"39":0,"40":0,"41":0,"42":0,"43":0,"44":0,"45":0,"46":0,"47":0,"48":0,"49":0,"50":0,"51":0,"52":0,"53":0,"54":0,"55":0,"56":0,"57":0,"58":0,"59":0,"60":0,"61":0,"62":1,"63":1,"64":0,"65":0,"66":21},"b":{"0":[0,0],"1":[0,0],"2":[0,0],"3":[0,0],"4":[0,0,0,0],"5":[2,19],"6":[19,13],"7":[19,3],"8":[19,1],"9":[19,1],"10":[19,1]}}
,"/Users/radoszszymon/Desktop/projects/emamy/app/components/NotLoggedInScreens/EditProfileInfo/style.tsx": {"path":"/Users/radoszszymon/Desktop/projects/emamy/app/components/NotLoggedInScreens/EditProfileInfo/style.tsx","statementMap":{"0":{"start":{"line":1,"column":0},"end":{"line":1,"column":76}},"1":{"start":{"line":2,"column":0},"end":{"line":2,"column":null}},"2":{"start":{"line":44,"column":0},"end":{"line":198,"column":3}}},"fnMap":{},"branchMap":{},"s":{"0":1,"1":1,"2":1},"f":{},"b":{}}
,"/Users/radoszszymon/Desktop/projects/emamy/testUtils/testUtils.js": {"path":"/Users/radoszszymon/Desktop/projects/emamy/testUtils/testUtils.js","statementMap":{"0":{"start":{"line":1,"column":13},"end":{"line":1,"column":75}},"1":{"start":{"line":1,"column":75},"end":{"line":1,"column":107}},"2":{"start":{"line":1,"column":128},"end":{"line":4,"column":1}},"3":{"start":{"line":2,"column":16},"end":{"line":2,"column":60}},"4":{"start":{"line":3,"column":2},"end":{"line":3,"column":17}},"5":{"start":{"line":4,"column":2},"end":{"line":4,"column":42}}},"fnMap":{"0":{"name":"findByTestAttr","decl":{"start":{"line":1,"column":137},"end":{"line":1,"column":151}},"loc":{"start":{"line":1,"column":169},"end":{"line":4,"column":1}},"line":1}},"branchMap":{},"s":{"0":1,"1":1,"2":1,"3":8,"4":8,"5":1},"f":{"0":8},"b":{},"_coverageSchema":"43e27e138ebf9cfc5966b082cf9a028302ed4184","hash":"16a1b3df8fdbe794a2985d2084af59a8ac2957a9"}
}
