TN:
SF:/Users/radoszszymon/Desktop/projects/emamy/app/assets/global/globalStyles.tsx
FNF:0
FNH:0
DA:1,1
DA:2,1
DA:3,1
DA:4,1
DA:5,1
DA:6,1
DA:7,1
DA:8,1
DA:9,1
DA:10,1
DA:20,1
DA:36,1
DA:46,1
DA:56,1
DA:66,1
DA:77,1
DA:89,1
DA:98,1
DA:102,1
DA:108,1
DA:114,1
DA:121,1
DA:127,1
DA:140,1
DA:148,1
DA:156,1
DA:163,1
DA:169,1
DA:174,1
DA:182,1
DA:189,1
DA:196,1
DA:205,1
DA:212,1
DA:220,1
DA:224,1
DA:232,1
DA:236,1
DA:243,1
DA:250,1
DA:255,1
DA:260,1
DA:269,1
DA:278,1
DA:284,1
DA:289,1
DA:290,1
DA:296,1
DA:302,1
DA:308,1
LF:50
LH:50
BRF:0
BRH:0
end_of_record
TN:
SF:/Users/radoszszymon/Desktop/projects/emamy/app/assets/images/loader.gif
FNF:0
FNH:0
DA:1,1
LF:1
LH:1
BRF:0
BRH:0
end_of_record
TN:
SF:/Users/radoszszymon/Desktop/projects/emamy/app/components/Context/GlobalContext.tsx
FN:9,(anonymous_1)
FN:10,(anonymous_2)
FN:15,(anonymous_3)
FN:17,(anonymous_4)
FN:18,(anonymous_5)
FN:20,(anonymous_6)
FN:24,(anonymous_7)
FNF:7
FNH:0
FNDA:0,(anonymous_1)
FNDA:0,(anonymous_2)
FNDA:0,(anonymous_3)
FNDA:0,(anonymous_4)
FNDA:0,(anonymous_5)
FNDA:0,(anonymous_6)
FNDA:0,(anonymous_7)
DA:1,1
DA:3,1
LF:2
LH:2
BRF:0
BRH:0
end_of_record
TN:
SF:/Users/radoszszymon/Desktop/projects/emamy/app/components/NotLoggedInScreens/EditProfileInfo/EditProfileInfo.tsx
FN:11,(anonymous_8)
FN:11,(anonymous_9)
FN:12,(anonymous_10)
FN:12,(anonymous_11)
FN:13,(anonymous_12)
FN:13,(anonymous_13)
FN:14,(anonymous_14)
FN:14,(anonymous_15)
FN:15,(anonymous_16)
FN:15,(anonymous_17)
FN:50,(anonymous_18)
FN:95,(anonymous_19)
FN:95,(anonymous_20)
FN:124,(anonymous_21)
FN:124,(anonymous_22)
FN:139,(anonymous_24)
FN:141,(anonymous_26)
FN:145,(anonymous_27)
FN:145,(anonymous_28)
FN:154,(anonymous_29)
FN:164,(anonymous_30)
FN:164,(anonymous_31)
FN:173,(anonymous_32)
FN:182,(anonymous_33)
FN:190,(anonymous_34)
FN:195,(anonymous_35)
FN:195,(anonymous_36)
FN:202,(anonymous_37)
FN:214,(anonymous_38)
FN:219,(anonymous_39)
FN:229,(anonymous_40)
FN:229,(anonymous_41)
FN:233,(anonymous_42)
FN:241,(anonymous_43)
FN:241,(anonymous_44)
FN:251,(anonymous_45)
FN:255,(anonymous_46)
FN:260,(anonymous_47)
FN:285,(anonymous_49)
FN:290,(anonymous_50)
FN:294,(anonymous_51)
FN:298,(anonymous_52)
FN:298,(anonymous_53)
FN:317,(anonymous_55)
FN:319,(anonymous_56)
FN:322,(anonymous_57)
FN:336,(anonymous_58)
FN:340,(anonymous_59)
FN:345,(anonymous_60)
FN:345,(anonymous_61)
FN:358,(anonymous_62)
FN:369,(anonymous_63)
FN:369,(anonymous_64)
FN:374,(anonymous_65)
FN:392,(anonymous_66)
FN:398,(anonymous_67)
FN:398,(anonymous_68)
FN:414,(anonymous_69)
FN:424,(anonymous_70)
FN:429,(anonymous_71)
FN:429,(anonymous_72)
FN:437,(anonymous_73)
FN:448,(anonymous_74)
FN:452,(anonymous_75)
FN:456,(anonymous_76)
FN:456,(anonymous_77)
FN:471,(anonymous_78)
FNF:67
FNH:6
FNDA:0,(anonymous_8)
FNDA:0,(anonymous_9)
FNDA:0,(anonymous_10)
FNDA:0,(anonymous_11)
FNDA:0,(anonymous_12)
FNDA:0,(anonymous_13)
FNDA:0,(anonymous_14)
FNDA:0,(anonymous_15)
FNDA:0,(anonymous_16)
FNDA:0,(anonymous_17)
FNDA:10,(anonymous_18)
FNDA:10,(anonymous_19)
FNDA:10,(anonymous_20)
FNDA:0,(anonymous_21)
FNDA:0,(anonymous_22)
FNDA:0,(anonymous_24)
FNDA:0,(anonymous_26)
FNDA:0,(anonymous_27)
FNDA:0,(anonymous_28)
FNDA:0,(anonymous_29)
FNDA:0,(anonymous_30)
FNDA:0,(anonymous_31)
FNDA:0,(anonymous_32)
FNDA:0,(anonymous_33)
FNDA:0,(anonymous_34)
FNDA:0,(anonymous_35)
FNDA:0,(anonymous_36)
FNDA:0,(anonymous_37)
FNDA:0,(anonymous_38)
FNDA:0,(anonymous_39)
FNDA:0,(anonymous_40)
FNDA:0,(anonymous_41)
FNDA:0,(anonymous_42)
FNDA:0,(anonymous_43)
FNDA:0,(anonymous_44)
FNDA:0,(anonymous_45)
FNDA:0,(anonymous_46)
FNDA:0,(anonymous_47)
FNDA:0,(anonymous_49)
FNDA:0,(anonymous_50)
FNDA:0,(anonymous_51)
FNDA:0,(anonymous_52)
FNDA:0,(anonymous_53)
FNDA:0,(anonymous_55)
FNDA:0,(anonymous_56)
FNDA:0,(anonymous_57)
FNDA:0,(anonymous_58)
FNDA:0,(anonymous_59)
FNDA:0,(anonymous_60)
FNDA:0,(anonymous_61)
FNDA:0,(anonymous_62)
FNDA:0,(anonymous_63)
FNDA:0,(anonymous_64)
FNDA:0,(anonymous_65)
FNDA:0,(anonymous_66)
FNDA:0,(anonymous_67)
FNDA:0,(anonymous_68)
FNDA:0,(anonymous_69)
FNDA:0,(anonymous_70)
FNDA:0,(anonymous_71)
FNDA:0,(anonymous_72)
FNDA:0,(anonymous_73)
FNDA:1,(anonymous_74)
FNDA:1,(anonymous_75)
FNDA:0,(anonymous_76)
FNDA:0,(anonymous_77)
FNDA:21,(anonymous_78)
DA:1,1
DA:2,1
DA:3,1
DA:5,1
DA:6,1
DA:7,1
DA:8,1
DA:9,1
DA:11,1
DA:12,1
DA:13,1
DA:14,1
DA:15,1
DA:20,1
DA:51,10
DA:52,10
DA:73,10
DA:74,10
DA:75,10
DA:76,10
DA:77,10
DA:78,10
DA:79,10
DA:80,10
DA:81,10
DA:82,10
DA:83,10
DA:84,10
DA:85,10
DA:86,10
DA:87,10
DA:88,10
DA:89,10
DA:90,10
DA:91,10
DA:92,10
DA:95,10
DA:98,0
DA:110,0
DA:120,0
DA:124,0
DA:131,0
DA:139,10
DA:140,0
DA:141,0
DA:145,10
DA:147,0
DA:148,0
DA:150,0
DA:155,0
DA:158,0
DA:160,0
DA:164,10
DA:166,0
DA:167,0
DA:169,0
DA:174,0
DA:176,0
DA:178,0
DA:182,10
DA:184,0
DA:186,0
DA:190,10
DA:192,0
DA:193,0
DA:195,0
DA:197,0
DA:203,0
DA:206,0
DA:210,0
DA:214,10
DA:215,0
DA:218,0
DA:219,0
DA:222,0
DA:226,0
DA:229,10
DA:230,0
DA:233,10
DA:234,0
DA:235,0
DA:241,0
DA:245,0
DA:249,0
DA:254,0
DA:256,0
DA:260,0
DA:263,0
DA:270,0
DA:278,0
DA:286,0
DA:290,10
DA:291,0
DA:294,10
DA:295,0
DA:298,10
DA:306,0
DA:309,0
DA:317,10
DA:319,0
DA:322,10
DA:323,0
DA:337,0
DA:338,0
DA:341,0
DA:345,10
DA:348,0
DA:349,0
DA:351,0
DA:352,0
DA:353,0
DA:354,0
DA:356,0
DA:359,0
DA:362,0
DA:364,0
DA:369,10
DA:370,0
DA:373,0
DA:381,0
DA:382,0
DA:384,0
DA:385,0
DA:387,0
DA:389,0
DA:393,0
DA:398,10
DA:399,0
DA:402,0
DA:403,0
DA:405,0
DA:415,0
DA:418,0
DA:420,0
DA:424,10
DA:426,0
DA:427,0
DA:429,0
DA:430,0
DA:438,0
DA:441,0
DA:444,0
DA:448,10
DA:449,1
DA:452,10
DA:453,1
DA:456,10
DA:457,0
DA:459,0
DA:460,0
DA:461,0
DA:462,0
DA:463,0
DA:464,0
DA:465,0
DA:467,0
DA:468,0
DA:485,21
DA:486,21
DA:564,1
DA:565,1
LF:161
LH:63
BRDA:101,0,0,0
BRDA:101,0,1,0
BRDA:107,1,0,0
BRDA:107,1,1,0
BRDA:123,2,0,0
BRDA:123,2,1,0
BRDA:238,3,0,0
BRDA:238,3,1,0
BRDA:376,4,0,0
BRDA:376,4,1,0
BRDA:376,4,2,0
BRDA:376,4,3,0
BRDA:489,5,0,2
BRDA:489,5,1,19
BRDA:494,6,0,19
BRDA:494,6,1,13
BRDA:505,7,0,19
BRDA:505,7,1,3
BRDA:518,8,0,19
BRDA:518,8,1,1
BRDA:529,9,0,19
BRDA:529,9,1,1
BRDA:547,10,0,19
BRDA:547,10,1,1
BRF:24
BRH:12
end_of_record
TN:
SF:/Users/radoszszymon/Desktop/projects/emamy/app/components/NotLoggedInScreens/EditProfileInfo/style.tsx
FNF:0
FNH:0
DA:1,1
DA:2,1
DA:44,1
LF:3
LH:3
BRF:0
BRH:0
end_of_record
TN:
SF:/Users/radoszszymon/Desktop/projects/emamy/testUtils/testUtils.js
FN:1,findByTestAttr
FNF:1
FNH:1
FNDA:8,findByTestAttr
DA:1,1
DA:2,8
DA:3,8
DA:4,1
LF:4
LH:4
BRF:0
BRH:0
end_of_record
