TN:
SF:/Users/radoszszymon/Desktop/projects/emamy/app/Alert/Alert.tsx
FN:6,(anonymous_2)
FN:10,(anonymous_3)
FNF:2
FNH:0
FNDA:0,(anonymous_2)
FNDA:0,(anonymous_3)
DA:1,1
DA:2,1
DA:3,1
DA:4,1
DA:6,1
DA:7,0
DA:8,0
DA:10,0
DA:12,0
DA:13,0
DA:18,0
DA:42,0
DA:45,1
LF:13
LH:6
BRDA:24,0,0,0
BRDA:24,0,1,0
BRDA:26,1,0,0
BRDA:26,1,1,0
BRF:4
BRH:0
end_of_record
TN:
SF:/Users/radoszszymon/Desktop/projects/emamy/app/Alert/style.tsx
FNF:0
FNH:0
DA:1,1
DA:2,1
DA:3,1
DA:5,1
DA:16,1
LF:5
LH:5
BRF:0
BRH:0
end_of_record
TN:
SF:/Users/radoszszymon/Desktop/projects/emamy/app/assets/global/globalStyles.tsx
FNF:0
FNH:0
DA:1,6
DA:2,6
DA:3,6
DA:4,6
DA:5,6
DA:6,6
DA:7,6
DA:8,6
DA:9,6
DA:10,6
DA:20,6
DA:36,6
DA:46,6
DA:56,6
DA:66,6
DA:77,6
DA:89,6
DA:98,6
DA:102,6
DA:108,6
DA:114,6
DA:121,6
DA:127,6
DA:139,6
DA:152,6
DA:160,6
DA:166,6
DA:173,6
DA:179,6
DA:184,6
DA:192,6
DA:199,6
DA:206,6
DA:215,6
DA:222,6
DA:230,6
DA:234,6
DA:242,6
DA:246,6
DA:253,6
DA:260,6
DA:265,6
DA:270,6
DA:279,6
DA:288,6
DA:294,6
DA:299,6
DA:300,6
DA:306,6
DA:312,6
DA:318,6
LF:51
LH:51
BRF:0
BRH:0
end_of_record
TN:
SF:/Users/radoszszymon/Desktop/projects/emamy/app/assets/images/auctionsBgMin.jpg
FNF:0
FNH:0
DA:1,1
LF:1
LH:1
BRF:0
BRH:0
end_of_record
TN:
SF:/Users/radoszszymon/Desktop/projects/emamy/app/assets/images/backIcon.png
FNF:0
FNH:0
DA:1,1
LF:1
LH:1
BRF:0
BRH:0
end_of_record
TN:
SF:/Users/radoszszymon/Desktop/projects/emamy/app/assets/images/closeWhite.png
FNF:0
FNH:0
DA:1,1
LF:1
LH:1
BRF:0
BRH:0
end_of_record
TN:
SF:/Users/radoszszymon/Desktop/projects/emamy/app/assets/images/dot.png
FNF:0
FNH:0
DA:1,1
LF:1
LH:1
BRF:0
BRH:0
end_of_record
TN:
SF:/Users/radoszszymon/Desktop/projects/emamy/app/assets/images/feedback.png
FNF:0
FNH:0
DA:1,1
LF:1
LH:1
BRF:0
BRH:0
end_of_record
TN:
SF:/Users/radoszszymon/Desktop/projects/emamy/app/assets/images/findUsersBgMin.jpg
FNF:0
FNH:0
DA:1,1
LF:1
LH:1
BRF:0
BRH:0
end_of_record
TN:
SF:/Users/radoszszymon/Desktop/projects/emamy/app/assets/images/forum.png
FNF:0
FNH:0
DA:1,1
LF:1
LH:1
BRF:0
BRH:0
end_of_record
TN:
SF:/Users/radoszszymon/Desktop/projects/emamy/app/assets/images/forumBgMin.jpg
FNF:0
FNH:0
DA:1,1
LF:1
LH:1
BRF:0
BRH:0
end_of_record
TN:
SF:/Users/radoszszymon/Desktop/projects/emamy/app/assets/images/like.png
FNF:0
FNH:0
DA:1,1
LF:1
LH:1
BRF:0
BRH:0
end_of_record
TN:
SF:/Users/radoszszymon/Desktop/projects/emamy/app/assets/images/loader.gif
FNF:0
FNH:0
DA:1,2
LF:1
LH:1
BRF:0
BRH:0
end_of_record
TN:
SF:/Users/radoszszymon/Desktop/projects/emamy/app/assets/images/message.png
FNF:0
FNH:0
DA:1,1
LF:1
LH:1
BRF:0
BRH:0
end_of_record
TN:
SF:/Users/radoszszymon/Desktop/projects/emamy/app/assets/images/messagesBgMin.jpg
FNF:0
FNH:0
DA:1,1
LF:1
LH:1
BRF:0
BRH:0
end_of_record
TN:
SF:/Users/radoszszymon/Desktop/projects/emamy/app/assets/images/network.png
FNF:0
FNH:0
DA:1,1
LF:1
LH:1
BRF:0
BRH:0
end_of_record
TN:
SF:/Users/radoszszymon/Desktop/projects/emamy/app/assets/images/profile.png
FNF:0
FNH:0
DA:1,1
LF:1
LH:1
BRF:0
BRH:0
end_of_record
TN:
SF:/Users/radoszszymon/Desktop/projects/emamy/app/assets/images/sell.png
FNF:0
FNH:0
DA:1,1
LF:1
LH:1
BRF:0
BRH:0
end_of_record
TN:
SF:/Users/radoszszymon/Desktop/projects/emamy/app/components/Context/GlobalContext.tsx
FN:9,(anonymous_1)
FN:10,(anonymous_2)
FN:15,(anonymous_3)
FN:16,(anonymous_4)
FN:18,(anonymous_5)
FN:19,(anonymous_6)
FN:21,(anonymous_7)
FN:25,(anonymous_8)
FNF:8
FNH:0
FNDA:0,(anonymous_1)
FNDA:0,(anonymous_2)
FNDA:0,(anonymous_3)
FNDA:0,(anonymous_4)
FNDA:0,(anonymous_5)
FNDA:0,(anonymous_6)
FNDA:0,(anonymous_7)
FNDA:0,(anonymous_8)
DA:1,6
DA:3,6
LF:2
LH:2
BRF:0
BRH:0
end_of_record
TN:
SF:/Users/radoszszymon/Desktop/projects/emamy/app/components/LoggedInScreens/LoggedInMain.tsx
FN:40,(anonymous_2)
FN:77,(anonymous_3)
FN:78,(anonymous_4)
FN:85,(anonymous_5)
FN:89,(anonymous_6)
FN:111,(anonymous_7)
FN:122,(anonymous_8)
FN:131,(anonymous_9)
FN:137,(anonymous_10)
FN:149,(anonymous_11)
FN:162,(anonymous_12)
FN:173,(anonymous_13)
FN:184,(anonymous_14)
FN:73,(anonymous_15)
FN:195,(anonymous_16)
FNF:15
FNH:12
FNDA:12,(anonymous_2)
FNDA:1,(anonymous_3)
FNDA:2,(anonymous_4)
FNDA:1,(anonymous_5)
FNDA:0,(anonymous_6)
FNDA:0,(anonymous_7)
FNDA:0,(anonymous_8)
FNDA:1,(anonymous_9)
FNDA:1,(anonymous_10)
FNDA:1,(anonymous_11)
FNDA:1,(anonymous_12)
FNDA:1,(anonymous_13)
FNDA:1,(anonymous_14)
FNDA:12,(anonymous_15)
FNDA:28,(anonymous_16)
DA:1,1
DA:2,1
DA:9,1
DA:10,1
DA:11,1
DA:12,1
DA:13,1
DA:14,1
DA:15,1
DA:41,12
DA:42,12
DA:62,12
DA:63,12
DA:64,12
DA:65,12
DA:66,12
DA:67,12
DA:68,12
DA:69,12
DA:70,12
DA:74,12
DA:77,12
DA:78,1
DA:79,2
DA:82,1
DA:85,12
DA:86,1
DA:89,12
DA:90,0
DA:91,0
DA:92,0
DA:93,0
DA:95,0
DA:98,0
DA:105,0
DA:113,0
DA:119,0
DA:123,0
DA:131,12
DA:132,1
DA:137,12
DA:138,1
DA:149,12
DA:150,1
DA:162,12
DA:163,1
DA:173,12
DA:174,1
DA:184,12
DA:185,1
DA:196,28
DA:210,28
DA:211,28
DA:283,1
DA:284,1
LF:55
LH:45
BRDA:97,0,0,0
BRDA:97,0,1,0
BRDA:219,1,0,28
BRDA:219,1,1,0
BRDA:253,2,0,28
BRDA:253,2,1,27
BRF:6
BRH:3
end_of_record
TN:
SF:/Users/radoszszymon/Desktop/projects/emamy/app/components/LoggedInScreens/style.tsx
FNF:0
FNH:0
DA:1,1
DA:2,1
DA:24,1
LF:3
LH:3
BRF:0
BRH:0
end_of_record
TN:
SF:/Users/radoszszymon/Desktop/projects/emamy/app/components/LoggedInScreens/Auctions/Auctions.tsx
FN:21,(anonymous_8)
FN:21,(anonymous_9)
FN:22,(anonymous_10)
FN:22,(anonymous_11)
FN:23,(anonymous_12)
FN:23,(anonymous_13)
FN:26,(anonymous_14)
FN:26,(anonymous_15)
FN:53,(anonymous_16)
FN:114,(anonymous_17)
FN:118,(anonymous_18)
FN:129,(anonymous_19)
FN:209,(anonymous_20)
FN:222,(anonymous_21)
FN:238,(anonymous_22)
FN:250,(anonymous_23)
FN:276,(anonymous_24)
FN:308,(anonymous_25)
FN:329,(anonymous_26)
FN:336,(anonymous_27)
FN:375,(anonymous_28)
FN:383,(anonymous_29)
FN:388,(anonymous_30)
FN:400,(anonymous_31)
FN:410,(anonymous_32)
FN:415,(anonymous_33)
FN:421,(anonymous_35)
FN:429,(anonymous_36)
FN:287,(anonymous_37)
FN:291,(anonymous_38)
FN:448,(anonymous_39)
FNF:31
FNH:3
FNDA:0,(anonymous_8)
FNDA:0,(anonymous_9)
FNDA:0,(anonymous_10)
FNDA:0,(anonymous_11)
FNDA:0,(anonymous_12)
FNDA:0,(anonymous_13)
FNDA:0,(anonymous_14)
FNDA:0,(anonymous_15)
FNDA:9,(anonymous_16)
FNDA:0,(anonymous_17)
FNDA:0,(anonymous_18)
FNDA:0,(anonymous_19)
FNDA:0,(anonymous_20)
FNDA:0,(anonymous_21)
FNDA:0,(anonymous_22)
FNDA:0,(anonymous_23)
FNDA:0,(anonymous_24)
FNDA:0,(anonymous_25)
FNDA:0,(anonymous_26)
FNDA:0,(anonymous_27)
FNDA:0,(anonymous_28)
FNDA:0,(anonymous_29)
FNDA:0,(anonymous_30)
FNDA:0,(anonymous_31)
FNDA:0,(anonymous_32)
FNDA:0,(anonymous_33)
FNDA:0,(anonymous_35)
FNDA:9,(anonymous_36)
FNDA:0,(anonymous_37)
FNDA:0,(anonymous_38)
FNDA:17,(anonymous_39)
DA:1,1
DA:2,1
DA:10,1
DA:11,1
DA:12,1
DA:13,1
DA:14,1
DA:15,1
DA:16,1
DA:17,1
DA:19,1
DA:21,1
DA:22,1
DA:23,1
DA:26,1
DA:54,9
DA:55,9
DA:101,9
DA:102,9
DA:103,9
DA:106,9
DA:107,9
DA:108,9
DA:109,9
DA:110,9
DA:111,9
DA:114,9
DA:115,0
DA:118,9
DA:129,0
DA:130,0
DA:144,0
DA:146,0
DA:149,0
DA:151,0
DA:155,0
DA:157,0
DA:172,0
DA:189,0
DA:191,0
DA:193,0
DA:195,0
DA:211,0
DA:213,0
DA:219,0
DA:223,0
DA:225,0
DA:231,0
DA:234,0
DA:238,9
DA:239,0
DA:242,0
DA:244,0
DA:246,0
DA:250,9
DA:251,0
DA:253,0
DA:260,0
DA:267,0
DA:276,9
DA:278,0
DA:283,0
DA:288,0
DA:291,0
DA:308,9
DA:314,0
DA:315,0
DA:316,0
DA:318,0
DA:321,0
DA:331,0
DA:332,0
DA:333,0
DA:335,0
DA:342,0
DA:347,0
DA:352,0
DA:358,0
DA:366,0
DA:376,0
DA:379,0
DA:383,9
DA:384,0
DA:385,0
DA:388,9
DA:389,0
DA:390,0
DA:391,0
DA:393,0
DA:395,0
DA:402,0
DA:411,0
DA:415,9
DA:416,0
DA:421,9
DA:422,0
DA:429,9
DA:432,0
DA:440,0
DA:463,17
DA:464,17
DA:584,1
DA:585,1
LF:103
LH:41
BRDA:161,0,0,0
BRDA:161,0,1,0
BRDA:161,0,2,0
BRDA:161,0,3,0
BRDA:161,0,4,0
BRDA:161,0,5,0
BRDA:161,0,6,0
BRDA:161,0,7,0
BRDA:161,0,8,0
BRDA:161,0,9,0
BRDA:180,1,0,0
BRDA:180,1,1,0
BRDA:180,1,2,0
BRDA:180,1,3,0
BRDA:180,1,4,0
BRDA:180,1,5,0
BRDA:180,1,6,0
BRDA:180,1,7,0
BRDA:276,2,0,0
BRDA:320,3,0,0
BRDA:320,3,1,0
BRDA:320,3,2,0
BRDA:339,4,0,0
BRDA:339,4,1,0
BRDA:344,5,0,0
BRDA:344,5,1,0
BRDA:349,6,0,0
BRDA:349,6,1,0
BRDA:435,7,0,0
BRDA:435,7,1,0
BRDA:435,7,2,0
BRDA:435,7,3,0
BRDA:467,8,0,1
BRDA:467,8,1,16
BRDA:472,9,0,16
BRDA:472,9,1,15
BRDA:472,9,2,14
BRDA:472,9,3,13
BRDA:480,10,0,16
BRDA:480,10,1,15
BRDA:480,10,2,14
BRDA:480,10,3,14
BRDA:480,10,4,1
BRDA:495,11,0,16
BRDA:495,11,1,15
BRDA:495,11,2,14
BRDA:495,11,3,14
BRDA:495,11,4,13
BRDA:517,12,0,16
BRDA:517,12,1,15
BRDA:517,12,2,14
BRDA:530,13,0,16
BRDA:530,13,1,15
BRDA:530,13,2,14
BRDA:530,13,3,13
BRDA:553,14,0,16
BRDA:553,14,1,1
BRDA:553,14,2,1
BRDA:567,15,0,16
BRDA:567,15,1,1
BRDA:567,15,2,1
BRF:61
BRH:29
end_of_record
TN:
SF:/Users/radoszszymon/Desktop/projects/emamy/app/components/LoggedInScreens/Auctions/style.tsx
FNF:0
FNH:0
DA:1,1
DA:8,1
DA:25,1
DA:26,1
DA:102,1
LF:5
LH:5
BRF:0
BRH:0
end_of_record
TN:
SF:/Users/radoszszymon/Desktop/projects/emamy/app/components/LoggedInScreens/Auctions/utils/AuctionList.tsx
FN:6,(anonymous_2)
FN:15,(anonymous_3)
FN:24,(anonymous_4)
FNF:3
FNH:0
FNDA:0,(anonymous_2)
FNDA:0,(anonymous_3)
FNDA:0,(anonymous_4)
DA:1,1
DA:2,1
DA:3,1
DA:4,1
DA:6,1
DA:11,0
DA:14,0
DA:16,0
DA:25,0
DA:37,1
LF:10
LH:6
BRDA:15,0,0,0
BRDA:15,0,1,0
BRF:2
BRH:0
end_of_record
TN:
SF:/Users/radoszszymon/Desktop/projects/emamy/app/components/LoggedInScreens/FindUsers/FindUsers.tsx
FN:12,(anonymous_8)
FN:12,(anonymous_9)
FN:13,(anonymous_10)
FN:13,(anonymous_11)
FN:14,(anonymous_12)
FN:14,(anonymous_13)
FN:17,(anonymous_14)
FN:17,(anonymous_15)
FN:54,(anonymous_16)
FN:132,(anonymous_17)
FN:174,(anonymous_18)
FN:217,(anonymous_19)
FN:232,(anonymous_20)
FN:255,(anonymous_21)
FN:264,(anonymous_22)
FN:310,(anonymous_23)
FN:322,(anonymous_24)
FN:329,(anonymous_25)
FN:333,(anonymous_26)
FN:333,(anonymous_27)
FN:348,(anonymous_28)
FN:378,(anonymous_29)
FN:382,(anonymous_30)
FN:403,(anonymous_31)
FN:420,(anonymous_32)
FN:429,(anonymous_33)
FN:429,(anonymous_34)
FN:444,(anonymous_35)
FN:455,(anonymous_36)
FN:469,(anonymous_37)
FN:476,(anonymous_38)
FN:483,(anonymous_39)
FN:487,(anonymous_40)
FN:491,(anonymous_41)
FN:495,(anonymous_42)
FN:512,(anonymous_43)
FN:521,(anonymous_44)
FN:530,(anonymous_45)
FN:548,(anonymous_46)
FN:557,(anonymous_47)
FN:566,(anonymous_48)
FN:579,(anonymous_49)
FN:591,(anonymous_50)
FN:603,(anonymous_51)
FN:607,(anonymous_52)
FN:357,(anonymous_53)
FN:361,(anonymous_54)
FN:618,(anonymous_55)
FNF:48
FNH:3
FNDA:0,(anonymous_8)
FNDA:0,(anonymous_9)
FNDA:0,(anonymous_10)
FNDA:0,(anonymous_11)
FNDA:0,(anonymous_12)
FNDA:0,(anonymous_13)
FNDA:0,(anonymous_14)
FNDA:0,(anonymous_15)
FNDA:6,(anonymous_16)
FNDA:0,(anonymous_17)
FNDA:0,(anonymous_18)
FNDA:0,(anonymous_19)
FNDA:0,(anonymous_20)
FNDA:0,(anonymous_21)
FNDA:0,(anonymous_22)
FNDA:0,(anonymous_23)
FNDA:0,(anonymous_24)
FNDA:0,(anonymous_25)
FNDA:0,(anonymous_26)
FNDA:0,(anonymous_27)
FNDA:0,(anonymous_28)
FNDA:0,(anonymous_29)
FNDA:0,(anonymous_30)
FNDA:0,(anonymous_31)
FNDA:0,(anonymous_32)
FNDA:0,(anonymous_33)
FNDA:0,(anonymous_34)
FNDA:0,(anonymous_35)
FNDA:0,(anonymous_36)
FNDA:0,(anonymous_37)
FNDA:0,(anonymous_38)
FNDA:0,(anonymous_39)
FNDA:0,(anonymous_40)
FNDA:0,(anonymous_41)
FNDA:0,(anonymous_42)
FNDA:0,(anonymous_43)
FNDA:0,(anonymous_44)
FNDA:0,(anonymous_45)
FNDA:0,(anonymous_46)
FNDA:0,(anonymous_47)
FNDA:0,(anonymous_48)
FNDA:0,(anonymous_49)
FNDA:0,(anonymous_50)
FNDA:0,(anonymous_51)
FNDA:6,(anonymous_52)
FNDA:0,(anonymous_53)
FNDA:0,(anonymous_54)
FNDA:11,(anonymous_55)
DA:1,1
DA:2,1
DA:3,1
DA:5,1
DA:6,1
DA:7,1
DA:8,1
DA:9,1
DA:10,1
DA:12,1
DA:13,1
DA:14,1
DA:17,1
DA:55,6
DA:56,6
DA:114,6
DA:115,6
DA:116,6
DA:117,6
DA:118,6
DA:119,6
DA:120,6
DA:121,6
DA:122,6
DA:123,6
DA:124,6
DA:125,6
DA:126,6
DA:127,6
DA:128,6
DA:129,6
DA:132,6
DA:138,0
DA:140,0
DA:148,0
DA:156,0
DA:164,0
DA:174,6
DA:180,0
DA:183,0
DA:191,0
DA:199,0
DA:207,0
DA:217,6
DA:220,0
DA:222,0
DA:228,0
DA:232,6
DA:239,0
DA:240,0
DA:241,0
DA:243,0
DA:246,0
DA:258,0
DA:259,0
DA:260,0
DA:261,0
DA:263,0
DA:270,0
DA:275,0
DA:280,0
DA:285,0
DA:291,0
DA:300,0
DA:311,0
DA:318,0
DA:322,6
DA:323,0
DA:325,0
DA:327,0
DA:331,0
DA:333,0
DA:334,0
DA:336,0
DA:339,0
DA:340,0
DA:341,0
DA:349,0
DA:358,0
DA:361,0
DA:378,6
DA:379,0
DA:382,6
DA:383,0
DA:384,0
DA:385,0
DA:387,0
DA:389,0
DA:397,0
DA:405,0
DA:411,0
DA:413,0
DA:421,0
DA:429,6
DA:431,0
DA:433,0
DA:435,0
DA:437,0
DA:439,0
DA:446,0
DA:447,0
DA:456,0
DA:464,0
DA:471,0
DA:477,0
DA:480,0
DA:483,6
DA:484,0
DA:487,6
DA:488,0
DA:491,6
DA:492,0
DA:495,6
DA:496,0
DA:497,0
DA:499,0
DA:507,0
DA:514,0
DA:522,0
DA:530,6
DA:531,0
DA:533,0
DA:535,0
DA:543,0
DA:550,0
DA:558,0
DA:566,6
DA:568,0
DA:569,0
DA:570,0
DA:572,0
DA:574,0
DA:580,0
DA:582,0
DA:592,0
DA:599,0
DA:603,6
DA:604,0
DA:607,6
DA:608,6
DA:610,0
DA:614,0
DA:637,11
DA:638,11
DA:769,1
DA:770,1
LF:146
LH:52
BRDA:217,0,0,0
BRDA:245,1,0,0
BRDA:245,1,1,0
BRDA:245,1,2,0
BRDA:245,1,3,0
BRDA:267,2,0,0
BRDA:267,2,1,0
BRDA:272,3,0,0
BRDA:272,3,1,0
BRDA:277,4,0,0
BRDA:277,4,1,0
BRDA:282,5,0,0
BRDA:282,5,1,0
BRDA:609,6,0,6
BRDA:609,6,1,0
BRDA:609,6,2,0
BRDA:613,7,0,6
BRDA:613,7,1,0
BRDA:641,8,0,11
BRDA:641,8,1,9
BRDA:641,8,2,9
BRDA:641,8,3,9
BRDA:654,9,0,11
BRDA:654,9,1,10
BRDA:654,9,2,10
BRDA:654,9,3,10
BRDA:654,9,4,1
BRDA:669,10,0,11
BRDA:669,10,1,0
BRDA:669,10,2,0
BRDA:669,10,3,0
BRDA:690,11,0,11
BRDA:690,11,1,1
BRDA:690,11,2,1
BRDA:690,11,3,1
BRDA:702,12,0,11
BRDA:702,12,1,10
BRDA:702,12,2,10
BRDA:702,12,3,10
BRDA:702,12,4,9
BRDA:724,13,0,11
BRDA:724,13,1,11
BRDA:738,14,0,11
BRDA:738,14,1,10
BRDA:738,14,2,10
BRDA:738,14,3,10
BRDA:738,14,4,9
BRDA:738,14,5,0
BRDA:758,15,0,9
BRDA:758,15,1,2
BRDA:753,16,0,11
BRDA:753,16,1,10
BRDA:753,16,2,10
BRDA:753,16,3,10
BRDA:753,16,4,9
BRF:55
BRH:35
end_of_record
TN:
SF:/Users/radoszszymon/Desktop/projects/emamy/app/components/LoggedInScreens/FindUsers/style.tsx
FNF:0
FNH:0
DA:1,1
DA:8,1
DA:18,1
DA:19,1
DA:53,1
LF:5
LH:5
BRF:0
BRH:0
end_of_record
TN:
SF:/Users/radoszszymon/Desktop/projects/emamy/app/components/LoggedInScreens/FindUsers/utils/UserList.tsx
FN:6,(anonymous_2)
FN:16,(anonymous_3)
FN:32,(anonymous_4)
FNF:3
FNH:0
FNDA:0,(anonymous_2)
FNDA:0,(anonymous_3)
FNDA:0,(anonymous_4)
DA:1,1
DA:2,1
DA:3,1
DA:4,1
DA:6,1
DA:13,0
DA:15,0
DA:18,0
DA:33,0
DA:34,0
DA:47,1
LF:11
LH:6
BRDA:16,0,0,0
BRDA:16,0,1,0
BRDA:15,1,0,0
BRDA:15,1,1,0
BRDA:24,2,0,0
BRDA:24,2,1,0
BRDA:27,3,0,0
BRDA:27,3,1,0
BRDA:28,4,0,0
BRDA:28,4,1,0
BRF:10
BRH:0
end_of_record
TN:
SF:/Users/radoszszymon/Desktop/projects/emamy/app/components/LoggedInScreens/Forum/Forum.tsx
FN:12,(anonymous_2)
FN:12,(anonymous_3)
FN:13,(anonymous_4)
FN:13,(anonymous_5)
FN:14,(anonymous_6)
FN:14,(anonymous_7)
FN:31,(anonymous_8)
FN:52,(anonymous_9)
FN:67,(anonymous_11)
FN:73,(anonymous_13)
FN:87,(anonymous_16)
FN:100,(anonymous_17)
FN:115,(anonymous_18)
FN:124,(anonymous_19)
FN:131,(anonymous_20)
FN:139,(anonymous_21)
FN:148,(anonymous_22)
FN:153,(anonymous_23)
FN:184,(anonymous_24)
FN:205,(anonymous_25)
FN:221,(anonymous_26)
FN:225,(anonymous_27)
FN:303,(anonymous_28)
FNF:23
FNH:4
FNDA:0,(anonymous_2)
FNDA:0,(anonymous_3)
FNDA:0,(anonymous_4)
FNDA:0,(anonymous_5)
FNDA:0,(anonymous_6)
FNDA:0,(anonymous_7)
FNDA:8,(anonymous_8)
FNDA:0,(anonymous_9)
FNDA:0,(anonymous_11)
FNDA:0,(anonymous_13)
FNDA:0,(anonymous_16)
FNDA:0,(anonymous_17)
FNDA:0,(anonymous_18)
FNDA:0,(anonymous_19)
FNDA:0,(anonymous_20)
FNDA:0,(anonymous_21)
FNDA:0,(anonymous_22)
FNDA:0,(anonymous_23)
FNDA:0,(anonymous_24)
FNDA:0,(anonymous_25)
FNDA:8,(anonymous_26)
FNDA:22,(anonymous_27)
FNDA:1,(anonymous_28)
DA:1,1
DA:2,1
DA:3,1
DA:4,1
DA:5,1
DA:6,1
DA:7,1
DA:8,1
DA:10,1
DA:12,1
DA:13,1
DA:14,1
DA:32,8
DA:33,8
DA:44,8
DA:45,8
DA:46,8
DA:47,8
DA:48,8
DA:49,8
DA:52,8
DA:53,0
DA:57,0
DA:59,0
DA:67,8
DA:68,0
DA:73,8
DA:75,0
DA:80,0
DA:87,8
DA:92,0
DA:94,0
DA:96,0
DA:102,0
DA:103,0
DA:111,0
DA:116,0
DA:124,8
DA:125,0
DA:127,0
DA:129,0
DA:133,0
DA:134,0
DA:140,0
DA:148,8
DA:149,0
DA:150,0
DA:153,8
DA:159,0
DA:162,0
DA:175,0
DA:177,0
DA:186,0
DA:190,0
DA:192,0
DA:198,0
DA:206,0
DA:213,0
DA:221,8
DA:222,8
DA:234,22
DA:235,22
DA:313,1
DA:352,1
DA:353,1
LF:65
LH:34
BRDA:161,0,0,0
BRDA:161,0,1,0
BRDA:161,0,2,0
BRDA:170,1,0,0
BRDA:170,1,1,0
BRDA:170,1,2,0
BRDA:170,1,3,0
BRDA:238,2,0,22
BRDA:238,2,1,21
BRDA:238,2,2,20
BRDA:238,2,3,19
BRDA:252,3,0,22
BRDA:252,3,1,1
BRDA:252,3,2,1
BRDA:252,3,3,1
BRDA:252,3,4,1
BRDA:265,4,0,22
BRDA:265,4,1,21
BRDA:265,4,2,1
BRDA:277,5,0,22
BRDA:277,5,1,21
BRDA:277,5,2,20
BRDA:277,5,3,12
BRDA:288,6,0,22
BRDA:288,6,1,22
BRDA:288,6,2,1
BRDA:288,6,3,1
BRDA:299,7,0,22
BRDA:299,7,1,22
BRDA:299,7,2,1
BRDA:299,7,3,1
BRDA:326,8,0,22
BRDA:326,8,1,21
BRDA:326,8,2,20
BRDA:326,8,3,12
BRDA:337,9,0,22
BRDA:337,9,1,21
BRDA:337,9,2,20
BRDA:337,9,3,12
BRF:39
BRH:32
end_of_record
TN:
SF:/Users/radoszszymon/Desktop/projects/emamy/app/components/LoggedInScreens/Forum/style.tsx
FNF:0
FNH:0
DA:1,1
DA:8,1
DA:70,1
DA:71,1
DA:73,1
LF:5
LH:5
BRF:0
BRH:0
end_of_record
TN:
SF:/Users/radoszszymon/Desktop/projects/emamy/app/components/LoggedInScreens/Forum/utils/CategoryDetailsSinglePostOnList.tsx
FN:14,(anonymous_1)
FN:22,(anonymous_2)
FNF:2
FNH:0
FNDA:0,(anonymous_1)
FNDA:0,(anonymous_2)
DA:1,1
DA:2,1
DA:9,1
DA:10,1
DA:11,1
DA:12,1
DA:14,1
DA:19,0
DA:20,0
DA:22,0
DA:50,1
LF:11
LH:8
BRF:0
BRH:0
end_of_record
TN:
SF:/Users/radoszszymon/Desktop/projects/emamy/app/components/LoggedInScreens/Messages/Messages.tsx
FN:9,(anonymous_2)
FN:9,(anonymous_3)
FN:30,(anonymous_4)
FN:54,(anonymous_5)
FN:58,(anonymous_6)
FN:63,(anonymous_7)
FN:79,(anonymous_8)
FN:93,(anonymous_9)
FN:103,(anonymous_10)
FN:133,(anonymous_11)
FN:144,(anonymous_12)
FN:154,(anonymous_13)
FN:164,(anonymous_14)
FN:173,(anonymous_15)
FN:182,(anonymous_16)
FN:193,(anonymous_17)
FN:202,(anonymous_18)
FN:211,(anonymous_19)
FN:218,(anonymous_20)
FNF:19
FNH:3
FNDA:0,(anonymous_2)
FNDA:0,(anonymous_3)
FNDA:5,(anonymous_4)
FNDA:0,(anonymous_5)
FNDA:0,(anonymous_6)
FNDA:0,(anonymous_7)
FNDA:0,(anonymous_8)
FNDA:0,(anonymous_9)
FNDA:0,(anonymous_10)
FNDA:0,(anonymous_11)
FNDA:0,(anonymous_12)
FNDA:0,(anonymous_13)
FNDA:0,(anonymous_14)
FNDA:0,(anonymous_15)
FNDA:0,(anonymous_16)
FNDA:0,(anonymous_17)
FNDA:0,(anonymous_18)
FNDA:5,(anonymous_19)
FNDA:9,(anonymous_20)
DA:1,1
DA:2,1
DA:3,1
DA:4,1
DA:5,1
DA:6,1
DA:7,1
DA:9,1
DA:31,5
DA:32,5
DA:46,5
DA:47,5
DA:48,5
DA:49,5
DA:50,5
DA:51,5
DA:54,5
DA:55,0
DA:58,5
DA:59,0
DA:63,5
DA:70,0
DA:71,0
DA:73,0
DA:75,0
DA:81,0
DA:94,0
DA:103,5
DA:113,0
DA:115,0
DA:117,0
DA:125,0
DA:135,0
DA:145,0
DA:154,5
DA:155,0
DA:156,0
DA:158,0
DA:160,0
DA:166,0
DA:167,0
DA:174,0
DA:182,5
DA:183,0
DA:184,0
DA:186,0
DA:188,0
DA:195,0
DA:196,0
DA:203,0
DA:211,5
DA:213,0
DA:214,0
DA:230,9
DA:231,9
DA:329,1
DA:330,1
LF:57
LH:27
BRDA:233,0,0,9
BRDA:233,0,1,8
BRDA:243,1,0,9
BRDA:243,1,1,1
BRDA:251,2,0,0
BRDA:251,2,1,1
BRDA:258,3,0,0
BRDA:258,3,1,1
BRDA:271,4,0,1
BRDA:271,4,1,0
BRDA:278,5,0,1
BRDA:278,5,1,0
BRDA:291,6,0,8
BRDA:291,6,1,1
BRDA:290,7,0,9
BRDA:290,7,1,9
BRDA:292,8,0,1
BRDA:292,8,1,7
BRDA:298,9,0,0
BRDA:298,9,1,7
BRDA:309,10,0,9
BRDA:309,10,1,1
BRF:22
BRH:17
end_of_record
TN:
SF:/Users/radoszszymon/Desktop/projects/emamy/app/components/LoggedInScreens/Messages/style.tsx
FNF:0
FNH:0
DA:1,1
DA:2,1
DA:54,1
LF:3
LH:3
BRF:0
BRH:0
end_of_record
TN:
SF:/Users/radoszszymon/Desktop/projects/emamy/app/components/LoggedInScreens/Messages/utils/MessageList.tsx
FN:8,(anonymous_2)
FN:15,(anonymous_3)
FN:30,(anonymous_4)
FNF:3
FNH:0
FNDA:0,(anonymous_2)
FNDA:0,(anonymous_3)
FNDA:0,(anonymous_4)
DA:1,1
DA:2,1
DA:3,1
DA:4,1
DA:5,1
DA:6,1
DA:8,1
DA:12,0
DA:14,0
DA:17,0
DA:31,0
DA:50,1
LF:12
LH:8
BRDA:15,0,0,0
BRDA:15,0,1,0
BRDA:14,1,0,0
BRDA:14,1,1,0
BRF:4
BRH:0
end_of_record
TN:
SF:/Users/radoszszymon/Desktop/projects/emamy/app/components/LoggedInScreens/SharedComponents/BottomPanel.tsx
FN:13,(anonymous_2)
FNF:1
FNH:0
FNDA:0,(anonymous_2)
DA:1,1
DA:2,1
DA:3,1
DA:4,1
DA:6,1
DA:7,1
DA:8,1
DA:9,1
DA:10,1
DA:11,1
DA:13,1
DA:26,0
DA:27,0
DA:210,1
LF:14
LH:12
BRDA:33,0,0,0
BRDA:33,0,1,0
BRDA:46,1,0,0
BRDA:46,1,1,0
BRDA:57,2,0,0
BRDA:57,2,1,0
BRDA:70,3,0,0
BRDA:70,3,1,0
BRDA:81,4,0,0
BRDA:81,4,1,0
BRDA:91,5,0,0
BRDA:91,5,1,0
BRDA:91,5,2,0
BRDA:91,5,3,0
BRDA:107,6,0,0
BRDA:107,6,1,0
BRDA:104,7,0,0
BRDA:104,7,1,0
BRDA:108,8,0,0
BRDA:108,8,1,0
BRDA:114,9,0,0
BRDA:114,9,1,0
BRDA:124,10,0,0
BRDA:124,10,1,0
BRDA:135,11,0,0
BRDA:135,11,1,0
BRDA:147,12,0,0
BRDA:147,12,1,0
BRDA:157,13,0,0
BRDA:157,13,1,0
BRDA:167,14,0,0
BRDA:167,14,1,0
BRDA:167,14,2,0
BRDA:167,14,3,0
BRDA:182,15,0,0
BRDA:182,15,1,0
BRDA:179,16,0,0
BRDA:179,16,1,0
BRDA:183,17,0,0
BRDA:183,17,1,0
BRDA:189,18,0,0
BRDA:189,18,1,0
BRDA:199,19,0,0
BRDA:199,19,1,0
BRF:44
BRH:0
end_of_record
TN:
SF:/Users/radoszszymon/Desktop/projects/emamy/app/components/LoggedInScreens/SharedComponents/PageHeader.tsx
FN:6,(anonymous_1)
FN:15,(anonymous_2)
FNF:2
FNH:0
FNDA:0,(anonymous_1)
FNDA:0,(anonymous_2)
DA:1,1
DA:2,1
DA:3,1
DA:4,1
DA:6,1
DA:12,0
DA:15,0
DA:37,1
LF:8
LH:6
BRF:0
BRH:0
end_of_record
TN:
SF:/Users/radoszszymon/Desktop/projects/emamy/app/components/LoggedInScreens/SharedComponents/style.tsx
FNF:0
FNH:0
DA:1,2
DA:18,2
DA:24,2
DA:75,2
LF:4
LH:4
BRF:0
BRH:0
end_of_record
TN:
SF:/Users/radoszszymon/Desktop/projects/emamy/app/components/LoggedInScreens/utils/LoggedInScreens.tsx
FN:4,(anonymous_1)
FN:4,(anonymous_2)
FN:5,(anonymous_3)
FN:5,(anonymous_4)
FN:6,(anonymous_5)
FN:6,(anonymous_6)
FN:7,(anonymous_7)
FN:7,(anonymous_8)
FN:8,(anonymous_9)
FN:8,(anonymous_10)
FN:9,(anonymous_11)
FN:9,(anonymous_12)
FN:11,(anonymous_13)
FNF:13
FNH:1
FNDA:0,(anonymous_1)
FNDA:0,(anonymous_2)
FNDA:0,(anonymous_3)
FNDA:0,(anonymous_4)
FNDA:0,(anonymous_5)
FNDA:0,(anonymous_6)
FNDA:0,(anonymous_7)
FNDA:0,(anonymous_8)
FNDA:0,(anonymous_9)
FNDA:0,(anonymous_10)
FNDA:0,(anonymous_11)
FNDA:0,(anonymous_12)
FNDA:11,(anonymous_13)
DA:1,2
DA:2,2
DA:4,2
DA:5,2
DA:6,2
DA:7,2
DA:8,2
DA:9,2
DA:11,2
DA:12,11
DA:82,2
LF:11
LH:11
BRDA:13,0,0,11
BRDA:13,0,1,1
BRDA:13,0,2,1
BRDA:24,1,0,11
BRDA:24,1,1,1
BRDA:24,1,2,1
BRDA:35,2,0,11
BRDA:35,2,1,1
BRDA:35,2,2,1
BRDA:41,3,0,11
BRDA:41,3,1,1
BRDA:41,3,2,1
BRDA:50,4,0,11
BRDA:50,4,1,1
BRDA:50,4,2,1
BRDA:54,5,0,0
BRDA:54,5,1,1
BRDA:54,6,0,1
BRDA:54,6,1,0
BRDA:67,7,0,11
BRDA:67,7,1,0
BRF:21
BRH:18
end_of_record
TN:
SF:/Users/radoszszymon/Desktop/projects/emamy/app/components/NotLoggedInScreens/EditProfileInfo/EditProfileInfo.tsx
FN:11,(anonymous_8)
FN:11,(anonymous_9)
FN:12,(anonymous_10)
FN:12,(anonymous_11)
FN:13,(anonymous_12)
FN:13,(anonymous_13)
FN:14,(anonymous_14)
FN:14,(anonymous_15)
FN:15,(anonymous_16)
FN:15,(anonymous_17)
FN:50,(anonymous_18)
FN:95,(anonymous_19)
FN:95,(anonymous_20)
FN:124,(anonymous_21)
FN:124,(anonymous_22)
FN:139,(anonymous_24)
FN:141,(anonymous_26)
FN:145,(anonymous_27)
FN:145,(anonymous_28)
FN:154,(anonymous_29)
FN:164,(anonymous_30)
FN:164,(anonymous_31)
FN:173,(anonymous_32)
FN:182,(anonymous_33)
FN:190,(anonymous_34)
FN:195,(anonymous_35)
FN:195,(anonymous_36)
FN:202,(anonymous_37)
FN:214,(anonymous_38)
FN:219,(anonymous_39)
FN:229,(anonymous_40)
FN:229,(anonymous_41)
FN:233,(anonymous_42)
FN:241,(anonymous_43)
FN:241,(anonymous_44)
FN:251,(anonymous_45)
FN:255,(anonymous_46)
FN:260,(anonymous_47)
FN:285,(anonymous_49)
FN:290,(anonymous_50)
FN:294,(anonymous_51)
FN:298,(anonymous_52)
FN:298,(anonymous_53)
FN:317,(anonymous_55)
FN:319,(anonymous_56)
FN:322,(anonymous_57)
FN:336,(anonymous_58)
FN:340,(anonymous_59)
FN:345,(anonymous_60)
FN:345,(anonymous_61)
FN:358,(anonymous_62)
FN:369,(anonymous_63)
FN:369,(anonymous_64)
FN:374,(anonymous_65)
FN:392,(anonymous_66)
FN:398,(anonymous_67)
FN:398,(anonymous_68)
FN:414,(anonymous_69)
FN:424,(anonymous_70)
FN:429,(anonymous_71)
FN:429,(anonymous_72)
FN:437,(anonymous_73)
FN:448,(anonymous_74)
FN:452,(anonymous_75)
FN:456,(anonymous_76)
FN:456,(anonymous_77)
FN:471,(anonymous_78)
FNF:67
FNH:6
FNDA:0,(anonymous_8)
FNDA:0,(anonymous_9)
FNDA:0,(anonymous_10)
FNDA:0,(anonymous_11)
FNDA:0,(anonymous_12)
FNDA:0,(anonymous_13)
FNDA:0,(anonymous_14)
FNDA:0,(anonymous_15)
FNDA:0,(anonymous_16)
FNDA:0,(anonymous_17)
FNDA:10,(anonymous_18)
FNDA:10,(anonymous_19)
FNDA:10,(anonymous_20)
FNDA:0,(anonymous_21)
FNDA:0,(anonymous_22)
FNDA:0,(anonymous_24)
FNDA:0,(anonymous_26)
FNDA:0,(anonymous_27)
FNDA:0,(anonymous_28)
FNDA:0,(anonymous_29)
FNDA:0,(anonymous_30)
FNDA:0,(anonymous_31)
FNDA:0,(anonymous_32)
FNDA:0,(anonymous_33)
FNDA:0,(anonymous_34)
FNDA:0,(anonymous_35)
FNDA:0,(anonymous_36)
FNDA:0,(anonymous_37)
FNDA:0,(anonymous_38)
FNDA:0,(anonymous_39)
FNDA:0,(anonymous_40)
FNDA:0,(anonymous_41)
FNDA:0,(anonymous_42)
FNDA:0,(anonymous_43)
FNDA:0,(anonymous_44)
FNDA:0,(anonymous_45)
FNDA:0,(anonymous_46)
FNDA:0,(anonymous_47)
FNDA:0,(anonymous_49)
FNDA:0,(anonymous_50)
FNDA:0,(anonymous_51)
FNDA:0,(anonymous_52)
FNDA:0,(anonymous_53)
FNDA:0,(anonymous_55)
FNDA:0,(anonymous_56)
FNDA:0,(anonymous_57)
FNDA:0,(anonymous_58)
FNDA:0,(anonymous_59)
FNDA:0,(anonymous_60)
FNDA:0,(anonymous_61)
FNDA:0,(anonymous_62)
FNDA:0,(anonymous_63)
FNDA:0,(anonymous_64)
FNDA:0,(anonymous_65)
FNDA:0,(anonymous_66)
FNDA:0,(anonymous_67)
FNDA:0,(anonymous_68)
FNDA:0,(anonymous_69)
FNDA:0,(anonymous_70)
FNDA:0,(anonymous_71)
FNDA:0,(anonymous_72)
FNDA:0,(anonymous_73)
FNDA:1,(anonymous_74)
FNDA:1,(anonymous_75)
FNDA:0,(anonymous_76)
FNDA:0,(anonymous_77)
FNDA:21,(anonymous_78)
DA:1,1
DA:2,1
DA:3,1
DA:5,1
DA:6,1
DA:7,1
DA:8,1
DA:9,1
DA:11,1
DA:12,1
DA:13,1
DA:14,1
DA:15,1
DA:20,1
DA:51,10
DA:52,10
DA:73,10
DA:74,10
DA:75,10
DA:76,10
DA:77,10
DA:78,10
DA:79,10
DA:80,10
DA:81,10
DA:82,10
DA:83,10
DA:84,10
DA:85,10
DA:86,10
DA:87,10
DA:88,10
DA:89,10
DA:90,10
DA:91,10
DA:92,10
DA:95,10
DA:98,0
DA:110,0
DA:120,0
DA:124,0
DA:131,0
DA:139,10
DA:140,0
DA:141,0
DA:145,10
DA:147,0
DA:148,0
DA:150,0
DA:155,0
DA:158,0
DA:160,0
DA:164,10
DA:166,0
DA:167,0
DA:169,0
DA:174,0
DA:176,0
DA:178,0
DA:182,10
DA:184,0
DA:186,0
DA:190,10
DA:192,0
DA:193,0
DA:195,0
DA:197,0
DA:203,0
DA:206,0
DA:210,0
DA:214,10
DA:215,0
DA:218,0
DA:219,0
DA:222,0
DA:226,0
DA:229,10
DA:230,0
DA:233,10
DA:234,0
DA:235,0
DA:241,0
DA:245,0
DA:249,0
DA:254,0
DA:256,0
DA:260,0
DA:263,0
DA:270,0
DA:278,0
DA:286,0
DA:290,10
DA:291,0
DA:294,10
DA:295,0
DA:298,10
DA:306,0
DA:309,0
DA:317,10
DA:319,0
DA:322,10
DA:323,0
DA:337,0
DA:338,0
DA:341,0
DA:345,10
DA:348,0
DA:349,0
DA:351,0
DA:352,0
DA:353,0
DA:354,0
DA:356,0
DA:359,0
DA:362,0
DA:364,0
DA:369,10
DA:370,0
DA:373,0
DA:381,0
DA:382,0
DA:384,0
DA:385,0
DA:387,0
DA:389,0
DA:393,0
DA:398,10
DA:399,0
DA:402,0
DA:403,0
DA:405,0
DA:415,0
DA:418,0
DA:420,0
DA:424,10
DA:426,0
DA:427,0
DA:429,0
DA:430,0
DA:438,0
DA:441,0
DA:444,0
DA:448,10
DA:449,1
DA:452,10
DA:453,1
DA:456,10
DA:457,0
DA:459,0
DA:460,0
DA:461,0
DA:462,0
DA:463,0
DA:464,0
DA:465,0
DA:467,0
DA:468,0
DA:485,21
DA:486,21
DA:564,1
DA:565,1
LF:161
LH:63
BRDA:101,0,0,0
BRDA:101,0,1,0
BRDA:107,1,0,0
BRDA:107,1,1,0
BRDA:123,2,0,0
BRDA:123,2,1,0
BRDA:238,3,0,0
BRDA:238,3,1,0
BRDA:376,4,0,0
BRDA:376,4,1,0
BRDA:376,4,2,0
BRDA:376,4,3,0
BRDA:489,5,0,2
BRDA:489,5,1,19
BRDA:494,6,0,19
BRDA:494,6,1,13
BRDA:505,7,0,19
BRDA:505,7,1,3
BRDA:518,8,0,19
BRDA:518,8,1,1
BRDA:529,9,0,19
BRDA:529,9,1,1
BRDA:547,10,0,19
BRDA:547,10,1,1
BRF:24
BRH:12
end_of_record
TN:
SF:/Users/radoszszymon/Desktop/projects/emamy/app/components/NotLoggedInScreens/EditProfileInfo/style.tsx
FNF:0
FNH:0
DA:1,1
DA:2,1
DA:44,1
LF:3
LH:3
BRF:0
BRH:0
end_of_record
TN:
SF:/Users/radoszszymon/Desktop/projects/emamy/app/components/Utils/ButtonComponent.tsx
FN:5,(anonymous_1)
FNF:1
FNH:0
FNDA:0,(anonymous_1)
DA:1,2
DA:2,2
DA:3,2
DA:5,2
DA:11,0
DA:25,2
LF:6
LH:5
BRDA:15,0,0,0
BRDA:15,0,1,0
BRF:2
BRH:0
end_of_record
TN:
SF:/Users/radoszszymon/Desktop/projects/emamy/app/components/Utils/ListItem.tsx
FN:5,(anonymous_1)
FNF:1
FNH:0
FNDA:0,(anonymous_1)
DA:1,3
DA:2,3
DA:3,3
DA:5,3
DA:15,0
DA:47,3
LF:6
LH:5
BRDA:21,0,0,0
BRDA:21,0,1,0
BRF:2
BRH:0
end_of_record
TN:
SF:/Users/radoszszymon/Desktop/projects/emamy/app/components/Utils/style.tsx
FNF:0
FNH:0
DA:1,4
DA:2,4
DA:34,4
LF:3
LH:3
BRF:0
BRH:0
end_of_record
TN:
SF:/Users/radoszszymon/Desktop/projects/emamy/testUtils/testUtils.js
FN:1,findByTestAttr
FNF:1
FNH:1
FNDA:46,findByTestAttr
DA:1,7
DA:2,46
DA:3,46
DA:4,7
LF:4
LH:4
BRF:0
BRH:0
end_of_record
